2025-09-30 18:27:51 | INFO | Chart updated successfully for message: {"message": "I just found a movie! It was amazing.", "author": "Bob", "timestamp": "2025-09-30 18:23:28", "category": "entertainment", "sentiment": 0.55, "keyword_mentioned": "movie", "message_length": 37}
2025-09-30 18:27:51 | INFO | Processed JSON message: {'message': 'I just shared recipe! It was boring.', 'author': 'Bob', 'timestamp': '2025-09-30 18:23:33', 'category': 'food', 'sentiment': 0.8, 'keyword_mentioned': 'recipe', 'message_length': 36}
2025-09-30 18:27:51 | INFO | Message received from author: Bob
2025-09-30 18:27:51 | INFO | Updated author counts: {'Alice': 6, 'Eve': 7, 'Bob': 4, 'Charlie': 3}
2025-09-30 18:27:51 | INFO | Chart updated successfully for message: {"message": "I just shared recipe! It was boring.", "author": "Bob", "timestamp": "2025-09-30 18:23:33", "category": "food", "sentiment": 0.8, "keyword_mentioned": "recipe", "message_length": 36}
2025-09-30 18:27:51 | INFO | Processed JSON message: {'message': 'I just shared a trick! It was amazing.', 'author': 'Bob', 'timestamp': '2025-09-30 18:23:38', 'category': 'other', 'sentiment': 0.03, 'keyword_mentioned': 'other', 'message_length': 38}
2025-09-30 18:27:51 | INFO | Message received from author: Bob
2025-09-30 18:27:51 | INFO | Updated author counts: {'Alice': 6, 'Eve': 7, 'Bob': 5, 'Charlie': 3}
2025-09-30 18:27:51 | INFO | Chart updated successfully for message: {"message": "I just shared a trick! It was amazing.", "author": "Bob", "timestamp": "2025-09-30 18:23:38", "category": "other", "sentiment": 0.03, "keyword_mentioned": "other", "message_length": 38}
2025-09-30 18:27:51 | INFO | Processed JSON message: {'message': 'I just found game! It was amazing.', 'author': 'Charlie', 'timestamp': '2025-09-30 18:23:43', 'category': 'gaming', 'sentiment': 0.67, 'keyword_mentioned': 'game', 'message_length': 34}
2025-09-30 18:27:51 | INFO | Message received from author: Charlie
2025-09-30 18:27:51 | INFO | Updated author counts: {'Alice': 6, 'Eve': 7, 'Bob': 5, 'Charlie': 4}
2025-09-30 18:27:52 | INFO | Chart updated successfully for message: {"message": "I just found game! It was amazing.", "author": "Charlie", "timestamp": "2025-09-30 18:23:43", "category": "gaming", "sentiment": 0.67, "keyword_mentioned": "game", "message_length": 34}
2025-09-30 18:27:52 | INFO | Processed JSON message: {'message': 'I just shared an app! It was funny.', 'author': 'Alice', 'timestamp': '2025-09-30 18:23:48', 'category': 'other', 'sentiment': 0.19, 'keyword_mentioned': 'other', 'message_length': 35}
2025-09-30 18:27:52 | INFO | Message received from author: Alice
2025-09-30 18:27:52 | INFO | Updated author counts: {'Alice': 7, 'Eve': 7, 'Bob': 5, 'Charlie': 4}
2025-09-30 18:27:52 | INFO | Chart updated successfully for message: {"message": "I just shared an app! It was funny.", "author": "Alice", "timestamp": "2025-09-30 18:23:48", "category": "other", "sentiment": 0.19, "keyword_mentioned": "other", "message_length": 35}
2025-09-30 18:27:52 | INFO | Processed JSON message: {'message': 'I just found a meme! It was exciting.', 'author': 'Eve', 'timestamp': '2025-09-30 18:23:53', 'category': 'humor', 'sentiment': 0.81, 'keyword_mentioned': 'meme', 'message_length': 37}
2025-09-30 18:27:52 | INFO | Message received from author: Eve
2025-09-30 18:27:52 | INFO | Updated author counts: {'Alice': 7, 'Eve': 8, 'Bob': 5, 'Charlie': 4}
2025-09-30 18:27:52 | INFO | Chart updated successfully for message: {"message": "I just found a meme! It was exciting.", "author": "Eve", "timestamp": "2025-09-30 18:23:53", "category": "humor", "sentiment": 0.81, "keyword_mentioned": "meme", "message_length": 37}
2025-09-30 18:27:52 | INFO | Processed JSON message: {'message': 'I just found JavaScript! It was boring.', 'author': 'Bob', 'timestamp': '2025-09-30 18:23:58', 'category': 'tech', 'sentiment': 0.56, 'keyword_mentioned': 'JavaScript', 'message_length': 39}
2025-09-30 18:27:52 | INFO | Message received from author: Bob
2025-09-30 18:27:52 | INFO | Updated author counts: {'Alice': 7, 'Eve': 8, 'Bob': 6, 'Charlie': 4}
2025-09-30 18:27:52 | INFO | Chart updated successfully for message: {"message": "I just found JavaScript! It was boring.", "author": "Bob", "timestamp": "2025-09-30 18:23:58", "category": "tech", "sentiment": 0.56, "keyword_mentioned": "JavaScript", "message_length": 39}
2025-09-30 18:27:52 | INFO | Processed JSON message: {'message': 'I just loved a trick! It was funny.', 'author': 'Eve', 'timestamp': '2025-09-30 18:24:03', 'category': 'other', 'sentiment': 0.48, 'keyword_mentioned': 'other', 'message_length': 35}
2025-09-30 18:27:52 | INFO | Message received from author: Eve
2025-09-30 18:27:52 | INFO | Updated author counts: {'Alice': 7, 'Eve': 9, 'Bob': 6, 'Charlie': 4}
2025-09-30 18:27:52 | INFO | Chart updated successfully for message: {"message": "I just loved a trick! It was funny.", "author": "Eve", "timestamp": "2025-09-30 18:24:03", "category": "other", "sentiment": 0.48, "keyword_mentioned": "other", "message_length": 35}
2025-09-30 18:27:52 | INFO | Processed JSON message: {'message': 'I just found a trick! It was weird.', 'author': 'Alice', 'timestamp': '2025-09-30 18:24:08', 'category': 'other', 'sentiment': 0.13, 'keyword_mentioned': 'other', 'message_length': 35}
2025-09-30 18:27:52 | INFO | Message received from author: Alice
2025-09-30 18:27:52 | INFO | Updated author counts: {'Alice': 8, 'Eve': 9, 'Bob': 6, 'Charlie': 4}
2025-09-30 18:27:52 | INFO | Chart updated successfully for message: {"message": "I just found a trick! It was weird.", "author": "Alice", "timestamp": "2025-09-30 18:24:08", "category": "other", "sentiment": 0.13, "keyword_mentioned": "other", "message_length": 35}
2025-09-30 18:27:52 | INFO | Processed JSON message: {'message': 'I just tried a movie! It was amazing.', 'author': 'Bob', 'timestamp': '2025-09-30 18:24:13', 'category': 'entertainment', 'sentiment': 0.71, 'keyword_mentioned': 'movie', 'message_length': 37}
2025-09-30 18:27:52 | INFO | Message received from author: Bob
2025-09-30 18:27:52 | INFO | Updated author counts: {'Alice': 8, 'Eve': 9, 'Bob': 7, 'Charlie': 4}
2025-09-30 18:27:53 | INFO | Chart updated successfully for message: {"message": "I just tried a movie! It was amazing.", "author": "Bob", "timestamp": "2025-09-30 18:24:13", "category": "entertainment", "sentiment": 0.71, "keyword_mentioned": "movie", "message_length": 37}
2025-09-30 18:27:53 | INFO | Processed JSON message: {'message': 'I just tried travel! It was exciting.', 'author': 'Eve', 'timestamp': '2025-09-30 18:24:18', 'category': 'travel', 'sentiment': 0.71, 'keyword_mentioned': 'travel', 'message_length': 37}
2025-09-30 18:27:53 | INFO | Message received from author: Eve
2025-09-30 18:27:53 | INFO | Updated author counts: {'Alice': 8, 'Eve': 10, 'Bob': 7, 'Charlie': 4}
2025-09-30 18:27:53 | INFO | Chart updated successfully for message: {"message": "I just tried travel! It was exciting.", "author": "Eve", "timestamp": "2025-09-30 18:24:18", "category": "travel", "sentiment": 0.71, "keyword_mentioned": "travel", "message_length": 37}
2025-09-30 18:27:53 | INFO | Processed JSON message: {'message': 'I just tried game! It was funny.', 'author': 'Bob', 'timestamp': '2025-09-30 18:24:23', 'category': 'gaming', 'sentiment': 0.9, 'keyword_mentioned': 'game', 'message_length': 32}
2025-09-30 18:27:53 | INFO | Message received from author: Bob
2025-09-30 18:27:53 | INFO | Updated author counts: {'Alice': 8, 'Eve': 10, 'Bob': 8, 'Charlie': 4}
2025-09-30 18:27:53 | INFO | Chart updated successfully for message: {"message": "I just tried game! It was funny.", "author": "Bob", "timestamp": "2025-09-30 18:24:23", "category": "gaming", "sentiment": 0.9, "keyword_mentioned": "game", "message_length": 32}
2025-09-30 18:27:53 | INFO | Processed JSON message: {'message': 'I just tried a meme! It was weird.', 'author': 'Bob', 'timestamp': '2025-09-30 18:24:28', 'category': 'humor', 'sentiment': 0.8, 'keyword_mentioned': 'meme', 'message_length': 34}
2025-09-30 18:27:53 | INFO | Message received from author: Bob
2025-09-30 18:27:53 | INFO | Updated author counts: {'Alice': 8, 'Eve': 10, 'Bob': 9, 'Charlie': 4}
2025-09-30 18:27:53 | INFO | Chart updated successfully for message: {"message": "I just tried a meme! It was weird.", "author": "Bob", "timestamp": "2025-09-30 18:24:28", "category": "humor", "sentiment": 0.8, "keyword_mentioned": "meme", "message_length": 34}
2025-09-30 18:27:53 | INFO | Processed JSON message: {'message': 'I just found a meme! It was funny.', 'author': 'Charlie', 'timestamp': '2025-09-30 18:24:33', 'category': 'humor', 'sentiment': 0.44, 'keyword_mentioned': 'meme', 'message_length': 34}
2025-09-30 18:27:53 | INFO | Message received from author: Charlie
2025-09-30 18:27:53 | INFO | Updated author counts: {'Alice': 8, 'Eve': 10, 'Bob': 9, 'Charlie': 5}
2025-09-30 18:27:53 | INFO | Chart updated successfully for message: {"message": "I just found a meme! It was funny.", "author": "Charlie", "timestamp": "2025-09-30 18:24:33", "category": "humor", "sentiment": 0.44, "keyword_mentioned": "meme", "message_length": 34}
2025-09-30 18:27:53 | INFO | Processed JSON message: {'message': 'I just tried JavaScript! It was funny.', 'author': 'Bob', 'timestamp': '2025-09-30 18:24:38', 'category': 'tech', 'sentiment': 0.16, 'keyword_mentioned': 'JavaScript', 'message_length': 38}
2025-09-30 18:27:53 | INFO | Message received from author: Bob
2025-09-30 18:27:53 | INFO | Updated author counts: {'Alice': 8, 'Eve': 10, 'Bob': 10, 'Charlie': 5}
2025-09-30 18:27:53 | INFO | Chart updated successfully for message: {"message": "I just tried JavaScript! It was funny.", "author": "Bob", "timestamp": "2025-09-30 18:24:38", "category": "tech", "sentiment": 0.16, "keyword_mentioned": "JavaScript", "message_length": 38}
2025-09-30 18:27:53 | INFO | Processed JSON message: {'message': 'I just loved recipe! It was amazing.', 'author': 'Eve', 'timestamp': '2025-09-30 18:24:43', 'category': 'food', 'sentiment': 0.31, 'keyword_mentioned': 'recipe', 'message_length': 36}
2025-09-30 18:27:53 | INFO | Message received from author: Eve
2025-09-30 18:27:53 | INFO | Updated author counts: {'Alice': 8, 'Eve': 11, 'Bob': 10, 'Charlie': 5}
2025-09-30 18:27:54 | INFO | Chart updated successfully for message: {"message": "I just loved recipe! It was amazing.", "author": "Eve", "timestamp": "2025-09-30 18:24:43", "category": "food", "sentiment": 0.31, "keyword_mentioned": "recipe", "message_length": 36}
2025-09-30 18:27:54 | INFO | Processed JSON message: {'message': 'I just tried JavaScript! It was weird.', 'author': 'Bob', 'timestamp': '2025-09-30 18:24:48', 'category': 'tech', 'sentiment': 0.95, 'keyword_mentioned': 'JavaScript', 'message_length': 38}
2025-09-30 18:27:54 | INFO | Message received from author: Bob
2025-09-30 18:27:54 | INFO | Updated author counts: {'Alice': 8, 'Eve': 11, 'Bob': 11, 'Charlie': 5}
2025-09-30 18:27:54 | INFO | Chart updated successfully for message: {"message": "I just tried JavaScript! It was weird.", "author": "Bob", "timestamp": "2025-09-30 18:24:48", "category": "tech", "sentiment": 0.95, "keyword_mentioned": "JavaScript", "message_length": 38}
2025-09-30 18:27:54 | INFO | Processed JSON message: {'message': 'I just found game! It was weird.', 'author': 'Eve', 'timestamp': '2025-09-30 18:24:53', 'category': 'gaming', 'sentiment': 0.43, 'keyword_mentioned': 'game', 'message_length': 32}
2025-09-30 18:27:54 | INFO | Message received from author: Eve
2025-09-30 18:27:54 | INFO | Updated author counts: {'Alice': 8, 'Eve': 12, 'Bob': 11, 'Charlie': 5}
2025-09-30 18:27:54 | INFO | Chart updated successfully for message: {"message": "I just found game! It was weird.", "author": "Eve", "timestamp": "2025-09-30 18:24:53", "category": "gaming", "sentiment": 0.43, "keyword_mentioned": "game", "message_length": 32}
2025-09-30 18:27:54 | INFO | Processed JSON message: {'message': 'I just shared recipe! It was amazing.', 'author': 'Alice', 'timestamp': '2025-09-30 18:24:58', 'category': 'food', 'sentiment': 0.4, 'keyword_mentioned': 'recipe', 'message_length': 37}
2025-09-30 18:27:54 | INFO | Message received from author: Alice
2025-09-30 18:27:54 | INFO | Updated author counts: {'Alice': 9, 'Eve': 12, 'Bob': 11, 'Charlie': 5}
2025-09-30 18:27:54 | INFO | Chart updated successfully for message: {"message": "I just shared recipe! It was amazing.", "author": "Alice", "timestamp": "2025-09-30 18:24:58", "category": "food", "sentiment": 0.4, "keyword_mentioned": "recipe", "message_length": 37}
2025-09-30 18:27:54 | INFO | Processed JSON message: {'message': 'I just tried an app! It was amazing.', 'author': 'Eve', 'timestamp': '2025-09-30 18:25:03', 'category': 'other', 'sentiment': 0.1, 'keyword_mentioned': 'other', 'message_length': 36}
2025-09-30 18:27:54 | INFO | Message received from author: Eve
2025-09-30 18:27:54 | INFO | Updated author counts: {'Alice': 9, 'Eve': 13, 'Bob': 11, 'Charlie': 5}
2025-09-30 18:27:54 | INFO | Chart updated successfully for message: {"message": "I just tried an app! It was amazing.", "author": "Eve", "timestamp": "2025-09-30 18:25:03", "category": "other", "sentiment": 0.1, "keyword_mentioned": "other", "message_length": 36}
2025-09-30 18:27:54 | INFO | Processed JSON message: {'message': 'I just shared an app! It was weird.', 'author': 'Bob', 'timestamp': '2025-09-30 18:25:08', 'category': 'other', 'sentiment': 0.97, 'keyword_mentioned': 'other', 'message_length': 35}
2025-09-30 18:27:54 | INFO | Message received from author: Bob
2025-09-30 18:27:54 | INFO | Updated author counts: {'Alice': 9, 'Eve': 13, 'Bob': 12, 'Charlie': 5}
2025-09-30 18:27:54 | INFO | Chart updated successfully for message: {"message": "I just shared an app! It was weird.", "author": "Bob", "timestamp": "2025-09-30 18:25:08", "category": "other", "sentiment": 0.97, "keyword_mentioned": "other", "message_length": 35}
2025-09-30 18:27:54 | INFO | Processed JSON message: {'message': 'I just loved a trick! It was amazing.', 'author': 'Alice', 'timestamp': '2025-09-30 18:25:13', 'category': 'other', 'sentiment': 0.87, 'keyword_mentioned': 'other', 'message_length': 37}
2025-09-30 18:27:54 | INFO | Message received from author: Alice
2025-09-30 18:27:54 | INFO | Updated author counts: {'Alice': 10, 'Eve': 13, 'Bob': 12, 'Charlie': 5}
2025-09-30 18:27:55 | INFO | Chart updated successfully for message: {"message": "I just loved a trick! It was amazing.", "author": "Alice", "timestamp": "2025-09-30 18:25:13", "category": "other", "sentiment": 0.87, "keyword_mentioned": "other", "message_length": 37}
2025-09-30 18:27:55 | INFO | Processed JSON message: {'message': 'I just saw travel! It was amazing.', 'author': 'Bob', 'timestamp': '2025-09-30 18:25:18', 'category': 'travel', 'sentiment': 0.56, 'keyword_mentioned': 'travel', 'message_length': 34}
2025-09-30 18:27:55 | INFO | Message received from author: Bob
2025-09-30 18:27:55 | INFO | Updated author counts: {'Alice': 10, 'Eve': 13, 'Bob': 13, 'Charlie': 5}
2025-09-30 18:27:55 | INFO | Chart updated successfully for message: {"message": "I just saw travel! It was amazing.", "author": "Bob", "timestamp": "2025-09-30 18:25:18", "category": "travel", "sentiment": 0.56, "keyword_mentioned": "travel", "message_length": 34}
2025-09-30 18:27:55 | INFO | Processed JSON message: {'message': 'I just found a trick! It was amazing.', 'author': 'Alice', 'timestamp': '2025-09-30 18:25:23', 'category': 'other', 'sentiment': 0.65, 'keyword_mentioned': 'other', 'message_length': 37}
2025-09-30 18:27:55 | INFO | Message received from author: Alice
2025-09-30 18:27:55 | INFO | Updated author counts: {'Alice': 11, 'Eve': 13, 'Bob': 13, 'Charlie': 5}
2025-09-30 18:27:55 | INFO | Chart updated successfully for message: {"message": "I just found a trick! It was amazing.", "author": "Alice", "timestamp": "2025-09-30 18:25:23", "category": "other", "sentiment": 0.65, "keyword_mentioned": "other", "message_length": 37}
2025-09-30 18:27:55 | INFO | Processed JSON message: {'message': 'I just found a story! It was exciting.', 'author': 'Eve', 'timestamp': '2025-09-30 18:25:28', 'category': 'other', 'sentiment': 0.63, 'keyword_mentioned': 'other', 'message_length': 38}
2025-09-30 18:27:55 | INFO | Message received from author: Eve
2025-09-30 18:27:55 | INFO | Updated author counts: {'Alice': 11, 'Eve': 14, 'Bob': 13, 'Charlie': 5}
2025-09-30 18:27:55 | INFO | Chart updated successfully for message: {"message": "I just found a story! It was exciting.", "author": "Eve", "timestamp": "2025-09-30 18:25:28", "category": "other", "sentiment": 0.63, "keyword_mentioned": "other", "message_length": 38}
2025-09-30 18:27:55 | INFO | Processed JSON message: {'message': 'I just loved JavaScript! It was exciting.', 'author': 'Eve', 'timestamp': '2025-09-30 18:25:33', 'category': 'tech', 'sentiment': 0.89, 'keyword_mentioned': 'JavaScript', 'message_length': 41}
2025-09-30 18:27:55 | INFO | Message received from author: Eve
2025-09-30 18:27:55 | INFO | Updated author counts: {'Alice': 11, 'Eve': 15, 'Bob': 13, 'Charlie': 5}
2025-09-30 18:27:55 | INFO | Chart updated successfully for message: {"message": "I just loved JavaScript! It was exciting.", "author": "Eve", "timestamp": "2025-09-30 18:25:33", "category": "tech", "sentiment": 0.89, "keyword_mentioned": "JavaScript", "message_length": 41}
2025-09-30 18:27:55 | INFO | Processed JSON message: {'message': 'I just found a meme! It was boring.', 'author': 'Eve', 'timestamp': '2025-09-30 18:25:38', 'category': 'humor', 'sentiment': 0.14, 'keyword_mentioned': 'meme', 'message_length': 35}
2025-09-30 18:27:55 | INFO | Message received from author: Eve
2025-09-30 18:27:55 | INFO | Updated author counts: {'Alice': 11, 'Eve': 16, 'Bob': 13, 'Charlie': 5}
2025-09-30 18:27:55 | INFO | Chart updated successfully for message: {"message": "I just found a meme! It was boring.", "author": "Eve", "timestamp": "2025-09-30 18:25:38", "category": "humor", "sentiment": 0.14, "keyword_mentioned": "meme", "message_length": 35}
2025-09-30 18:27:55 | INFO | Processed JSON message: {'message': 'I just loved game! It was exciting.', 'author': 'Eve', 'timestamp': '2025-09-30 18:25:43', 'category': 'gaming', 'sentiment': 0.38, 'keyword_mentioned': 'game', 'message_length': 35}
2025-09-30 18:27:55 | INFO | Message received from author: Eve
2025-09-30 18:27:55 | INFO | Updated author counts: {'Alice': 11, 'Eve': 17, 'Bob': 13, 'Charlie': 5}
2025-09-30 18:27:56 | INFO | Chart updated successfully for message: {"message": "I just loved game! It was exciting.", "author": "Eve", "timestamp": "2025-09-30 18:25:43", "category": "gaming", "sentiment": 0.38, "keyword_mentioned": "game", "message_length": 35}
2025-09-30 18:27:56 | INFO | Processed JSON message: {'message': 'I just found a meme! It was boring.', 'author': 'Charlie', 'timestamp': '2025-09-30 18:25:48', 'category': 'humor', 'sentiment': 0.08, 'keyword_mentioned': 'meme', 'message_length': 35}
2025-09-30 18:27:56 | INFO | Message received from author: Charlie
2025-09-30 18:27:56 | INFO | Updated author counts: {'Alice': 11, 'Eve': 17, 'Bob': 13, 'Charlie': 6}
2025-09-30 18:27:56 | INFO | Chart updated successfully for message: {"message": "I just found a meme! It was boring.", "author": "Charlie", "timestamp": "2025-09-30 18:25:48", "category": "humor", "sentiment": 0.08, "keyword_mentioned": "meme", "message_length": 35}
2025-09-30 18:27:56 | INFO | Processed JSON message: {'message': 'I just found recipe! It was amazing.', 'author': 'Bob', 'timestamp': '2025-09-30 18:25:53', 'category': 'food', 'sentiment': 0.08, 'keyword_mentioned': 'recipe', 'message_length': 36}
2025-09-30 18:27:56 | INFO | Message received from author: Bob
2025-09-30 18:27:56 | INFO | Updated author counts: {'Alice': 11, 'Eve': 17, 'Bob': 14, 'Charlie': 6}
2025-09-30 18:27:56 | INFO | Chart updated successfully for message: {"message": "I just found recipe! It was amazing.", "author": "Bob", "timestamp": "2025-09-30 18:25:53", "category": "food", "sentiment": 0.08, "keyword_mentioned": "recipe", "message_length": 36}
2025-09-30 18:27:56 | INFO | Processed JSON message: {'message': 'I just shared game! It was amazing.', 'author': 'Eve', 'timestamp': '2025-09-30 18:25:58', 'category': 'gaming', 'sentiment': 0.6, 'keyword_mentioned': 'game', 'message_length': 35}
2025-09-30 18:27:56 | INFO | Message received from author: Eve
2025-09-30 18:27:56 | INFO | Updated author counts: {'Alice': 11, 'Eve': 18, 'Bob': 14, 'Charlie': 6}
2025-09-30 18:27:56 | INFO | Chart updated successfully for message: {"message": "I just shared game! It was amazing.", "author": "Eve", "timestamp": "2025-09-30 18:25:58", "category": "gaming", "sentiment": 0.6, "keyword_mentioned": "game", "message_length": 35}
2025-09-30 18:27:56 | INFO | Processed JSON message: {'message': 'I just loved an app! It was exciting.', 'author': 'Alice', 'timestamp': '2025-09-30 18:26:03', 'category': 'other', 'sentiment': 0.05, 'keyword_mentioned': 'other', 'message_length': 37}
2025-09-30 18:27:56 | INFO | Message received from author: Alice
2025-09-30 18:27:56 | INFO | Updated author counts: {'Alice': 12, 'Eve': 18, 'Bob': 14, 'Charlie': 6}
2025-09-30 18:27:56 | INFO | Chart updated successfully for message: {"message": "I just loved an app! It was exciting.", "author": "Alice", "timestamp": "2025-09-30 18:26:03", "category": "other", "sentiment": 0.05, "keyword_mentioned": "other", "message_length": 37}
2025-09-30 18:27:56 | INFO | Processed JSON message: {'message': 'I just shared Python! It was exciting.', 'author': 'Eve', 'timestamp': '2025-09-30 18:26:08', 'category': 'tech', 'sentiment': 0.65, 'keyword_mentioned': 'Python', 'message_length': 38}
2025-09-30 18:27:56 | INFO | Message received from author: Eve
2025-09-30 18:27:56 | INFO | Updated author counts: {'Alice': 12, 'Eve': 19, 'Bob': 14, 'Charlie': 6}
2025-09-30 18:27:56 | INFO | Chart updated successfully for message: {"message": "I just shared Python! It was exciting.", "author": "Eve", "timestamp": "2025-09-30 18:26:08", "category": "tech", "sentiment": 0.65, "keyword_mentioned": "Python", "message_length": 38}
2025-09-30 18:27:56 | INFO | Processed JSON message: {'message': 'I just found a movie! It was boring.', 'author': 'Alice', 'timestamp': '2025-09-30 18:26:13', 'category': 'entertainment', 'sentiment': 0.64, 'keyword_mentioned': 'movie', 'message_length': 36}
2025-09-30 18:27:56 | INFO | Message received from author: Alice
2025-09-30 18:27:56 | INFO | Updated author counts: {'Alice': 13, 'Eve': 19, 'Bob': 14, 'Charlie': 6}
2025-09-30 18:27:57 | INFO | Chart updated successfully for message: {"message": "I just found a movie! It was boring.", "author": "Alice", "timestamp": "2025-09-30 18:26:13", "category": "entertainment", "sentiment": 0.64, "keyword_mentioned": "movie", "message_length": 36}
2025-09-30 18:27:57 | INFO | Processed JSON message: {'message': 'I just saw an app! It was boring.', 'author': 'Eve', 'timestamp': '2025-09-30 18:26:18', 'category': 'other', 'sentiment': 0.34, 'keyword_mentioned': 'other', 'message_length': 33}
2025-09-30 18:27:57 | INFO | Message received from author: Eve
2025-09-30 18:27:57 | INFO | Updated author counts: {'Alice': 13, 'Eve': 20, 'Bob': 14, 'Charlie': 6}
2025-09-30 18:27:57 | INFO | Chart updated successfully for message: {"message": "I just saw an app! It was boring.", "author": "Eve", "timestamp": "2025-09-30 18:26:18", "category": "other", "sentiment": 0.34, "keyword_mentioned": "other", "message_length": 33}
2025-09-30 18:27:57 | INFO | Processed JSON message: {'message': 'I just found Python! It was funny.', 'author': 'Bob', 'timestamp': '2025-09-30 18:26:23', 'category': 'tech', 'sentiment': 0.95, 'keyword_mentioned': 'Python', 'message_length': 34}
2025-09-30 18:27:57 | INFO | Message received from author: Bob
2025-09-30 18:27:57 | INFO | Updated author counts: {'Alice': 13, 'Eve': 20, 'Bob': 15, 'Charlie': 6}
2025-09-30 18:27:57 | INFO | Chart updated successfully for message: {"message": "I just found Python! It was funny.", "author": "Bob", "timestamp": "2025-09-30 18:26:23", "category": "tech", "sentiment": 0.95, "keyword_mentioned": "Python", "message_length": 34}
2025-09-30 18:27:57 | INFO | Processed JSON message: {'message': 'I just saw an app! It was boring.', 'author': 'Eve', 'timestamp': '2025-09-30 18:26:28', 'category': 'other', 'sentiment': 0.95, 'keyword_mentioned': 'other', 'message_length': 33}
2025-09-30 18:27:57 | INFO | Message received from author: Eve
2025-09-30 18:27:57 | INFO | Updated author counts: {'Alice': 13, 'Eve': 21, 'Bob': 15, 'Charlie': 6}
2025-09-30 18:27:57 | INFO | Chart updated successfully for message: {"message": "I just saw an app! It was boring.", "author": "Eve", "timestamp": "2025-09-30 18:26:28", "category": "other", "sentiment": 0.95, "keyword_mentioned": "other", "message_length": 33}
2025-09-30 18:27:57 | INFO | Processed JSON message: {'message': 'I just tried recipe! It was weird.', 'author': 'Eve', 'timestamp': '2025-09-30 18:26:33', 'category': 'food', 'sentiment': 0.54, 'keyword_mentioned': 'recipe', 'message_length': 34}
2025-09-30 18:27:57 | INFO | Message received from author: Eve
2025-09-30 18:27:57 | INFO | Updated author counts: {'Alice': 13, 'Eve': 22, 'Bob': 15, 'Charlie': 6}
2025-09-30 18:27:57 | INFO | Chart updated successfully for message: {"message": "I just tried recipe! It was weird.", "author": "Eve", "timestamp": "2025-09-30 18:26:33", "category": "food", "sentiment": 0.54, "keyword_mentioned": "recipe", "message_length": 34}
2025-09-30 18:27:57 | INFO | Processed JSON message: {'message': 'I just found recipe! It was weird.', 'author': 'Alice', 'timestamp': '2025-09-30 18:26:38', 'category': 'food', 'sentiment': 0.67, 'keyword_mentioned': 'recipe', 'message_length': 34}
2025-09-30 18:27:57 | INFO | Message received from author: Alice
2025-09-30 18:27:57 | INFO | Updated author counts: {'Alice': 14, 'Eve': 22, 'Bob': 15, 'Charlie': 6}
2025-09-30 18:27:57 | INFO | Chart updated successfully for message: {"message": "I just found recipe! It was weird.", "author": "Alice", "timestamp": "2025-09-30 18:26:38", "category": "food", "sentiment": 0.67, "keyword_mentioned": "recipe", "message_length": 34}
2025-09-30 18:27:57 | INFO | Processed JSON message: {'message': 'I just tried a meme! It was boring.', 'author': 'Eve', 'timestamp': '2025-09-30 18:26:43', 'category': 'humor', 'sentiment': 0.68, 'keyword_mentioned': 'meme', 'message_length': 35}
2025-09-30 18:27:57 | INFO | Message received from author: Eve
2025-09-30 18:27:57 | INFO | Updated author counts: {'Alice': 14, 'Eve': 23, 'Bob': 15, 'Charlie': 6}
2025-09-30 18:27:58 | INFO | Chart updated successfully for message: {"message": "I just tried a meme! It was boring.", "author": "Eve", "timestamp": "2025-09-30 18:26:43", "category": "humor", "sentiment": 0.68, "keyword_mentioned": "meme", "message_length": 35}
2025-09-30 18:27:58 | INFO | Processed JSON message: {'message': 'I just tried Python! It was weird.', 'author': 'Alice', 'timestamp': '2025-09-30 18:26:48', 'category': 'tech', 'sentiment': 0.13, 'keyword_mentioned': 'Python', 'message_length': 34}
2025-09-30 18:27:58 | INFO | Message received from author: Alice
2025-09-30 18:27:58 | INFO | Updated author counts: {'Alice': 15, 'Eve': 23, 'Bob': 15, 'Charlie': 6}
2025-09-30 18:27:58 | INFO | Chart updated successfully for message: {"message": "I just tried Python! It was weird.", "author": "Alice", "timestamp": "2025-09-30 18:26:48", "category": "tech", "sentiment": 0.13, "keyword_mentioned": "Python", "message_length": 34}
2025-09-30 18:27:58 | INFO | Processed JSON message: {'message': 'I just loved game! It was funny.', 'author': 'Alice', 'timestamp': '2025-09-30 18:26:53', 'category': 'gaming', 'sentiment': 0.95, 'keyword_mentioned': 'game', 'message_length': 32}
2025-09-30 18:27:58 | INFO | Message received from author: Alice
2025-09-30 18:27:58 | INFO | Updated author counts: {'Alice': 16, 'Eve': 23, 'Bob': 15, 'Charlie': 6}
2025-09-30 18:27:58 | INFO | Chart updated successfully for message: {"message": "I just loved game! It was funny.", "author": "Alice", "timestamp": "2025-09-30 18:26:53", "category": "gaming", "sentiment": 0.95, "keyword_mentioned": "game", "message_length": 32}
2025-09-30 18:27:58 | INFO | Processed JSON message: {'message': 'I just loved a trick! It was exciting.', 'author': 'Alice', 'timestamp': '2025-09-30 18:26:58', 'category': 'other', 'sentiment': 0.87, 'keyword_mentioned': 'other', 'message_length': 38}
2025-09-30 18:27:58 | INFO | Message received from author: Alice
2025-09-30 18:27:58 | INFO | Updated author counts: {'Alice': 17, 'Eve': 23, 'Bob': 15, 'Charlie': 6}
2025-09-30 18:27:58 | INFO | Chart updated successfully for message: {"message": "I just loved a trick! It was exciting.", "author": "Alice", "timestamp": "2025-09-30 18:26:58", "category": "other", "sentiment": 0.87, "keyword_mentioned": "other", "message_length": 38}
2025-09-30 18:27:58 | INFO | Processed JSON message: {'message': 'I just saw game! It was weird.', 'author': 'Eve', 'timestamp': '2025-09-30 18:27:03', 'category': 'gaming', 'sentiment': 0.77, 'keyword_mentioned': 'game', 'message_length': 30}
2025-09-30 18:27:58 | INFO | Message received from author: Eve
2025-09-30 18:27:58 | INFO | Updated author counts: {'Alice': 17, 'Eve': 24, 'Bob': 15, 'Charlie': 6}
2025-09-30 18:27:58 | INFO | Chart updated successfully for message: {"message": "I just saw game! It was weird.", "author": "Eve", "timestamp": "2025-09-30 18:27:03", "category": "gaming", "sentiment": 0.77, "keyword_mentioned": "game", "message_length": 30}
2025-09-30 18:27:58 | INFO | Processed JSON message: {'message': 'I just loved Python! It was exciting.', 'author': 'Alice', 'timestamp': '2025-09-30 18:27:08', 'category': 'tech', 'sentiment': 0.27, 'keyword_mentioned': 'Python', 'message_length': 37}
2025-09-30 18:27:58 | INFO | Message received from author: Alice
2025-09-30 18:27:58 | INFO | Updated author counts: {'Alice': 18, 'Eve': 24, 'Bob': 15, 'Charlie': 6}
2025-09-30 18:27:58 | INFO | Chart updated successfully for message: {"message": "I just loved Python! It was exciting.", "author": "Alice", "timestamp": "2025-09-30 18:27:08", "category": "tech", "sentiment": 0.27, "keyword_mentioned": "Python", "message_length": 37}
2025-09-30 18:27:58 | INFO | Processed JSON message: {'message': 'I just found travel! It was exciting.', 'author': 'Alice', 'timestamp': '2025-09-30 18:27:13', 'category': 'travel', 'sentiment': 0.1, 'keyword_mentioned': 'travel', 'message_length': 37}
2025-09-30 18:27:58 | INFO | Message received from author: Alice
2025-09-30 18:27:58 | INFO | Updated author counts: {'Alice': 19, 'Eve': 24, 'Bob': 15, 'Charlie': 6}
2025-09-30 18:27:58 | INFO | Chart updated successfully for message: {"message": "I just found travel! It was exciting.", "author": "Alice", "timestamp": "2025-09-30 18:27:13", "category": "travel", "sentiment": 0.1, "keyword_mentioned": "travel", "message_length": 37}
2025-09-30 18:27:58 | INFO | Processed JSON message: {'message': 'I just found a story! It was boring.', 'author': 'Eve', 'timestamp': '2025-09-30 18:27:18', 'category': 'other', 'sentiment': 0.52, 'keyword_mentioned': 'other', 'message_length': 36}
2025-09-30 18:27:58 | INFO | Message received from author: Eve
2025-09-30 18:27:58 | INFO | Updated author counts: {'Alice': 19, 'Eve': 25, 'Bob': 15, 'Charlie': 6}
2025-09-30 18:27:59 | INFO | Chart updated successfully for message: {"message": "I just found a story! It was boring.", "author": "Eve", "timestamp": "2025-09-30 18:27:18", "category": "other", "sentiment": 0.52, "keyword_mentioned": "other", "message_length": 36}
2025-09-30 18:27:59 | INFO | Processed JSON message: {'message': 'I just loved game! It was boring.', 'author': 'Charlie', 'timestamp': '2025-09-30 18:27:23', 'category': 'gaming', 'sentiment': 0.83, 'keyword_mentioned': 'game', 'message_length': 33}
2025-09-30 18:27:59 | INFO | Message received from author: Charlie
2025-09-30 18:27:59 | INFO | Updated author counts: {'Alice': 19, 'Eve': 25, 'Bob': 15, 'Charlie': 7}
2025-09-30 18:27:59 | INFO | Chart updated successfully for message: {"message": "I just loved game! It was boring.", "author": "Charlie", "timestamp": "2025-09-30 18:27:23", "category": "gaming", "sentiment": 0.83, "keyword_mentioned": "game", "message_length": 33}
2025-09-30 18:27:59 | INFO | Processed JSON message: {'message': 'I just shared a meme! It was amazing.', 'author': 'Bob', 'timestamp': '2025-09-30 18:27:28', 'category': 'humor', 'sentiment': 0.01, 'keyword_mentioned': 'meme', 'message_length': 37}
2025-09-30 18:27:59 | INFO | Message received from author: Bob
2025-09-30 18:27:59 | INFO | Updated author counts: {'Alice': 19, 'Eve': 25, 'Bob': 16, 'Charlie': 7}
2025-09-30 18:27:59 | INFO | Chart updated successfully for message: {"message": "I just shared a meme! It was amazing.", "author": "Bob", "timestamp": "2025-09-30 18:27:28", "category": "humor", "sentiment": 0.01, "keyword_mentioned": "meme", "message_length": 37}
2025-09-30 18:27:59 | INFO | Processed JSON message: {'message': 'I just loved a trick! It was weird.', 'author': 'Bob', 'timestamp': '2025-09-30 18:27:33', 'category': 'other', 'sentiment': 0.35, 'keyword_mentioned': 'other', 'message_length': 35}
2025-09-30 18:27:59 | INFO | Message received from author: Bob
2025-09-30 18:27:59 | INFO | Updated author counts: {'Alice': 19, 'Eve': 25, 'Bob': 17, 'Charlie': 7}
2025-09-30 18:27:59 | INFO | Chart updated successfully for message: {"message": "I just loved a trick! It was weird.", "author": "Bob", "timestamp": "2025-09-30 18:27:33", "category": "other", "sentiment": 0.35, "keyword_mentioned": "other", "message_length": 35}
2025-09-30 18:27:59 | INFO | Processed JSON message: {'message': 'I just shared a trick! It was weird.', 'author': 'Eve', 'timestamp': '2025-09-30 18:27:38', 'category': 'other', 'sentiment': 0.16, 'keyword_mentioned': 'other', 'message_length': 36}
2025-09-30 18:27:59 | INFO | Message received from author: Eve
2025-09-30 18:27:59 | INFO | Updated author counts: {'Alice': 19, 'Eve': 26, 'Bob': 17, 'Charlie': 7}
2025-09-30 18:27:59 | INFO | Chart updated successfully for message: {"message": "I just shared a trick! It was weird.", "author": "Eve", "timestamp": "2025-09-30 18:27:38", "category": "other", "sentiment": 0.16, "keyword_mentioned": "other", "message_length": 36}
2025-09-30 18:27:59 | INFO | Processed JSON message: {'message': 'I just shared game! It was boring.', 'author': 'Eve', 'timestamp': '2025-09-30 18:27:43', 'category': 'gaming', 'sentiment': 0.26, 'keyword_mentioned': 'game', 'message_length': 34}
2025-09-30 18:27:59 | INFO | Message received from author: Eve
2025-09-30 18:27:59 | INFO | Updated author counts: {'Alice': 19, 'Eve': 27, 'Bob': 17, 'Charlie': 7}
2025-09-30 18:27:59 | INFO | Chart updated successfully for message: {"message": "I just shared game! It was boring.", "author": "Eve", "timestamp": "2025-09-30 18:27:43", "category": "gaming", "sentiment": 0.26, "keyword_mentioned": "game", "message_length": 34}
2025-09-30 18:27:59 | INFO | Processed JSON message: {'message': 'I just loved recipe! It was amazing.', 'author': 'Eve', 'timestamp': '2025-09-30 18:27:48', 'category': 'food', 'sentiment': 0.81, 'keyword_mentioned': 'recipe', 'message_length': 36}
2025-09-30 18:27:59 | INFO | Message received from author: Eve
2025-09-30 18:27:59 | INFO | Updated author counts: {'Alice': 19, 'Eve': 28, 'Bob': 17, 'Charlie': 7}
2025-09-30 18:28:00 | INFO | Chart updated successfully for message: {"message": "I just loved recipe! It was amazing.", "author": "Eve", "timestamp": "2025-09-30 18:27:48", "category": "food", "sentiment": 0.81, "keyword_mentioned": "recipe", "message_length": 36}
2025-09-30 18:28:00 | INFO | Processed JSON message: {'message': 'I just loved a meme! It was exciting.', 'author': 'Alice', 'timestamp': '2025-09-30 18:27:53', 'category': 'humor', 'sentiment': 0.13, 'keyword_mentioned': 'meme', 'message_length': 37}
2025-09-30 18:28:00 | INFO | Message received from author: Alice
2025-09-30 18:28:00 | INFO | Updated author counts: {'Alice': 20, 'Eve': 28, 'Bob': 17, 'Charlie': 7}
2025-09-30 18:28:00 | INFO | Chart updated successfully for message: {"message": "I just loved a meme! It was exciting.", "author": "Alice", "timestamp": "2025-09-30 18:27:53", "category": "humor", "sentiment": 0.13, "keyword_mentioned": "meme", "message_length": 37}
2025-09-30 18:28:00 | INFO | Processed JSON message: {'message': 'I just tried recipe! It was exciting.', 'author': 'Alice', 'timestamp': '2025-09-30 18:27:59', 'category': 'food', 'sentiment': 0.55, 'keyword_mentioned': 'recipe', 'message_length': 37}
2025-09-30 18:28:00 | INFO | Message received from author: Alice
2025-09-30 18:28:00 | INFO | Updated author counts: {'Alice': 21, 'Eve': 28, 'Bob': 17, 'Charlie': 7}
2025-09-30 18:28:00 | INFO | Chart updated successfully for message: {"message": "I just tried recipe! It was exciting.", "author": "Alice", "timestamp": "2025-09-30 18:27:59", "category": "food", "sentiment": 0.55, "keyword_mentioned": "recipe", "message_length": 37}
2025-09-30 18:28:04 | INFO | Processed JSON message: {'message': 'I just found game! It was exciting.', 'author': 'Eve', 'timestamp': '2025-09-30 18:28:04', 'category': 'gaming', 'sentiment': 0.13, 'keyword_mentioned': 'game', 'message_length': 35}
2025-09-30 18:28:04 | INFO | Message received from author: Eve
2025-09-30 18:28:04 | INFO | Updated author counts: {'Alice': 21, 'Eve': 29, 'Bob': 17, 'Charlie': 7}
2025-09-30 18:28:04 | INFO | Chart updated successfully for message: {"message": "I just found game! It was exciting.", "author": "Eve", "timestamp": "2025-09-30 18:28:04", "category": "gaming", "sentiment": 0.13, "keyword_mentioned": "game", "message_length": 35}
2025-09-30 18:28:08 | WARNING | Consumer interrupted by user.
2025-09-30 18:28:08 | INFO | Kafka consumer for topic 'project_json' closed.
2025-09-30 18:28:08 | INFO | END consumer for topic 'project_json' and group 'buzz_group'.
