2025-10-02 00:13:14 | INFO | {'id': 'ci41101663', 'place': '6 km SW of El Centro, CA', 'mag': 1.14, 'time': '2025-10-02 05:10:14', 'url': 'https://earthquake.usgs.gov/earthquakes/eventpage/ci41101663', 'coordinates': [-115.6050034, 32.7565002, 9.53]}
2025-10-02 00:13:14 | INFO | Sent message to Kafka topic 'project_json': {'id': 'ci41101663', 'place': '6 km SW of El Centro, CA', 'mag': 1.14, 'time': '2025-10-02 05:10:14', 'url': 'https://earthquake.usgs.gov/earthquakes/eventpage/ci41101663', 'coordinates': [-115.6050034, 32.7565002, 9.53]}
2025-10-02 00:19:11 | INFO | {'id': 'ak025cmvvajw', 'place': '57 km W of Karluk, Alaska', 'mag': 1.8, 'time': '2025-10-02 05:17:20', 'url': 'https://earthquake.usgs.gov/earthquakes/eventpage/ak025cmvvajw', 'coordinates': [-155.3966, 57.6516, 19.9]}
2025-10-02 00:19:11 | INFO | Sent message to Kafka topic 'project_json': {'id': 'ak025cmvvajw', 'place': '57 km W of Karluk, Alaska', 'mag': 1.8, 'time': '2025-10-02 05:17:20', 'url': 'https://earthquake.usgs.gov/earthquakes/eventpage/ak025cmvvajw', 'coordinates': [-155.3966, 57.6516, 19.9]}
2025-10-02 00:25:12 | INFO | {'id': 'nc75243776', 'place': '9 km WNW of Cobb, CA', 'mag': 1.83, 'time': '2025-10-02 05:23:23', 'url': 'https://earthquake.usgs.gov/earthquakes/eventpage/nc75243776', 'coordinates': [-122.824333190918, 38.8426666259766, 0.400000005960464]}
2025-10-02 00:25:12 | INFO | Sent message to Kafka topic 'project_json': {'id': 'nc75243776', 'place': '9 km WNW of Cobb, CA', 'mag': 1.83, 'time': '2025-10-02 05:23:23', 'url': 'https://earthquake.usgs.gov/earthquakes/eventpage/nc75243776', 'coordinates': [-122.824333190918, 38.8426666259766, 0.400000005960464]}
2025-10-02 00:29:10 | INFO | {'id': 'nc75243781', 'place': '4 km NNE of Pinnacles, CA', 'mag': 1.08, 'time': '2025-10-02 05:27:27', 'url': 'https://earthquake.usgs.gov/earthquakes/eventpage/nc75243781', 'coordinates': [-121.130332946777, 36.5685005187988, 5.80000019073486]}
2025-10-02 00:29:10 | INFO | Sent message to Kafka topic 'project_json': {'id': 'nc75243781', 'place': '4 km NNE of Pinnacles, CA', 'mag': 1.08, 'time': '2025-10-02 05:27:27', 'url': 'https://earthquake.usgs.gov/earthquakes/eventpage/nc75243781', 'coordinates': [-121.130332946777, 36.5685005187988, 5.80000019073486]}
2025-10-02 00:38:13 | INFO | {'id': 'ci41101679', 'place': '9 km SW of Corona, CA', 'mag': 1.4, 'time': '2025-10-02 05:34:51', 'url': 'https://earthquake.usgs.gov/earthquakes/eventpage/ci41101679', 'coordinates': [-117.6330032, 33.8105011, 4.33]}
2025-10-02 00:38:13 | INFO | Sent message to Kafka topic 'project_json': {'id': 'ci41101679', 'place': '9 km SW of Corona, CA', 'mag': 1.4, 'time': '2025-10-02 05:34:51', 'url': 'https://earthquake.usgs.gov/earthquakes/eventpage/ci41101679', 'coordinates': [-117.6330032, 33.8105011, 4.33]}
2025-10-02 00:40:12 | INFO | {'id': 'ci41101671', 'place': '9 km SW of Corona, CA', 'mag': 1.51, 'time': '2025-10-02 05:34:51', 'url': 'https://earthquake.usgs.gov/earthquakes/eventpage/ci41101671', 'coordinates': [-117.6331667, 33.8078333, 4.89]}
2025-10-02 00:40:12 | INFO | Sent message to Kafka topic 'project_json': {'id': 'ci41101671', 'place': '9 km SW of Corona, CA', 'mag': 1.51, 'time': '2025-10-02 05:34:51', 'url': 'https://earthquake.usgs.gov/earthquakes/eventpage/ci41101671', 'coordinates': [-117.6331667, 33.8078333, 4.89]}
2025-10-02 01:00:11 | INFO | {'id': 'ak025cmw41p0', 'place': '2 km S of Fox, Alaska', 'mag': 1, 'time': '2025-10-02 05:58:04', 'url': 'https://earthquake.usgs.gov/earthquakes/eventpage/ak025cmw41p0', 'coordinates': [-147.6103, 64.9324, 7.3]}
2025-10-02 01:00:11 | INFO | Sent message to Kafka topic 'project_json': {'id': 'ak025cmw41p0', 'place': '2 km S of Fox, Alaska', 'mag': 1, 'time': '2025-10-02 05:58:04', 'url': 'https://earthquake.usgs.gov/earthquakes/eventpage/ak025cmw41p0', 'coordinates': [-147.6103, 64.9324, 7.3]}
2025-10-02 01:00:11 | INFO | {'id': 'ak025cmw3q1c', 'place': '43 km NNW of Glacier View, Alaska', 'mag': 1.9, 'time': '2025-10-02 05:56:53', 'url': 'https://earthquake.usgs.gov/earthquakes/eventpage/ak025cmw3q1c', 'coordinates': [-148.0683, 62.1464, 27.1]}
2025-10-02 01:00:11 | INFO | Sent message to Kafka topic 'project_json': {'id': 'ak025cmw3q1c', 'place': '43 km NNW of Glacier View, Alaska', 'mag': 1.9, 'time': '2025-10-02 05:56:53', 'url': 'https://earthquake.usgs.gov/earthquakes/eventpage/ak025cmw3q1c', 'coordinates': [-148.0683, 62.1464, 27.1]}
2025-10-02 01:25:10 | INFO | {'id': 'ak025cmwi0b7', 'place': '59 km WNW of Happy Valley, Alaska', 'mag': 2.3, 'time': '2025-10-02 06:23:18', 'url': 'https://earthquake.usgs.gov/earthquakes/eventpage/ak025cmwi0b7', 'coordinates': [-152.7604, 60.074, 116.5]}
2025-10-02 01:25:10 | INFO | Sent message to Kafka topic 'project_json': {'id': 'ak025cmwi0b7', 'place': '59 km WNW of Happy Valley, Alaska', 'mag': 2.3, 'time': '2025-10-02 06:23:18', 'url': 'https://earthquake.usgs.gov/earthquakes/eventpage/ak025cmwi0b7', 'coordinates': [-152.7604, 60.074, 116.5]}
2025-10-02 01:34:12 | INFO | {'id': 'nc75243786', 'place': '24 km E of Willow Creek, CA', 'mag': 2.77, 'time': '2025-10-02 06:32:12', 'url': 'https://earthquake.usgs.gov/earthquakes/eventpage/nc75243786', 'coordinates': [-123.342666625977, 40.9601669311523, 29.4300003051758]}
2025-10-02 01:34:12 | INFO | Sent message to Kafka topic 'project_json': {'id': 'nc75243786', 'place': '24 km E of Willow Creek, CA', 'mag': 2.77, 'time': '2025-10-02 06:32:12', 'url': 'https://earthquake.usgs.gov/earthquakes/eventpage/nc75243786', 'coordinates': [-123.342666625977, 40.9601669311523, 29.4300003051758]}
2025-10-02 01:53:14 | INFO | {'id': 'ci41101687', 'place': '8 km NW of Big Bear Lake, CA', 'mag': 1.07, 'time': '2025-10-02 06:50:31', 'url': 'https://earthquake.usgs.gov/earthquakes/eventpage/ci41101687', 'coordinates': [-116.9848328, 34.2859993, 6.49]}
2025-10-02 01:53:14 | INFO | Sent message to Kafka topic 'project_json': {'id': 'ci41101687', 'place': '8 km NW of Big Bear Lake, CA', 'mag': 1.07, 'time': '2025-10-02 06:50:31', 'url': 'https://earthquake.usgs.gov/earthquakes/eventpage/ci41101687', 'coordinates': [-116.9848328, 34.2859993, 6.49]}
2025-10-02 01:55:13 | INFO | {'id': 'ak025cmwo7ks', 'place': '47 km NNE of Petersville, Alaska', 'mag': 1.5, 'time': '2025-10-02 06:52:11', 'url': 'https://earthquake.usgs.gov/earthquakes/eventpage/ak025cmwo7ks', 'coordinates': [-150.5551, 62.9155, 5.8]}
2025-10-02 01:55:13 | INFO | Sent message to Kafka topic 'project_json': {'id': 'ak025cmwo7ks', 'place': '47 km NNE of Petersville, Alaska', 'mag': 1.5, 'time': '2025-10-02 06:52:11', 'url': 'https://earthquake.usgs.gov/earthquakes/eventpage/ak025cmwo7ks', 'coordinates': [-150.5551, 62.9155, 5.8]}
2025-10-02 02:02:12 | INFO | {'id': 'ak025cmwyh9b', 'place': '10 km ESE of Eagle River, Alaska', 'mag': 1.5, 'time': '2025-10-02 07:00:02', 'url': 'https://earthquake.usgs.gov/earthquakes/eventpage/ak025cmwyh9b', 'coordinates': [-149.3803, 61.2814, 37.6]}
2025-10-02 02:02:12 | INFO | Sent message to Kafka topic 'project_json': {'id': 'ak025cmwyh9b', 'place': '10 km ESE of Eagle River, Alaska', 'mag': 1.5, 'time': '2025-10-02 07:00:02', 'url': 'https://earthquake.usgs.gov/earthquakes/eventpage/ak025cmwyh9b', 'coordinates': [-149.3803, 61.2814, 37.6]}
2025-10-02 02:06:10 | INFO | {'id': 'pr71496843', 'place': '2 km SSW of Indios, Puerto Rico', 'mag': 2.44, 'time': '2025-10-02 06:48:57', 'url': 'https://earthquake.usgs.gov/earthquakes/eventpage/pr71496843', 'coordinates': [-66.8306666666667, 17.9751666666667, 14.17]}
2025-10-02 02:06:10 | INFO | Sent message to Kafka topic 'project_json': {'id': 'pr71496843', 'place': '2 km SSW of Indios, Puerto Rico', 'mag': 2.44, 'time': '2025-10-02 06:48:57', 'url': 'https://earthquake.usgs.gov/earthquakes/eventpage/pr71496843', 'coordinates': [-66.8306666666667, 17.9751666666667, 14.17]}
2025-10-02 02:14:11 | INFO | {'id': 'ak025cmx0uor', 'place': '61 km SE of Denali National Park, Alaska', 'mag': 2.8, 'time': '2025-10-02 07:11:10', 'url': 'https://earthquake.usgs.gov/earthquakes/eventpage/ak025cmx0uor', 'coordinates': [-150.8187, 63.1676, 125.8]}
2025-10-02 02:14:11 | INFO | Sent message to Kafka topic 'project_json': {'id': 'ak025cmx0uor', 'place': '61 km SE of Denali National Park, Alaska', 'mag': 2.8, 'time': '2025-10-02 07:11:10', 'url': 'https://earthquake.usgs.gov/earthquakes/eventpage/ak025cmx0uor', 'coordinates': [-150.8187, 63.1676, 125.8]}
2025-10-02 02:16:10 | INFO | {'id': 'ak025cmx1d48', 'place': '54 km W of Karluk, Alaska', 'mag': 4.8, 'time': '2025-10-02 07:13:48', 'url': 'https://earthquake.usgs.gov/earthquakes/eventpage/ak025cmx1d48', 'coordinates': [-155.3639, 57.6157, 2.2]}
2025-10-02 02:16:10 | INFO | Sent message to Kafka topic 'project_json': {'id': 'ak025cmx1d48', 'place': '54 km W of Karluk, Alaska', 'mag': 4.8, 'time': '2025-10-02 07:13:48', 'url': 'https://earthquake.usgs.gov/earthquakes/eventpage/ak025cmx1d48', 'coordinates': [-155.3639, 57.6157, 2.2]}
2025-10-02 02:28:13 | INFO | {'id': 'ak025cmx3p24', 'place': '33 km ESE of Knik River, Alaska', 'mag': 2, 'time': '2025-10-02 07:24:38', 'url': 'https://earthquake.usgs.gov/earthquakes/eventpage/ak025cmx3p24', 'coordinates': [-148.2966, 61.3884, 6.8]}
2025-10-02 02:28:13 | INFO | Sent message to Kafka topic 'project_json': {'id': 'ak025cmx3p24', 'place': '33 km ESE of Knik River, Alaska', 'mag': 2, 'time': '2025-10-02 07:24:38', 'url': 'https://earthquake.usgs.gov/earthquakes/eventpage/ak025cmx3p24', 'coordinates': [-148.2966, 61.3884, 6.8]}
2025-10-02 02:30:12 | INFO | {'id': 'ak025cmx4drt', 'place': '53 km W of Karluk, Alaska', 'mag': 1.5, 'time': '2025-10-02 07:27:57', 'url': 'https://earthquake.usgs.gov/earthquakes/eventpage/ak025cmx4drt', 'coordinates': [-155.3496, 57.6317, 20.7]}
2025-10-02 02:30:12 | INFO | Sent message to Kafka topic 'project_json': {'id': 'ak025cmx4drt', 'place': '53 km W of Karluk, Alaska', 'mag': 1.5, 'time': '2025-10-02 07:27:57', 'url': 'https://earthquake.usgs.gov/earthquakes/eventpage/ak025cmx4drt', 'coordinates': [-155.3496, 57.6317, 20.7]}
2025-10-02 02:30:12 | INFO | {'id': 'ci41101695', 'place': '11 km S of Idyllwild, CA', 'mag': 0.95, 'time': '2025-10-02 07:27:26', 'url': 'https://earthquake.usgs.gov/earthquakes/eventpage/ci41101695', 'coordinates': [-116.7164993, 33.644165, 12.44]}
2025-10-02 02:30:12 | INFO | Sent message to Kafka topic 'project_json': {'id': 'ci41101695', 'place': '11 km S of Idyllwild, CA', 'mag': 0.95, 'time': '2025-10-02 07:27:26', 'url': 'https://earthquake.usgs.gov/earthquakes/eventpage/ci41101695', 'coordinates': [-116.7164993, 33.644165, 12.44]}
2025-10-02 02:39:14 | INFO | {'id': 'ak025cmx69vz', 'place': '55 km W of Karluk, Alaska', 'mag': 2.2, 'time': '2025-10-02 07:36:39', 'url': 'https://earthquake.usgs.gov/earthquakes/eventpage/ak025cmx69vz', 'coordinates': [-155.3815, 57.6351, 4.7]}
2025-10-02 02:39:14 | INFO | Sent message to Kafka topic 'project_json': {'id': 'ak025cmx69vz', 'place': '55 km W of Karluk, Alaska', 'mag': 2.2, 'time': '2025-10-02 07:36:39', 'url': 'https://earthquake.usgs.gov/earthquakes/eventpage/ak025cmx69vz', 'coordinates': [-155.3815, 57.6351, 4.7]}
2025-10-02 03:09:45 | INFO | {'id': 'nn00905296', 'place': '38 km NE of Lone Pine, California', 'mag': 1.6, 'time': '2025-10-02 08:05:16', 'url': 'https://earthquake.usgs.gov/earthquakes/eventpage/nn00905296', 'coordinates': [-117.7423, 36.8353, 0.6]}
2025-10-02 03:09:45 | INFO | Sent message to Kafka topic 'project_json': {'id': 'nn00905296', 'place': '38 km NE of Lone Pine, California', 'mag': 1.6, 'time': '2025-10-02 08:05:16', 'url': 'https://earthquake.usgs.gov/earthquakes/eventpage/nn00905296', 'coordinates': [-117.7423, 36.8353, 0.6]}
2025-10-02 03:22:50 | INFO | {'id': 'ak025cmxoazs', 'place': '57 km W of Karluk, Alaska', 'mag': 1.6, 'time': '2025-10-02 08:20:52', 'url': 'https://earthquake.usgs.gov/earthquakes/eventpage/ak025cmxoazs', 'coordinates': [-155.3955, 57.6626, 18]}
2025-10-02 03:22:50 | INFO | Sent message to Kafka topic 'project_json': {'id': 'ak025cmxoazs', 'place': '57 km W of Karluk, Alaska', 'mag': 1.6, 'time': '2025-10-02 08:20:52', 'url': 'https://earthquake.usgs.gov/earthquakes/eventpage/ak025cmxoazs', 'coordinates': [-155.3955, 57.6626, 18]}
2025-10-02 03:25:51 | INFO | {'id': 'nc75243801', 'place': '8 km W of Cobb, CA', 'mag': 0.61, 'time': '2025-10-02 08:23:41', 'url': 'https://earthquake.usgs.gov/earthquakes/eventpage/nc75243801', 'coordinates': [-122.809669494629, 38.833667755127, 2.22000002861023]}
2025-10-02 03:25:51 | INFO | Sent message to Kafka topic 'project_json': {'id': 'nc75243801', 'place': '8 km W of Cobb, CA', 'mag': 0.61, 'time': '2025-10-02 08:23:41', 'url': 'https://earthquake.usgs.gov/earthquakes/eventpage/nc75243801', 'coordinates': [-122.809669494629, 38.833667755127, 2.22000002861023]}
2025-10-02 03:29:54 | INFO | {'id': 'tx2025tjptbz', 'place': '16 km NNW of Toyah, Texas', 'mag': 1.7, 'time': '2025-10-02 08:25:59', 'url': 'https://earthquake.usgs.gov/earthquakes/eventpage/tx2025tjptbz', 'coordinates': [-103.861, 31.455, 7.5917]}
2025-10-02 03:29:54 | INFO | Sent message to Kafka topic 'project_json': {'id': 'tx2025tjptbz', 'place': '16 km NNW of Toyah, Texas', 'mag': 1.7, 'time': '2025-10-02 08:25:59', 'url': 'https://earthquake.usgs.gov/earthquakes/eventpage/tx2025tjptbz', 'coordinates': [-103.861, 31.455, 7.5917]}
2025-10-02 03:36:52 | INFO | {'id': 'us6000re5i', 'place': '94 km SW of Basco, Philippines', 'mag': 4.7, 'time': '2025-10-02 08:06:55', 'url': 'https://earthquake.usgs.gov/earthquakes/eventpage/us6000re5i', 'coordinates': [121.2708, 19.9089, 10]}
2025-10-02 03:36:52 | INFO | Sent message to Kafka topic 'project_json': {'id': 'us6000re5i', 'place': '94 km SW of Basco, Philippines', 'mag': 4.7, 'time': '2025-10-02 08:06:55', 'url': 'https://earthquake.usgs.gov/earthquakes/eventpage/us6000re5i', 'coordinates': [121.2708, 19.9089, 10]}
2025-10-02 03:42:55 | INFO | {'id': 'hv74790097', 'place': '2 km SSE of Captain Cook, Hawaii', 'mag': 2.28, 'time': '2025-10-02 08:37:32', 'url': 'https://earthquake.usgs.gov/earthquakes/eventpage/hv74790097', 'coordinates': [-155.916000366211, 19.4731674194336, 3.69000005722046]}
2025-10-02 03:42:55 | INFO | Sent message to Kafka topic 'project_json': {'id': 'hv74790097', 'place': '2 km SSE of Captain Cook, Hawaii', 'mag': 2.28, 'time': '2025-10-02 08:37:32', 'url': 'https://earthquake.usgs.gov/earthquakes/eventpage/hv74790097', 'coordinates': [-155.916000366211, 19.4731674194336, 3.69000005722046]}
2025-10-02 03:51:53 | INFO | {'id': 'ak025cmxui7e', 'place': '43 km SSE of Glacier View, Alaska', 'mag': 1.7, 'time': '2025-10-02 08:49:45', 'url': 'https://earthquake.usgs.gov/earthquakes/eventpage/ak025cmxui7e', 'coordinates': [-147.4222, 61.4315, 32.8]}
2025-10-02 03:51:53 | INFO | Sent message to Kafka topic 'project_json': {'id': 'ak025cmxui7e', 'place': '43 km SSE of Glacier View, Alaska', 'mag': 1.7, 'time': '2025-10-02 08:49:45', 'url': 'https://earthquake.usgs.gov/earthquakes/eventpage/ak025cmxui7e', 'coordinates': [-147.4222, 61.4315, 32.8]}
2025-10-02 03:52:50 | INFO | {'id': 'nc75243811', 'place': '13 km NNW of Angwin, CA', 'mag': 1.14, 'time': '2025-10-02 08:50:38', 'url': 'https://earthquake.usgs.gov/earthquakes/eventpage/nc75243811', 'coordinates': [-122.497497558594, 38.6833343505859, 7.01999998092651]}
2025-10-02 03:52:50 | INFO | Sent message to Kafka topic 'project_json': {'id': 'nc75243811', 'place': '13 km NNW of Angwin, CA', 'mag': 1.14, 'time': '2025-10-02 08:50:38', 'url': 'https://earthquake.usgs.gov/earthquakes/eventpage/nc75243811', 'coordinates': [-122.497497558594, 38.6833343505859, 7.01999998092651]}
2025-10-02 04:08:52 | INFO | {'id': 'ci41101711', 'place': '15 km S of Borrego Springs, CA', 'mag': 0.39, 'time': '2025-10-02 09:04:26', 'url': 'https://earthquake.usgs.gov/earthquakes/eventpage/ci41101711', 'coordinates': [-116.392, 33.1241667, 10.54]}
2025-10-02 04:08:52 | INFO | Sent message to Kafka topic 'project_json': {'id': 'ci41101711', 'place': '15 km S of Borrego Springs, CA', 'mag': 0.39, 'time': '2025-10-02 09:04:26', 'url': 'https://earthquake.usgs.gov/earthquakes/eventpage/ci41101711', 'coordinates': [-116.392, 33.1241667, 10.54]}
2025-10-02 04:11:53 | INFO | {'id': 'ak025cmy6v19', 'place': '26 km WSW of Cantwell, Alaska', 'mag': 1.6, 'time': '2025-10-02 09:07:10', 'url': 'https://earthquake.usgs.gov/earthquakes/eventpage/ak025cmy6v19', 'coordinates': [-149.4213, 63.2768, 72]}
2025-10-02 04:11:53 | INFO | Sent message to Kafka topic 'project_json': {'id': 'ak025cmy6v19', 'place': '26 km WSW of Cantwell, Alaska', 'mag': 1.6, 'time': '2025-10-02 09:07:10', 'url': 'https://earthquake.usgs.gov/earthquakes/eventpage/ak025cmy6v19', 'coordinates': [-149.4213, 63.2768, 72]}
2025-10-02 04:20:50 | INFO | {'id': 'ak025cmy98py', 'place': '54 km W of Karluk, Alaska', 'mag': 1.9, 'time': '2025-10-02 09:18:20', 'url': 'https://earthquake.usgs.gov/earthquakes/eventpage/ak025cmy98py', 'coordinates': [-155.3581, 57.6489, 15]}
2025-10-02 04:20:50 | INFO | Sent message to Kafka topic 'project_json': {'id': 'ak025cmy98py', 'place': '54 km W of Karluk, Alaska', 'mag': 1.9, 'time': '2025-10-02 09:18:20', 'url': 'https://earthquake.usgs.gov/earthquakes/eventpage/ak025cmy98py', 'coordinates': [-155.3581, 57.6489, 15]}
2025-10-02 04:25:50 | INFO | {'id': 'nn00905300', 'place': '29 km S of Goldfield, Nevada', 'mag': 1.2, 'time': '2025-10-02 09:22:29', 'url': 'https://earthquake.usgs.gov/earthquakes/eventpage/nn00905300', 'coordinates': [-117.2631, 37.4476, 2.4]}
2025-10-02 04:25:50 | INFO | Sent message to Kafka topic 'project_json': {'id': 'nn00905300', 'place': '29 km S of Goldfield, Nevada', 'mag': 1.2, 'time': '2025-10-02 09:22:29', 'url': 'https://earthquake.usgs.gov/earthquakes/eventpage/nn00905300', 'coordinates': [-117.2631, 37.4476, 2.4]}
2025-10-02 04:32:54 | INFO | {'id': 'ak025cmyc0h3', 'place': '56 km W of Karluk, Alaska', 'mag': 2.3, 'time': '2025-10-02 09:31:13', 'url': 'https://earthquake.usgs.gov/earthquakes/eventpage/ak025cmyc0h3', 'coordinates': [-155.3886, 57.6456, 13.7]}
2025-10-02 04:32:54 | INFO | Sent message to Kafka topic 'project_json': {'id': 'ak025cmyc0h3', 'place': '56 km W of Karluk, Alaska', 'mag': 2.3, 'time': '2025-10-02 09:31:13', 'url': 'https://earthquake.usgs.gov/earthquakes/eventpage/ak025cmyc0h3', 'coordinates': [-155.3886, 57.6456, 13.7]}
2025-10-02 04:35:49 | INFO | {'id': 'ak025cmycfhz', 'place': '56 km W of Karluk, Alaska', 'mag': 2.2, 'time': '2025-10-02 09:33:08', 'url': 'https://earthquake.usgs.gov/earthquakes/eventpage/ak025cmycfhz', 'coordinates': [-155.3896, 57.6474, 9.7]}
2025-10-02 04:35:49 | INFO | Sent message to Kafka topic 'project_json': {'id': 'ak025cmycfhz', 'place': '56 km W of Karluk, Alaska', 'mag': 2.2, 'time': '2025-10-02 09:33:08', 'url': 'https://earthquake.usgs.gov/earthquakes/eventpage/ak025cmycfhz', 'coordinates': [-155.3896, 57.6474, 9.7]}
2025-10-02 04:41:54 | INFO | {'id': 'nn00905307', 'place': '27 km S of Goldfield, Nevada', 'mag': 1.6, 'time': '2025-10-02 09:38:36', 'url': 'https://earthquake.usgs.gov/earthquakes/eventpage/nn00905307', 'coordinates': [-117.2586, 37.4608, 0]}
2025-10-02 04:41:54 | INFO | Sent message to Kafka topic 'project_json': {'id': 'nn00905307', 'place': '27 km S of Goldfield, Nevada', 'mag': 1.6, 'time': '2025-10-02 09:38:36', 'url': 'https://earthquake.usgs.gov/earthquakes/eventpage/nn00905307', 'coordinates': [-117.2586, 37.4608, 0]}
2025-10-02 04:42:51 | INFO | {'id': 'nn00905304', 'place': '26 km S of Goldfield, Nevada', 'mag': 2.3, 'time': '2025-10-02 09:37:08', 'url': 'https://earthquake.usgs.gov/earthquakes/eventpage/nn00905304', 'coordinates': [-117.2366, 37.469, 7]}
2025-10-02 04:42:51 | INFO | Sent message to Kafka topic 'project_json': {'id': 'nn00905304', 'place': '26 km S of Goldfield, Nevada', 'mag': 2.3, 'time': '2025-10-02 09:37:08', 'url': 'https://earthquake.usgs.gov/earthquakes/eventpage/nn00905304', 'coordinates': [-117.2366, 37.469, 7]}
2025-10-02 04:43:53 | INFO | {'id': 'ci41101719', 'place': '6 km SSW of Redlands, CA', 'mag': 1.04, 'time': '2025-10-02 09:41:01', 'url': 'https://earthquake.usgs.gov/earthquakes/eventpage/ci41101719', 'coordinates': [-117.2138367, 34.0053329, 8.19]}
2025-10-02 04:43:53 | INFO | Sent message to Kafka topic 'project_json': {'id': 'ci41101719', 'place': '6 km SSW of Redlands, CA', 'mag': 1.04, 'time': '2025-10-02 09:41:01', 'url': 'https://earthquake.usgs.gov/earthquakes/eventpage/ci41101719', 'coordinates': [-117.2138367, 34.0053329, 8.19]}
2025-10-02 04:45:52 | INFO | {'id': 'nn00905309', 'place': '33 km S of Goldfield, Nevada', 'mag': 0.8, 'time': '2025-10-02 09:42:31', 'url': 'https://earthquake.usgs.gov/earthquakes/eventpage/nn00905309', 'coordinates': [-117.2066, 37.4076, 1.7]}
2025-10-02 04:45:52 | INFO | Sent message to Kafka topic 'project_json': {'id': 'nn00905309', 'place': '33 km S of Goldfield, Nevada', 'mag': 0.8, 'time': '2025-10-02 09:42:31', 'url': 'https://earthquake.usgs.gov/earthquakes/eventpage/nn00905309', 'coordinates': [-117.2066, 37.4076, 1.7]}
2025-10-02 05:15:51 | INFO | {'id': 'nn00905312', 'place': '27 km S of Goldfield, Nevada', 'mag': 1.2, 'time': '2025-10-02 10:13:00', 'url': 'https://earthquake.usgs.gov/earthquakes/eventpage/nn00905312', 'coordinates': [-117.2531, 37.4584, 3.4]}
2025-10-02 05:15:51 | INFO | Sent message to Kafka topic 'project_json': {'id': 'nn00905312', 'place': '27 km S of Goldfield, Nevada', 'mag': 1.2, 'time': '2025-10-02 10:13:00', 'url': 'https://earthquake.usgs.gov/earthquakes/eventpage/nn00905312', 'coordinates': [-117.2531, 37.4584, 3.4]}
2025-10-02 05:17:50 | INFO | {'id': 'nc75243836', 'place': '5 km WNW of Cobb, CA', 'mag': 1.02, 'time': '2025-10-02 10:15:21', 'url': 'https://earthquake.usgs.gov/earthquakes/eventpage/nc75243836', 'coordinates': [-122.782997131348, 38.8358345031738, 1.82000005245209]}
2025-10-02 05:17:50 | INFO | Sent message to Kafka topic 'project_json': {'id': 'nc75243836', 'place': '5 km WNW of Cobb, CA', 'mag': 1.02, 'time': '2025-10-02 10:15:21', 'url': 'https://earthquake.usgs.gov/earthquakes/eventpage/nc75243836', 'coordinates': [-122.782997131348, 38.8358345031738, 1.82000005245209]}
2025-10-02 05:21:52 | INFO | {'id': 'nn00905314', 'place': '27 km S of Goldfield, Nevada', 'mag': 1.2, 'time': '2025-10-02 10:18:22', 'url': 'https://earthquake.usgs.gov/earthquakes/eventpage/nn00905314', 'coordinates': [-117.2604, 37.4585, 1.4]}
2025-10-02 05:21:52 | INFO | Sent message to Kafka topic 'project_json': {'id': 'nn00905314', 'place': '27 km S of Goldfield, Nevada', 'mag': 1.2, 'time': '2025-10-02 10:18:22', 'url': 'https://earthquake.usgs.gov/earthquakes/eventpage/nn00905314', 'coordinates': [-117.2604, 37.4585, 1.4]}
2025-10-02 05:24:53 | INFO | {'id': 'nc75243841', 'place': '4 km NW of The Geysers, CA', 'mag': 0.7, 'time': '2025-10-02 10:22:19', 'url': 'https://earthquake.usgs.gov/earthquakes/eventpage/nc75243841', 'coordinates': [-122.780502319336, 38.8041648864746, 2.70000004768372]}
2025-10-02 05:24:53 | INFO | Sent message to Kafka topic 'project_json': {'id': 'nc75243841', 'place': '4 km NW of The Geysers, CA', 'mag': 0.7, 'time': '2025-10-02 10:22:19', 'url': 'https://earthquake.usgs.gov/earthquakes/eventpage/nc75243841', 'coordinates': [-122.780502319336, 38.8041648864746, 2.70000004768372]}
2025-10-02 05:26:52 | INFO | {'id': 'us6000re5v', 'place': '181 km SE of Petropavlovsk-Kamchatsky, Russia', 'mag': 4.7, 'time': '2025-10-02 09:35:00', 'url': 'https://earthquake.usgs.gov/earthquakes/eventpage/us6000re5v', 'coordinates': [160.7447, 52.0619, 10]}
2025-10-02 05:26:52 | INFO | Sent message to Kafka topic 'project_json': {'id': 'us6000re5v', 'place': '181 km SE of Petropavlovsk-Kamchatsky, Russia', 'mag': 4.7, 'time': '2025-10-02 09:35:00', 'url': 'https://earthquake.usgs.gov/earthquakes/eventpage/us6000re5v', 'coordinates': [160.7447, 52.0619, 10]}
2025-10-02 05:38:53 | INFO | {'id': 'tx2025tjuamw', 'place': '14 km ENE of Falls City, Texas', 'mag': 2.3, 'time': '2025-10-02 10:35:12', 'url': 'https://earthquake.usgs.gov/earthquakes/eventpage/tx2025tjuamw', 'coordinates': [-97.882, 29.035, 7.6711]}
2025-10-02 05:38:53 | INFO | Sent message to Kafka topic 'project_json': {'id': 'tx2025tjuamw', 'place': '14 km ENE of Falls City, Texas', 'mag': 2.3, 'time': '2025-10-02 10:35:12', 'url': 'https://earthquake.usgs.gov/earthquakes/eventpage/tx2025tjuamw', 'coordinates': [-97.882, 29.035, 7.6711]}
2025-10-02 05:43:54 | INFO | {'id': 'ak025cmyzkr8', 'place': '19 km WNW of Port Lions, Alaska', 'mag': 2.6, 'time': '2025-10-02 10:41:07', 'url': 'https://earthquake.usgs.gov/earthquakes/eventpage/ak025cmyzkr8', 'coordinates': [-153.1934, 57.9294, 35.3]}
2025-10-02 05:43:54 | INFO | Sent message to Kafka topic 'project_json': {'id': 'ak025cmyzkr8', 'place': '19 km WNW of Port Lions, Alaska', 'mag': 2.6, 'time': '2025-10-02 10:41:07', 'url': 'https://earthquake.usgs.gov/earthquakes/eventpage/ak025cmyzkr8', 'coordinates': [-153.1934, 57.9294, 35.3]}
2025-10-02 05:43:54 | INFO | {'id': 'nn00905316', 'place': '33 km S of Goldfield, Nevada', 'mag': 0.6, 'time': '2025-10-02 10:41:02', 'url': 'https://earthquake.usgs.gov/earthquakes/eventpage/nn00905316', 'coordinates': [-117.2399, 37.404, 0]}
2025-10-02 05:43:54 | INFO | Sent message to Kafka topic 'project_json': {'id': 'nn00905316', 'place': '33 km S of Goldfield, Nevada', 'mag': 0.6, 'time': '2025-10-02 10:41:02', 'url': 'https://earthquake.usgs.gov/earthquakes/eventpage/nn00905316', 'coordinates': [-117.2399, 37.404, 0]}
2025-10-02 06:01:52 | INFO | {'id': 'us6000re62', 'place': '62 km W of Ovalle, Chile', 'mag': 5.4, 'time': '2025-10-02 10:43:55', 'url': 'https://earthquake.usgs.gov/earthquakes/eventpage/us6000re62', 'coordinates': [-71.8514, -30.6637, 19.467]}
2025-10-02 06:01:52 | INFO | Sent message to Kafka topic 'project_json': {'id': 'us6000re62', 'place': '62 km W of Ovalle, Chile', 'mag': 5.4, 'time': '2025-10-02 10:43:55', 'url': 'https://earthquake.usgs.gov/earthquakes/eventpage/us6000re62', 'coordinates': [-71.8514, -30.6637, 19.467]}
2025-10-02 06:07:54 | INFO | {'id': 'nc75243861', 'place': '5 km WNW of The Geysers, CA', 'mag': 1.05, 'time': '2025-10-02 11:05:15', 'url': 'https://earthquake.usgs.gov/earthquakes/eventpage/nc75243861', 'coordinates': [-122.805168151855, 38.7960014343262, 2.97000002861023]}
2025-10-02 06:07:54 | INFO | Sent message to Kafka topic 'project_json': {'id': 'nc75243861', 'place': '5 km WNW of The Geysers, CA', 'mag': 1.05, 'time': '2025-10-02 11:05:15', 'url': 'https://earthquake.usgs.gov/earthquakes/eventpage/nc75243861', 'coordinates': [-122.805168151855, 38.7960014343262, 2.97000002861023]}
2025-10-02 06:18:50 | INFO | {'id': 'nc75243871', 'place': '7 km WNW of Cobb, CA', 'mag': 1.27, 'time': '2025-10-02 11:16:42', 'url': 'https://earthquake.usgs.gov/earthquakes/eventpage/nc75243871', 'coordinates': [-122.802001953125, 38.8373336791992, 2.23000001907349]}
2025-10-02 06:18:50 | INFO | Sent message to Kafka topic 'project_json': {'id': 'nc75243871', 'place': '7 km WNW of Cobb, CA', 'mag': 1.27, 'time': '2025-10-02 11:16:42', 'url': 'https://earthquake.usgs.gov/earthquakes/eventpage/nc75243871', 'coordinates': [-122.802001953125, 38.8373336791992, 2.23000001907349]}
2025-10-02 06:45:52 | INFO | {'id': 'tx2025tjwhhj', 'place': '14 km ENE of Falls City, Texas', 'mag': 1.7, 'time': '2025-10-02 11:43:24', 'url': 'https://earthquake.usgs.gov/earthquakes/eventpage/tx2025tjwhhj', 'coordinates': [-97.876, 29.033, 11.1542]}
2025-10-02 06:45:53 | INFO | Sent message to Kafka topic 'project_json': {'id': 'tx2025tjwhhj', 'place': '14 km ENE of Falls City, Texas', 'mag': 1.7, 'time': '2025-10-02 11:43:24', 'url': 'https://earthquake.usgs.gov/earthquakes/eventpage/tx2025tjwhhj', 'coordinates': [-97.876, 29.033, 11.1542]}
2025-10-02 06:57:51 | INFO | {'id': 'tx2025tjwqqf', 'place': '36 km NW of Toyah, Texas', 'mag': 2.2, 'time': '2025-10-02 11:54:14', 'url': 'https://earthquake.usgs.gov/earthquakes/eventpage/tx2025tjwqqf', 'coordinates': [-104.027, 31.581, 5.6473]}
2025-10-02 06:57:51 | INFO | Sent message to Kafka topic 'project_json': {'id': 'tx2025tjwqqf', 'place': '36 km NW of Toyah, Texas', 'mag': 2.2, 'time': '2025-10-02 11:54:14', 'url': 'https://earthquake.usgs.gov/earthquakes/eventpage/tx2025tjwqqf', 'coordinates': [-104.027, 31.581, 5.6473]}
2025-10-02 06:58:53 | INFO | {'id': 'tx2025tjwsaz', 'place': '36 km NW of Toyah, Texas', 'mag': 1.5, 'time': '2025-10-02 11:55:53', 'url': 'https://earthquake.usgs.gov/earthquakes/eventpage/tx2025tjwsaz', 'coordinates': [-104.025, 31.581, 4.6945]}
2025-10-02 06:58:53 | INFO | Sent message to Kafka topic 'project_json': {'id': 'tx2025tjwsaz', 'place': '36 km NW of Toyah, Texas', 'mag': 1.5, 'time': '2025-10-02 11:55:53', 'url': 'https://earthquake.usgs.gov/earthquakes/eventpage/tx2025tjwsaz', 'coordinates': [-104.025, 31.581, 4.6945]}
2025-10-02 07:02:51 | INFO | {'id': 'nc75243876', 'place': '1 km NNW of The Geysers, CA', 'mag': 0.74, 'time': '2025-10-02 12:00:37', 'url': 'https://earthquake.usgs.gov/earthquakes/eventpage/nc75243876', 'coordinates': [-122.761329650879, 38.7900009155273, 1.61000001430511]}
2025-10-02 07:02:51 | INFO | Sent message to Kafka topic 'project_json': {'id': 'nc75243876', 'place': '1 km NNW of The Geysers, CA', 'mag': 0.74, 'time': '2025-10-02 12:00:37', 'url': 'https://earthquake.usgs.gov/earthquakes/eventpage/nc75243876', 'coordinates': [-122.761329650879, 38.7900009155273, 1.61000001430511]}
2025-10-02 07:02:51 | INFO | {'id': 'tx2025tjwutb', 'place': '35 km NW of Toyah, Texas', 'mag': 1.5, 'time': '2025-10-02 11:59:05', 'url': 'https://earthquake.usgs.gov/earthquakes/eventpage/tx2025tjwutb', 'coordinates': [-104.012, 31.569, 7.4125]}
2025-10-02 07:02:51 | INFO | Sent message to Kafka topic 'project_json': {'id': 'tx2025tjwutb', 'place': '35 km NW of Toyah, Texas', 'mag': 1.5, 'time': '2025-10-02 11:59:05', 'url': 'https://earthquake.usgs.gov/earthquakes/eventpage/tx2025tjwutb', 'coordinates': [-104.012, 31.569, 7.4125]}
2025-10-02 07:04:49 | INFO | {'id': 'nc75243881', 'place': '7 km WNW of Cobb, CA', 'mag': 1.76, 'time': '2025-10-02 12:03:06', 'url': 'https://earthquake.usgs.gov/earthquakes/eventpage/nc75243881', 'coordinates': [-122.801002502441, 38.8376655578613, 2.24000000953674]}
2025-10-02 07:04:50 | INFO | Sent message to Kafka topic 'project_json': {'id': 'nc75243881', 'place': '7 km WNW of Cobb, CA', 'mag': 1.76, 'time': '2025-10-02 12:03:06', 'url': 'https://earthquake.usgs.gov/earthquakes/eventpage/nc75243881', 'coordinates': [-122.801002502441, 38.8376655578613, 2.24000000953674]}
2025-10-02 07:06:54 | INFO | {'id': 'nc75243891', 'place': '7 km WNW of Cobb, CA', 'mag': 0.99, 'time': '2025-10-02 12:04:56', 'url': 'https://earthquake.usgs.gov/earthquakes/eventpage/nc75243891', 'coordinates': [-122.802169799805, 38.8381652832031, 2.25]}
2025-10-02 07:06:54 | INFO | Sent message to Kafka topic 'project_json': {'id': 'nc75243891', 'place': '7 km WNW of Cobb, CA', 'mag': 0.99, 'time': '2025-10-02 12:04:56', 'url': 'https://earthquake.usgs.gov/earthquakes/eventpage/nc75243891', 'coordinates': [-122.802169799805, 38.8381652832031, 2.25]}
2025-10-02 07:06:54 | INFO | {'id': 'nc75243886', 'place': '1 km NNW of The Geysers, CA', 'mag': 1.28, 'time': '2025-10-02 12:04:44', 'url': 'https://earthquake.usgs.gov/earthquakes/eventpage/nc75243886', 'coordinates': [-122.761169433594, 38.7895011901855, 1.46000003814697]}
2025-10-02 07:06:54 | INFO | Sent message to Kafka topic 'project_json': {'id': 'nc75243886', 'place': '1 km NNW of The Geysers, CA', 'mag': 1.28, 'time': '2025-10-02 12:04:44', 'url': 'https://earthquake.usgs.gov/earthquakes/eventpage/nc75243886', 'coordinates': [-122.761169433594, 38.7895011901855, 1.46000003814697]}
2025-10-02 07:14:54 | INFO | {'id': 'tx2025tjxfos', 'place': '25 km W of Garden City, Texas', 'mag': 1.6, 'time': '2025-10-02 12:11:38', 'url': 'https://earthquake.usgs.gov/earthquakes/eventpage/tx2025tjxfos', 'coordinates': [-101.748, 31.899, 3.0451]}
2025-10-02 07:14:54 | INFO | Sent message to Kafka topic 'project_json': {'id': 'tx2025tjxfos', 'place': '25 km W of Garden City, Texas', 'mag': 1.6, 'time': '2025-10-02 12:11:38', 'url': 'https://earthquake.usgs.gov/earthquakes/eventpage/tx2025tjxfos', 'coordinates': [-101.748, 31.899, 3.0451]}
2025-10-02 07:14:54 | INFO | {'id': 'us6000re6a', 'place': '19 km S of Marmara Ereğlisi, Turkey', 'mag': 5, 'time': '2025-10-02 11:55:04', 'url': 'https://earthquake.usgs.gov/earthquakes/eventpage/us6000re6a', 'coordinates': [27.9917, 40.7968, 10]}
2025-10-02 07:14:54 | INFO | Sent message to Kafka topic 'project_json': {'id': 'us6000re6a', 'place': '19 km S of Marmara Ereğlisi, Turkey', 'mag': 5, 'time': '2025-10-02 11:55:04', 'url': 'https://earthquake.usgs.gov/earthquakes/eventpage/us6000re6a', 'coordinates': [27.9917, 40.7968, 10]}
2025-10-02 07:55:54 | INFO | {'id': 'ak025cn08v8u', 'place': '92 km ESE of Chignik, Alaska', 'mag': 2.9, 'time': '2025-10-02 12:52:37', 'url': 'https://earthquake.usgs.gov/earthquakes/eventpage/ak025cn08v8u', 'coordinates': [-157.1033, 55.8901, 76.3]}
2025-10-02 07:55:54 | INFO | Sent message to Kafka topic 'project_json': {'id': 'ak025cn08v8u', 'place': '92 km ESE of Chignik, Alaska', 'mag': 2.9, 'time': '2025-10-02 12:52:37', 'url': 'https://earthquake.usgs.gov/earthquakes/eventpage/ak025cn08v8u', 'coordinates': [-157.1033, 55.8901, 76.3]}
2025-10-02 07:58:50 | INFO | {'id': 'nc75243896', 'place': '3 km W of Cobb, CA', 'mag': 1.43, 'time': '2025-10-02 12:57:08', 'url': 'https://earthquake.usgs.gov/earthquakes/eventpage/nc75243896', 'coordinates': [-122.759498596191, 38.8230018615723, 1.5900000333786]}
2025-10-02 07:58:50 | INFO | Sent message to Kafka topic 'project_json': {'id': 'nc75243896', 'place': '3 km W of Cobb, CA', 'mag': 1.43, 'time': '2025-10-02 12:57:08', 'url': 'https://earthquake.usgs.gov/earthquakes/eventpage/nc75243896', 'coordinates': [-122.759498596191, 38.8230018615723, 1.5900000333786]}
2025-10-02 08:10:54 | INFO | {'id': 'ak025cn0ksjl', 'place': '57 km N of Petersville, Alaska', 'mag': 1.5, 'time': '2025-10-02 13:08:01', 'url': 'https://earthquake.usgs.gov/earthquakes/eventpage/ak025cn0ksjl', 'coordinates': [-150.8832, 63.0132, 62.7]}
2025-10-02 08:10:54 | INFO | Sent message to Kafka topic 'project_json': {'id': 'ak025cn0ksjl', 'place': '57 km N of Petersville, Alaska', 'mag': 1.5, 'time': '2025-10-02 13:08:01', 'url': 'https://earthquake.usgs.gov/earthquakes/eventpage/ak025cn0ksjl', 'coordinates': [-150.8832, 63.0132, 62.7]}
2025-10-02 08:35:52 | INFO | {'id': 'nc75243901', 'place': '4 km W of Cobb, CA', 'mag': 0.73, 'time': '2025-10-02 13:34:13', 'url': 'https://earthquake.usgs.gov/earthquakes/eventpage/nc75243901', 'coordinates': [-122.765998840332, 38.8198318481445, 2.17000007629395]}
2025-10-02 08:35:52 | INFO | Sent message to Kafka topic 'project_json': {'id': 'nc75243901', 'place': '4 km W of Cobb, CA', 'mag': 0.73, 'time': '2025-10-02 13:34:13', 'url': 'https://earthquake.usgs.gov/earthquakes/eventpage/nc75243901', 'coordinates': [-122.765998840332, 38.8198318481445, 2.17000007629395]}
2025-10-02 08:36:49 | INFO | {'id': 'nc75243906', 'place': '5 km WNW of Cobb, CA', 'mag': 0.7, 'time': '2025-10-02 13:34:55', 'url': 'https://earthquake.usgs.gov/earthquakes/eventpage/nc75243906', 'coordinates': [-122.781829833984, 38.8396682739258, 1.87999999523163]}
2025-10-02 08:36:49 | INFO | Sent message to Kafka topic 'project_json': {'id': 'nc75243906', 'place': '5 km WNW of Cobb, CA', 'mag': 0.7, 'time': '2025-10-02 13:34:55', 'url': 'https://earthquake.usgs.gov/earthquakes/eventpage/nc75243906', 'coordinates': [-122.781829833984, 38.8396682739258, 1.87999999523163]}
2025-10-02 08:45:52 | INFO | {'id': 'nc75243911', 'place': '3 km NW of The Geysers, CA', 'mag': 2.25, 'time': '2025-10-02 13:41:51', 'url': 'https://earthquake.usgs.gov/earthquakes/eventpage/nc75243911', 'coordinates': [-122.780166625977, 38.8013343811035, 2.73000001907349]}
2025-10-02 08:45:52 | INFO | Sent message to Kafka topic 'project_json': {'id': 'nc75243911', 'place': '3 km NW of The Geysers, CA', 'mag': 2.25, 'time': '2025-10-02 13:41:51', 'url': 'https://earthquake.usgs.gov/earthquakes/eventpage/nc75243911', 'coordinates': [-122.780166625977, 38.8013343811035, 2.73000001907349]}
2025-10-02 08:50:52 | INFO | {'id': 'ak025cn0t938', 'place': '11 km WNW of Seldovia, Alaska', 'mag': 1.8, 'time': '2025-10-02 13:47:50', 'url': 'https://earthquake.usgs.gov/earthquakes/eventpage/ak025cn0t938', 'coordinates': [-151.8853, 59.4857, 47]}
2025-10-02 08:50:52 | INFO | Sent message to Kafka topic 'project_json': {'id': 'ak025cn0t938', 'place': '11 km WNW of Seldovia, Alaska', 'mag': 1.8, 'time': '2025-10-02 13:47:50', 'url': 'https://earthquake.usgs.gov/earthquakes/eventpage/ak025cn0t938', 'coordinates': [-151.8853, 59.4857, 47]}
2025-10-02 09:07:52 | INFO | {'id': 'ci41101727', 'place': '4 km NNE of Running Springs, CA', 'mag': 1.04, 'time': '2025-10-02 14:04:49', 'url': 'https://earthquake.usgs.gov/earthquakes/eventpage/ci41101727', 'coordinates': [-117.0908356, 34.2373352, 4.93]}
2025-10-02 09:07:52 | INFO | Sent message to Kafka topic 'project_json': {'id': 'ci41101727', 'place': '4 km NNE of Running Springs, CA', 'mag': 1.04, 'time': '2025-10-02 14:04:49', 'url': 'https://earthquake.usgs.gov/earthquakes/eventpage/ci41101727', 'coordinates': [-117.0908356, 34.2373352, 4.93]}
2025-10-02 09:11:50 | INFO | {'id': 'ci41101735', 'place': '19 km ENE of Thousand Palms, CA', 'mag': 1.72, 'time': '2025-10-02 14:09:15', 'url': 'https://earthquake.usgs.gov/earthquakes/eventpage/ci41101735', 'coordinates': [-116.2056656, 33.9039993, 2.23]}
2025-10-02 09:11:50 | INFO | Sent message to Kafka topic 'project_json': {'id': 'ci41101735', 'place': '19 km ENE of Thousand Palms, CA', 'mag': 1.72, 'time': '2025-10-02 14:09:15', 'url': 'https://earthquake.usgs.gov/earthquakes/eventpage/ci41101735', 'coordinates': [-116.2056656, 33.9039993, 2.23]}
2025-10-02 09:26:49 | INFO | {'id': 'ci41101743', 'place': '3 km ENE of March Air Reserve Base, CA', 'mag': 1.17, 'time': '2025-10-02 14:24:27', 'url': 'https://earthquake.usgs.gov/earthquakes/eventpage/ci41101743', 'coordinates': [-117.2343369, 33.899334, 10.38]}
2025-10-02 09:26:49 | INFO | Sent message to Kafka topic 'project_json': {'id': 'ci41101743', 'place': '3 km ENE of March Air Reserve Base, CA', 'mag': 1.17, 'time': '2025-10-02 14:24:27', 'url': 'https://earthquake.usgs.gov/earthquakes/eventpage/ci41101743', 'coordinates': [-117.2343369, 33.899334, 10.38]}
2025-10-02 09:29:50 | INFO | {'id': 'nc75243921', 'place': '5 km WNW of Cobb, CA', 'mag': 0.22, 'time': '2025-10-02 14:27:52', 'url': 'https://earthquake.usgs.gov/earthquakes/eventpage/nc75243921', 'coordinates': [-122.781829833984, 38.8400001525879, 1.97000002861023]}
2025-10-02 09:29:50 | INFO | Sent message to Kafka topic 'project_json': {'id': 'nc75243921', 'place': '5 km WNW of Cobb, CA', 'mag': 0.22, 'time': '2025-10-02 14:27:52', 'url': 'https://earthquake.usgs.gov/earthquakes/eventpage/nc75243921', 'coordinates': [-122.781829833984, 38.8400001525879, 1.97000002861023]}
2025-10-02 09:38:53 | INFO | {'id': 'us6000re6q', 'place': '39 km ESE of Port-Olry, Vanuatu', 'mag': 5, 'time': '2025-10-02 14:00:31', 'url': 'https://earthquake.usgs.gov/earthquakes/eventpage/us6000re6q', 'coordinates': [167.4307, -15.1223, 150.852]}
2025-10-02 09:38:53 | INFO | Sent message to Kafka topic 'project_json': {'id': 'us6000re6q', 'place': '39 km ESE of Port-Olry, Vanuatu', 'mag': 5, 'time': '2025-10-02 14:00:31', 'url': 'https://earthquake.usgs.gov/earthquakes/eventpage/us6000re6q', 'coordinates': [167.4307, -15.1223, 150.852]}
2025-10-02 10:16:51 | INFO | {'id': 'uu80118536', 'place': '33 km E of West Yellowstone, Montana', 'mag': 0.53, 'time': '2025-10-02 14:52:40', 'url': 'https://earthquake.usgs.gov/earthquakes/eventpage/uu80118536', 'coordinates': [-110.680666666667, 44.6281666666667, 7.91]}
2025-10-02 10:16:51 | INFO | Sent message to Kafka topic 'project_json': {'id': 'uu80118536', 'place': '33 km E of West Yellowstone, Montana', 'mag': 0.53, 'time': '2025-10-02 14:52:40', 'url': 'https://earthquake.usgs.gov/earthquakes/eventpage/uu80118536', 'coordinates': [-110.680666666667, 44.6281666666667, 7.91]}
2025-10-02 10:19:49 | INFO | {'id': 'us6000re6u', 'place': '87 km E of Petropavlovsk-Kamchatsky, Russia', 'mag': 4.5, 'time': '2025-10-02 14:38:21', 'url': 'https://earthquake.usgs.gov/earthquakes/eventpage/us6000re6u', 'coordinates': [159.9148, 53.2181, 63.101]}
2025-10-02 10:19:50 | INFO | Sent message to Kafka topic 'project_json': {'id': 'us6000re6u', 'place': '87 km E of Petropavlovsk-Kamchatsky, Russia', 'mag': 4.5, 'time': '2025-10-02 14:38:21', 'url': 'https://earthquake.usgs.gov/earthquakes/eventpage/us6000re6u', 'coordinates': [159.9148, 53.2181, 63.101]}
2025-10-02 10:30:51 | INFO | {'id': 'ak025cn1w7rp', 'place': '54 km W of Karluk, Alaska', 'mag': 3.1, 'time': '2025-10-02 15:29:27', 'url': 'https://earthquake.usgs.gov/earthquakes/eventpage/ak025cn1w7rp', 'coordinates': [-155.3603, 57.6388, 18.2]}
2025-10-02 10:30:51 | INFO | Sent message to Kafka topic 'project_json': {'id': 'ak025cn1w7rp', 'place': '54 km W of Karluk, Alaska', 'mag': 3.1, 'time': '2025-10-02 15:29:27', 'url': 'https://earthquake.usgs.gov/earthquakes/eventpage/ak025cn1w7rp', 'coordinates': [-155.3603, 57.6388, 18.2]}
2025-10-02 10:30:51 | INFO | {'id': 'tx2025tkdsvd', 'place': '17 km NW of Midland, Texas', 'mag': 1.3, 'time': '2025-10-02 15:28:02', 'url': 'https://earthquake.usgs.gov/earthquakes/eventpage/tx2025tkdsvd', 'coordinates': [-102.196, 32.119, 7.9098]}
2025-10-02 10:30:51 | INFO | Sent message to Kafka topic 'project_json': {'id': 'tx2025tkdsvd', 'place': '17 km NW of Midland, Texas', 'mag': 1.3, 'time': '2025-10-02 15:28:02', 'url': 'https://earthquake.usgs.gov/earthquakes/eventpage/tx2025tkdsvd', 'coordinates': [-102.196, 32.119, 7.9098]}
2025-10-02 10:30:51 | INFO | {'id': 'tx2025tkdrwd', 'place': '17 km NW of Midland, Texas', 'mag': 1.2, 'time': '2025-10-02 15:26:51', 'url': 'https://earthquake.usgs.gov/earthquakes/eventpage/tx2025tkdrwd', 'coordinates': [-102.199, 32.121, 7.493]}
2025-10-02 10:30:51 | INFO | Sent message to Kafka topic 'project_json': {'id': 'tx2025tkdrwd', 'place': '17 km NW of Midland, Texas', 'mag': 1.2, 'time': '2025-10-02 15:26:51', 'url': 'https://earthquake.usgs.gov/earthquakes/eventpage/tx2025tkdrwd', 'coordinates': [-102.199, 32.121, 7.493]}
2025-10-02 10:34:52 | INFO | {'id': 'nc75243931', 'place': '3 km W of Cobb, CA', 'mag': 1.04, 'time': '2025-10-02 15:32:32', 'url': 'https://earthquake.usgs.gov/earthquakes/eventpage/nc75243931', 'coordinates': [-122.762496948242, 38.8213348388672, 2.25]}
2025-10-02 10:34:52 | INFO | Sent message to Kafka topic 'project_json': {'id': 'nc75243931', 'place': '3 km W of Cobb, CA', 'mag': 1.04, 'time': '2025-10-02 15:32:32', 'url': 'https://earthquake.usgs.gov/earthquakes/eventpage/nc75243931', 'coordinates': [-122.762496948242, 38.8213348388672, 2.25]}
2025-10-02 10:53:53 | INFO | {'id': 'tx2025tkejhn', 'place': '14 km NNW of Stanton, Texas', 'mag': 1.6, 'time': '2025-10-02 15:50:41', 'url': 'https://earthquake.usgs.gov/earthquakes/eventpage/tx2025tkejhn', 'coordinates': [-101.842, 32.255, 4.9819]}
2025-10-02 10:53:53 | INFO | Sent message to Kafka topic 'project_json': {'id': 'tx2025tkejhn', 'place': '14 km NNW of Stanton, Texas', 'mag': 1.6, 'time': '2025-10-02 15:50:41', 'url': 'https://earthquake.usgs.gov/earthquakes/eventpage/tx2025tkejhn', 'coordinates': [-101.842, 32.255, 4.9819]}
2025-10-02 10:54:51 | INFO | {'id': 'nc75243936', 'place': '5 km NW of The Geysers, CA', 'mag': 1.51, 'time': '2025-10-02 15:52:57', 'url': 'https://earthquake.usgs.gov/earthquakes/eventpage/nc75243936', 'coordinates': [-122.793998718262, 38.8165016174316, 3.08999991416931]}
2025-10-02 10:54:51 | INFO | Sent message to Kafka topic 'project_json': {'id': 'nc75243936', 'place': '5 km NW of The Geysers, CA', 'mag': 1.51, 'time': '2025-10-02 15:52:57', 'url': 'https://earthquake.usgs.gov/earthquakes/eventpage/nc75243936', 'coordinates': [-122.793998718262, 38.8165016174316, 3.08999991416931]}
2025-10-02 11:03:52 | INFO | {'id': 'ak025cn2blpr', 'place': '58 km W of Karluk, Alaska', 'mag': 1.7, 'time': '2025-10-02 16:01:06', 'url': 'https://earthquake.usgs.gov/earthquakes/eventpage/ak025cn2blpr', 'coordinates': [-155.4153, 57.6554, 17.2]}
2025-10-02 11:03:52 | INFO | Sent message to Kafka topic 'project_json': {'id': 'ak025cn2blpr', 'place': '58 km W of Karluk, Alaska', 'mag': 1.7, 'time': '2025-10-02 16:01:06', 'url': 'https://earthquake.usgs.gov/earthquakes/eventpage/ak025cn2blpr', 'coordinates': [-155.4153, 57.6554, 17.2]}
2025-10-02 11:07:54 | INFO | {'id': 'tx2025tkdqbv', 'place': '14 km ENE of Falls City, Texas', 'mag': 1, 'time': '2025-10-02 15:24:55', 'url': 'https://earthquake.usgs.gov/earthquakes/eventpage/tx2025tkdqbv', 'coordinates': [-97.889, 29.041, 7.6137]}
2025-10-02 11:07:54 | INFO | Sent message to Kafka topic 'project_json': {'id': 'tx2025tkdqbv', 'place': '14 km ENE of Falls City, Texas', 'mag': 1, 'time': '2025-10-02 15:24:55', 'url': 'https://earthquake.usgs.gov/earthquakes/eventpage/tx2025tkdqbv', 'coordinates': [-97.889, 29.041, 7.6137]}
2025-10-02 11:16:50 | INFO | {'id': 'ci41101775', 'place': '8 km E of Borrego Springs, CA', 'mag': 0.76, 'time': '2025-10-02 16:12:32', 'url': 'https://earthquake.usgs.gov/earthquakes/eventpage/ci41101775', 'coordinates': [-116.2923333, 33.2623333, 8.47]}
2025-10-02 11:16:50 | INFO | Sent message to Kafka topic 'project_json': {'id': 'ci41101775', 'place': '8 km E of Borrego Springs, CA', 'mag': 0.76, 'time': '2025-10-02 16:12:32', 'url': 'https://earthquake.usgs.gov/earthquakes/eventpage/ci41101775', 'coordinates': [-116.2923333, 33.2623333, 8.47]}
2025-10-02 11:17:53 | INFO | {'id': 'nn00905320', 'place': '19 km NNE of Yerington, Nevada', 'mag': 1.6, 'time': '2025-10-02 16:14:05', 'url': 'https://earthquake.usgs.gov/earthquakes/eventpage/nn00905320', 'coordinates': [-119.065, 39.1468, 6.1]}
2025-10-02 11:17:53 | INFO | Sent message to Kafka topic 'project_json': {'id': 'nn00905320', 'place': '19 km NNE of Yerington, Nevada', 'mag': 1.6, 'time': '2025-10-02 16:14:05', 'url': 'https://earthquake.usgs.gov/earthquakes/eventpage/nn00905320', 'coordinates': [-119.065, 39.1468, 6.1]}
2025-10-02 11:22:53 | INFO | {'id': 'ak025cn2fr3a', 'place': '29 km NNE of Paxson, Alaska', 'mag': 1.2, 'time': '2025-10-02 16:20:42', 'url': 'https://earthquake.usgs.gov/earthquakes/eventpage/ak025cn2fr3a', 'coordinates': [-145.4669, 63.3421, 8.1]}
2025-10-02 11:22:53 | INFO | Sent message to Kafka topic 'project_json': {'id': 'ak025cn2fr3a', 'place': '29 km NNE of Paxson, Alaska', 'mag': 1.2, 'time': '2025-10-02 16:20:42', 'url': 'https://earthquake.usgs.gov/earthquakes/eventpage/ak025cn2fr3a', 'coordinates': [-145.4669, 63.3421, 8.1]}
2025-10-02 11:22:53 | INFO | {'id': 'nc75243956', 'place': '3 km SE of The Geysers, CA', 'mag': 0.91, 'time': '2025-10-02 16:20:21', 'url': 'https://earthquake.usgs.gov/earthquakes/eventpage/nc75243956', 'coordinates': [-122.731834411621, 38.764331817627, 1.51999998092651]}
2025-10-02 11:22:53 | INFO | Sent message to Kafka topic 'project_json': {'id': 'nc75243956', 'place': '3 km SE of The Geysers, CA', 'mag': 0.91, 'time': '2025-10-02 16:20:21', 'url': 'https://earthquake.usgs.gov/earthquakes/eventpage/nc75243956', 'coordinates': [-122.731834411621, 38.764331817627, 1.51999998092651]}
2025-10-02 11:38:50 | INFO | {'id': 'nn00905323', 'place': '62 km E of Tonopah, Nevada', 'mag': 2.2, 'time': '2025-10-02 16:35:14', 'url': 'https://earthquake.usgs.gov/earthquakes/eventpage/nn00905323', 'coordinates': [-116.5267, 38.1687, 1]}
2025-10-02 11:38:50 | INFO | Sent message to Kafka topic 'project_json': {'id': 'nn00905323', 'place': '62 km E of Tonopah, Nevada', 'mag': 2.2, 'time': '2025-10-02 16:35:14', 'url': 'https://earthquake.usgs.gov/earthquakes/eventpage/nn00905323', 'coordinates': [-116.5267, 38.1687, 1]}
2025-10-02 11:49:53 | INFO | {'id': 'tx2025tkgjsf', 'place': '15 km ENE of Falls City, Texas', 'mag': 1.9, 'time': '2025-10-02 16:48:05', 'url': 'https://earthquake.usgs.gov/earthquakes/eventpage/tx2025tkgjsf', 'coordinates': [-97.88, 29.045, 9.6775]}
2025-10-02 11:49:53 | INFO | Sent message to Kafka topic 'project_json': {'id': 'tx2025tkgjsf', 'place': '15 km ENE of Falls City, Texas', 'mag': 1.9, 'time': '2025-10-02 16:48:05', 'url': 'https://earthquake.usgs.gov/earthquakes/eventpage/tx2025tkgjsf', 'coordinates': [-97.88, 29.045, 9.6775]}
2025-10-02 11:49:53 | INFO | {'id': 'us6000re78', 'place': '169 km SSE of Vilyuchinsk, Russia', 'mag': 4.4, 'time': '2025-10-02 16:12:02', 'url': 'https://earthquake.usgs.gov/earthquakes/eventpage/us6000re78', 'coordinates': [158.9395, 51.4471, 35]}
2025-10-02 11:49:53 | INFO | Sent message to Kafka topic 'project_json': {'id': 'us6000re78', 'place': '169 km SSE of Vilyuchinsk, Russia', 'mag': 4.4, 'time': '2025-10-02 16:12:02', 'url': 'https://earthquake.usgs.gov/earthquakes/eventpage/us6000re78', 'coordinates': [158.9395, 51.4471, 35]}
2025-10-02 11:55:51 | INFO | {'id': 'nc75243966', 'place': '4 km NW of The Geysers, CA', 'mag': 0.47, 'time': '2025-10-02 16:53:48', 'url': 'https://earthquake.usgs.gov/earthquakes/eventpage/nc75243966', 'coordinates': [-122.78133392334, 38.8035011291504, 3.07999992370605]}
2025-10-02 11:55:51 | INFO | Sent message to Kafka topic 'project_json': {'id': 'nc75243966', 'place': '4 km NW of The Geysers, CA', 'mag': 0.47, 'time': '2025-10-02 16:53:48', 'url': 'https://earthquake.usgs.gov/earthquakes/eventpage/nc75243966', 'coordinates': [-122.78133392334, 38.8035011291504, 3.07999992370605]}
2025-10-02 11:56:54 | INFO | {'id': 'tx2025tkgprs', 'place': '11 km NNW of Midland, Texas', 'mag': 1.1, 'time': '2025-10-02 16:54:51', 'url': 'https://earthquake.usgs.gov/earthquakes/eventpage/tx2025tkgprs', 'coordinates': [-102.115, 32.099, 3.9496]}
