2025-10-01 18:27:19 | WARNING | Producer interrupted by user.
2025-10-01 18:27:19 | INFO | Kafka producer closed.
2025-10-01 18:27:19 | INFO | Producer shutting down.
2025-10-01 18:32:22 | INFO | Logging to file: logs/project_log.log
2025-10-01 18:32:22 | INFO | Log sanitization enabled, personal info removed
2025-10-01 18:32:22 | INFO | START earthquake producer...
2025-10-01 18:32:22 | INFO | Kafka producer connected to localhost:9092
2025-10-01 18:32:23 | INFO | {'id': 'ak025clj0wjt', 'place': '44 km SSE of Cantwell, Alaska', 'mag': 2.4, 'time': '2025-10-01 23:13:26', 'url': 'https://earthquake.usgs.gov/earthquakes/eventpage/ak025clj0wjt', 'coordinates': [-148.7602, 63.0041, 57.3]}
2025-10-01 18:32:23 | INFO | Sent message to Kafka topic 'project_json': {'id': 'ak025clj0wjt', 'place': '44 km SSE of Cantwell, Alaska', 'mag': 2.4, 'time': '2025-10-01 23:13:26', 'url': 'https://earthquake.usgs.gov/earthquakes/eventpage/ak025clj0wjt', 'coordinates': [-148.7602, 63.0041, 57.3]}
2025-10-01 18:32:23 | INFO | {'id': 'ak025clizwfi', 'place': '32 km NW of Petersville, Alaska', 'mag': 1.2, 'time': '2025-10-01 23:08:58', 'url': 'https://earthquake.usgs.gov/earthquakes/eventpage/ak025clizwfi', 'coordinates': [-151.1303, 62.7336, 101.9]}
2025-10-01 18:32:23 | INFO | Sent message to Kafka topic 'project_json': {'id': 'ak025clizwfi', 'place': '32 km NW of Petersville, Alaska', 'mag': 1.2, 'time': '2025-10-01 23:08:58', 'url': 'https://earthquake.usgs.gov/earthquakes/eventpage/ak025clizwfi', 'coordinates': [-151.1303, 62.7336, 101.9]}
2025-10-01 18:32:23 | INFO | {'id': 'ci41101543', 'place': '5 km ENE of Banning, CA', 'mag': 1.24, 'time': '2025-10-01 23:08:01', 'url': 'https://earthquake.usgs.gov/earthquakes/eventpage/ci41101543', 'coordinates': [-116.8296667, 33.9491667, 18.14]}
2025-10-01 18:32:23 | INFO | Sent message to Kafka topic 'project_json': {'id': 'ci41101543', 'place': '5 km ENE of Banning, CA', 'mag': 1.24, 'time': '2025-10-01 23:08:01', 'url': 'https://earthquake.usgs.gov/earthquakes/eventpage/ci41101543', 'coordinates': [-116.8296667, 33.9491667, 18.14]}
2025-10-01 18:32:23 | INFO | {'id': 'us6000re43', 'place': 'Bonin Islands, Japan region', 'mag': 4.2, 'time': '2025-10-01 23:02:50', 'url': 'https://earthquake.usgs.gov/earthquakes/eventpage/us6000re43', 'coordinates': [139.5746, 28.4417, 421.007]}
2025-10-01 18:32:23 | INFO | Sent message to Kafka topic 'project_json': {'id': 'us6000re43', 'place': 'Bonin Islands, Japan region', 'mag': 4.2, 'time': '2025-10-01 23:02:50', 'url': 'https://earthquake.usgs.gov/earthquakes/eventpage/us6000re43', 'coordinates': [139.5746, 28.4417, 421.007]}
2025-10-01 18:32:23 | INFO | {'id': 'ak025climjsb', 'place': '40 km S of Denali National Park, Alaska', 'mag': 1.9, 'time': '2025-10-01 22:46:28', 'url': 'https://earthquake.usgs.gov/earthquakes/eventpage/ak025climjsb', 'coordinates': [-151.6363, 63.1767, 0.2]}
2025-10-01 18:32:23 | INFO | Sent message to Kafka topic 'project_json': {'id': 'ak025climjsb', 'place': '40 km S of Denali National Park, Alaska', 'mag': 1.9, 'time': '2025-10-01 22:46:28', 'url': 'https://earthquake.usgs.gov/earthquakes/eventpage/ak025climjsb', 'coordinates': [-151.6363, 63.1767, 0.2]}
2025-10-01 18:32:23 | INFO | {'id': 'ok2025tgni', 'place': '9 km SW of Mill Creek, Oklahoma', 'mag': 1.71, 'time': '2025-10-01 22:43:54', 'url': 'https://earthquake.usgs.gov/earthquakes/eventpage/ok2025tgni', 'coordinates': [-96.894104, 34.3429718, 5]}
2025-10-01 18:32:23 | INFO | Sent message to Kafka topic 'project_json': {'id': 'ok2025tgni', 'place': '9 km SW of Mill Creek, Oklahoma', 'mag': 1.71, 'time': '2025-10-01 22:43:54', 'url': 'https://earthquake.usgs.gov/earthquakes/eventpage/ok2025tgni', 'coordinates': [-96.894104, 34.3429718, 5]}
2025-10-01 18:32:23 | INFO | {'id': 'ci41101535', 'place': '11 km NNW of Ocotillo, CA', 'mag': 1.27, 'time': '2025-10-01 22:41:58', 'url': 'https://earthquake.usgs.gov/earthquakes/eventpage/ci41101535', 'coordinates': [-116.0413333, 32.8288333, 8.58]}
2025-10-01 18:32:23 | INFO | Sent message to Kafka topic 'project_json': {'id': 'ci41101535', 'place': '11 km NNW of Ocotillo, CA', 'mag': 1.27, 'time': '2025-10-01 22:41:58', 'url': 'https://earthquake.usgs.gov/earthquakes/eventpage/ci41101535', 'coordinates': [-116.0413333, 32.8288333, 8.58]}
2025-10-01 18:32:23 | INFO | {'id': 'ci41101527', 'place': '9 km NNE of Coso Junction, CA', 'mag': 1.09, 'time': '2025-10-01 22:37:23', 'url': 'https://earthquake.usgs.gov/earthquakes/eventpage/ci41101527', 'coordinates': [-117.9146667, 36.1171667, 5.39]}
2025-10-01 18:32:23 | INFO | Sent message to Kafka topic 'project_json': {'id': 'ci41101527', 'place': '9 km NNE of Coso Junction, CA', 'mag': 1.09, 'time': '2025-10-01 22:37:23', 'url': 'https://earthquake.usgs.gov/earthquakes/eventpage/ci41101527', 'coordinates': [-117.9146667, 36.1171667, 5.39]}
2025-10-01 18:32:23 | INFO | {'id': 'nc75243671', 'place': '15 km S of Tres Pinos, CA', 'mag': 1.16, 'time': '2025-10-01 22:35:22', 'url': 'https://earthquake.usgs.gov/earthquakes/eventpage/nc75243671', 'coordinates': [-121.31616973877, 36.6520004272461, 2.86999988555908]}
2025-10-01 18:32:23 | INFO | Sent message to Kafka topic 'project_json': {'id': 'nc75243671', 'place': '15 km S of Tres Pinos, CA', 'mag': 1.16, 'time': '2025-10-01 22:35:22', 'url': 'https://earthquake.usgs.gov/earthquakes/eventpage/nc75243671', 'coordinates': [-121.31616973877, 36.6520004272461, 2.86999988555908]}
2025-10-01 18:33:04 | INFO | Logging to file: logs/project_log.log
2025-10-01 18:33:04 | INFO | Log sanitization enabled, personal info removed
2025-10-01 18:33:09 | INFO | START earthquake consumer
2025-10-01 18:33:09 | INFO | Kafka broker address: localhost:9092
2025-10-01 18:33:09 | INFO | Creating Kafka consumer. Topic='project_json' and group ID='buzz_group'.
2025-10-01 18:33:09 | INFO | Kafka consumer created successfully.
2025-10-01 18:33:09 | INFO | Consuming from topic 'project_json' in group 'buzz_group'...
2025-10-01 18:33:12 | INFO | New quake: {'lon': -116.8308334, 'lat': 33.949501, 'mag': 1.34, 'place': '5 km ENE of Banning, CA', 'timestamp': datetime.datetime(2025, 10, 1, 23, 33, 12, 735383)}
2025-10-01 18:33:12 | ERROR | Error processing message: name 'matplotlib' is not defined
2025-10-01 18:33:12 | INFO | New quake: {'lon': -151.1303, 'lat': 62.7336, 'mag': 1.2, 'place': '32 km NW of Petersville, Alaska', 'timestamp': datetime.datetime(2025, 10, 1, 23, 33, 12, 866440)}
2025-10-01 18:33:12 | ERROR | Error processing message: name 'matplotlib' is not defined
2025-10-01 18:33:12 | INFO | New quake: {'lon': -148.7561, 'lat': 63.0034, 'mag': 2.4, 'place': '44 km SSE of Cantwell, Alaska', 'timestamp': datetime.datetime(2025, 10, 1, 23, 33, 12, 888773)}
2025-10-01 18:33:12 | ERROR | Error processing message: name 'matplotlib' is not defined
2025-10-01 18:33:12 | INFO | New quake: {'lon': 139.5746, 'lat': 28.4417, 'mag': 4.2, 'place': 'Bonin Islands, Japan region', 'timestamp': datetime.datetime(2025, 10, 1, 23, 33, 12, 917484)}
2025-10-01 18:33:12 | ERROR | Error processing message: name 'matplotlib' is not defined
2025-10-01 18:33:12 | INFO | New quake: {'lon': -148.7602, 'lat': 63.0041, 'mag': 2.4, 'place': '44 km SSE of Cantwell, Alaska', 'timestamp': datetime.datetime(2025, 10, 1, 23, 33, 12, 948180)}
2025-10-01 18:33:12 | ERROR | Error processing message: name 'matplotlib' is not defined
2025-10-01 18:33:12 | INFO | New quake: {'lon': -151.1303, 'lat': 62.7336, 'mag': 1.2, 'place': '32 km NW of Petersville, Alaska', 'timestamp': datetime.datetime(2025, 10, 1, 23, 33, 12, 974954)}
2025-10-01 18:33:12 | ERROR | Error processing message: name 'matplotlib' is not defined
2025-10-01 18:33:12 | INFO | New quake: {'lon': -116.8296667, 'lat': 33.9491667, 'mag': 1.24, 'place': '5 km ENE of Banning, CA', 'timestamp': datetime.datetime(2025, 10, 1, 23, 33, 12, 998072)}
2025-10-01 18:33:13 | ERROR | Error processing message: name 'matplotlib' is not defined
2025-10-01 18:33:13 | INFO | New quake: {'lon': 139.5746, 'lat': 28.4417, 'mag': 4.2, 'place': 'Bonin Islands, Japan region', 'timestamp': datetime.datetime(2025, 10, 1, 23, 33, 13, 30063)}
2025-10-01 18:33:13 | ERROR | Error processing message: name 'matplotlib' is not defined
2025-10-01 18:33:13 | INFO | New quake: {'lon': -151.6363, 'lat': 63.1767, 'mag': 1.9, 'place': '40 km S of Denali National Park, Alaska', 'timestamp': datetime.datetime(2025, 10, 1, 23, 33, 13, 57220)}
2025-10-01 18:33:13 | ERROR | Error processing message: name 'matplotlib' is not defined
2025-10-01 18:33:13 | INFO | New quake: {'lon': -96.894104, 'lat': 34.3429718, 'mag': 1.71, 'place': '9 km SW of Mill Creek, Oklahoma', 'timestamp': datetime.datetime(2025, 10, 1, 23, 33, 13, 78570)}
2025-10-01 18:33:13 | ERROR | Error processing message: name 'matplotlib' is not defined
2025-10-01 18:33:13 | INFO | New quake: {'lon': -116.0413333, 'lat': 32.8288333, 'mag': 1.27, 'place': '11 km NNW of Ocotillo, CA', 'timestamp': datetime.datetime(2025, 10, 1, 23, 33, 13, 98827)}
2025-10-01 18:33:13 | ERROR | Error processing message: name 'matplotlib' is not defined
2025-10-01 18:33:13 | INFO | New quake: {'lon': -117.9146667, 'lat': 36.1171667, 'mag': 1.09, 'place': '9 km NNE of Coso Junction, CA', 'timestamp': datetime.datetime(2025, 10, 1, 23, 33, 13, 129090)}
2025-10-01 18:33:13 | ERROR | Error processing message: name 'matplotlib' is not defined
2025-10-01 18:33:13 | INFO | New quake: {'lon': -121.31616973877, 'lat': 36.6520004272461, 'mag': 1.16, 'place': '15 km S of Tres Pinos, CA', 'timestamp': datetime.datetime(2025, 10, 1, 23, 33, 13, 160722)}
2025-10-01 18:33:13 | ERROR | Error processing message: name 'matplotlib' is not defined
2025-10-01 18:33:22 | WARNING | Consumer interrupted.
2025-10-01 18:33:22 | INFO | Consumer closed.
2025-10-01 18:34:04 | INFO | Logging to file: logs/project_log.log
2025-10-01 18:34:04 | INFO | Log sanitization enabled, personal info removed
2025-10-01 18:34:06 | INFO | START earthquake consumer
2025-10-01 18:34:06 | INFO | Kafka broker address: localhost:9092
2025-10-01 18:34:06 | INFO | Creating Kafka consumer. Topic='project_json' and group ID='buzz_group'.
2025-10-01 18:34:06 | INFO | Kafka consumer created successfully.
2025-10-01 18:34:06 | INFO | Consuming from topic 'project_json' in group 'buzz_group'...
2025-10-01 18:35:14 | INFO | {'id': 'ak025clj5569', 'place': '108 km S of McCarthy, Alaska', 'mag': 0.8, 'time': '2025-10-01 23:33:04', 'url': 'https://earthquake.usgs.gov/earthquakes/eventpage/ak025clj5569', 'coordinates': [-142.8987, 60.4578, 6.5]}
2025-10-01 18:35:14 | INFO | Sent message to Kafka topic 'project_json': {'id': 'ak025clj5569', 'place': '108 km S of McCarthy, Alaska', 'mag': 0.8, 'time': '2025-10-01 23:33:04', 'url': 'https://earthquake.usgs.gov/earthquakes/eventpage/ak025clj5569', 'coordinates': [-142.8987, 60.4578, 6.5]}
2025-10-01 18:35:14 | INFO | New quake: {'lon': -142.8987, 'lat': 60.4578, 'mag': 0.8, 'place': '108 km S of McCarthy, Alaska', 'timestamp': datetime.datetime(2025, 10, 1, 23, 35, 14, 718115)}
2025-10-01 18:35:41 | WARNING | Consumer interrupted.
2025-10-01 18:35:41 | INFO | Consumer closed.
2025-10-01 18:38:15 | INFO | Logging to file: logs/project_log.log
2025-10-01 18:38:15 | INFO | Log sanitization enabled, personal info removed
2025-10-01 18:38:17 | INFO | START earthquake consumer
2025-10-01 18:38:17 | INFO | Kafka broker address: localhost:9092
2025-10-01 18:38:17 | INFO | Creating Kafka consumer. Topic='project_json' and group ID='buzz_group'.
2025-10-01 18:38:17 | INFO | Kafka consumer created successfully.
2025-10-01 18:38:17 | INFO | Consuming from topic 'project_json' in group 'buzz_group'...
2025-10-01 18:44:51 | WARNING | Producer interrupted by user.
2025-10-01 18:44:51 | INFO | Kafka producer closed.
2025-10-01 18:44:51 | INFO | Producer shutting down.
2025-10-01 18:44:57 | INFO | Logging to file: logs/project_log.log
2025-10-01 18:44:57 | INFO | Log sanitization enabled, personal info removed
2025-10-01 18:44:57 | INFO | START earthquake producer...
2025-10-01 18:44:57 | INFO | Kafka producer connected to localhost:9092
2025-10-01 18:44:57 | INFO | {'id': 'ak025clj5569', 'place': '108 km S of McCarthy, Alaska', 'mag': 0.8, 'time': '2025-10-01 23:33:04', 'url': 'https://earthquake.usgs.gov/earthquakes/eventpage/ak025clj5569', 'coordinates': [-142.8987, 60.4578, 6.5]}
2025-10-01 18:44:57 | INFO | Sent message to Kafka topic 'project_json': {'id': 'ak025clj5569', 'place': '108 km S of McCarthy, Alaska', 'mag': 0.8, 'time': '2025-10-01 23:33:04', 'url': 'https://earthquake.usgs.gov/earthquakes/eventpage/ak025clj5569', 'coordinates': [-142.8987, 60.4578, 6.5]}
2025-10-01 18:44:57 | INFO | {'id': 'ak025clj0wjt', 'place': '44 km SSE of Cantwell, Alaska', 'mag': 2.4, 'time': '2025-10-01 23:13:26', 'url': 'https://earthquake.usgs.gov/earthquakes/eventpage/ak025clj0wjt', 'coordinates': [-148.7602, 63.0041, 57.3]}
2025-10-01 18:44:57 | INFO | New quake: {'lon': -142.8987, 'lat': 60.4578, 'mag': 0.8, 'place': '108 km S of McCarthy, Alaska', 'timestamp': datetime.datetime(2025, 10, 1, 23, 44, 57, 576687)}
2025-10-01 18:44:57 | INFO | Sent message to Kafka topic 'project_json': {'id': 'ak025clj0wjt', 'place': '44 km SSE of Cantwell, Alaska', 'mag': 2.4, 'time': '2025-10-01 23:13:26', 'url': 'https://earthquake.usgs.gov/earthquakes/eventpage/ak025clj0wjt', 'coordinates': [-148.7602, 63.0041, 57.3]}
2025-10-01 18:44:57 | INFO | {'id': 'ak025clizwfi', 'place': '32 km NW of Petersville, Alaska', 'mag': 1.2, 'time': '2025-10-01 23:08:58', 'url': 'https://earthquake.usgs.gov/earthquakes/eventpage/ak025clizwfi', 'coordinates': [-151.1303, 62.7336, 101.9]}
2025-10-01 18:44:57 | INFO | Sent message to Kafka topic 'project_json': {'id': 'ak025clizwfi', 'place': '32 km NW of Petersville, Alaska', 'mag': 1.2, 'time': '2025-10-01 23:08:58', 'url': 'https://earthquake.usgs.gov/earthquakes/eventpage/ak025clizwfi', 'coordinates': [-151.1303, 62.7336, 101.9]}
2025-10-01 18:44:57 | INFO | {'id': 'ci41101543', 'place': '5 km ENE of Banning, CA', 'mag': 1.24, 'time': '2025-10-01 23:08:01', 'url': 'https://earthquake.usgs.gov/earthquakes/eventpage/ci41101543', 'coordinates': [-116.8296667, 33.9491667, 18.14]}
2025-10-01 18:44:57 | INFO | Sent message to Kafka topic 'project_json': {'id': 'ci41101543', 'place': '5 km ENE of Banning, CA', 'mag': 1.24, 'time': '2025-10-01 23:08:01', 'url': 'https://earthquake.usgs.gov/earthquakes/eventpage/ci41101543', 'coordinates': [-116.8296667, 33.9491667, 18.14]}
2025-10-01 18:44:57 | INFO | {'id': 'us6000re43', 'place': 'Bonin Islands, Japan region', 'mag': 4.2, 'time': '2025-10-01 23:02:50', 'url': 'https://earthquake.usgs.gov/earthquakes/eventpage/us6000re43', 'coordinates': [139.5746, 28.4417, 421.007]}
2025-10-01 18:44:57 | INFO | Sent message to Kafka topic 'project_json': {'id': 'us6000re43', 'place': 'Bonin Islands, Japan region', 'mag': 4.2, 'time': '2025-10-01 23:02:50', 'url': 'https://earthquake.usgs.gov/earthquakes/eventpage/us6000re43', 'coordinates': [139.5746, 28.4417, 421.007]}
2025-10-01 18:44:57 | INFO | {'id': 'ak025climjsb', 'place': '40 km S of Denali National Park, Alaska', 'mag': 1.9, 'time': '2025-10-01 22:46:28', 'url': 'https://earthquake.usgs.gov/earthquakes/eventpage/ak025climjsb', 'coordinates': [-151.6363, 63.1767, 0.2]}
2025-10-01 18:44:57 | INFO | Sent message to Kafka topic 'project_json': {'id': 'ak025climjsb', 'place': '40 km S of Denali National Park, Alaska', 'mag': 1.9, 'time': '2025-10-01 22:46:28', 'url': 'https://earthquake.usgs.gov/earthquakes/eventpage/ak025climjsb', 'coordinates': [-151.6363, 63.1767, 0.2]}
2025-10-01 18:44:58 | INFO | New quake: {'lon': -148.7602, 'lat': 63.0041, 'mag': 2.4, 'place': '44 km SSE of Cantwell, Alaska', 'timestamp': datetime.datetime(2025, 10, 1, 23, 44, 58, 564394)}
2025-10-01 18:44:59 | INFO | New quake: {'lon': -151.1303, 'lat': 62.7336, 'mag': 1.2, 'place': '32 km NW of Petersville, Alaska', 'timestamp': datetime.datetime(2025, 10, 1, 23, 44, 59, 15764)}
2025-10-01 18:44:59 | INFO | New quake: {'lon': -116.8296667, 'lat': 33.9491667, 'mag': 1.24, 'place': '5 km ENE of Banning, CA', 'timestamp': datetime.datetime(2025, 10, 1, 23, 44, 59, 117591)}
2025-10-01 18:44:59 | INFO | New quake: {'lon': 139.5746, 'lat': 28.4417, 'mag': 4.2, 'place': 'Bonin Islands, Japan region', 'timestamp': datetime.datetime(2025, 10, 1, 23, 44, 59, 222499)}
2025-10-01 18:44:59 | INFO | New quake: {'lon': -151.6363, 'lat': 63.1767, 'mag': 1.9, 'place': '40 km S of Denali National Park, Alaska', 'timestamp': datetime.datetime(2025, 10, 1, 23, 44, 59, 331098)}
2025-10-01 18:50:13 | INFO | {'id': 'nn00905288', 'place': '20 km NW of Stagecoach, Nevada', 'mag': 1.8, 'time': '2025-10-01 23:46:41', 'url': 'https://earthquake.usgs.gov/earthquakes/eventpage/nn00905288', 'coordinates': [-119.5119, 39.5241, 0.3]}
2025-10-01 18:50:13 | INFO | Sent message to Kafka topic 'project_json': {'id': 'nn00905288', 'place': '20 km NW of Stagecoach, Nevada', 'mag': 1.8, 'time': '2025-10-01 23:46:41', 'url': 'https://earthquake.usgs.gov/earthquakes/eventpage/nn00905288', 'coordinates': [-119.5119, 39.5241, 0.3]}
2025-10-01 18:50:13 | INFO | New quake: {'lon': -119.5119, 'lat': 39.5241, 'mag': 1.8, 'place': '20 km NW of Stagecoach, Nevada', 'timestamp': datetime.datetime(2025, 10, 1, 23, 50, 13, 393510)}
2025-10-01 18:53:16 | WARNING | Consumer interrupted.
2025-10-01 18:53:16 | INFO | Consumer closed.
2025-10-01 18:53:28 | WARNING | Producer interrupted by user.
2025-10-01 18:53:28 | INFO | Kafka producer closed.
2025-10-01 18:53:28 | INFO | Producer shutting down.
2025-10-01 18:53:37 | INFO | Logging to file: logs/project_log.log
2025-10-01 18:53:37 | INFO | Log sanitization enabled, personal info removed
2025-10-01 18:53:39 | INFO | START earthquake consumer
2025-10-01 18:53:39 | INFO | Kafka broker address: localhost:9092
2025-10-01 18:53:39 | INFO | Creating Kafka consumer. Topic='project_json' and group ID='buzz_group'.
2025-10-01 18:53:40 | INFO | Kafka consumer created successfully.
2025-10-01 18:53:40 | INFO | Consuming from topic 'project_json' in group 'buzz_group'...
2025-10-01 18:53:48 | INFO | Logging to file: logs/project_log.log
2025-10-01 18:53:48 | INFO | Log sanitization enabled, personal info removed
2025-10-01 18:53:48 | INFO | START earthquake producer...
2025-10-01 18:53:48 | INFO | Kafka producer connected to localhost:9092
2025-10-01 18:53:48 | INFO | {'id': 'nn00905288', 'place': '20 km NW of Stagecoach, Nevada', 'mag': 1.8, 'time': '2025-10-01 23:46:41', 'url': 'https://earthquake.usgs.gov/earthquakes/eventpage/nn00905288', 'coordinates': [-119.5119, 39.5241, 0.3]}
2025-10-01 18:53:48 | INFO | Sent message to Kafka topic 'project_json': {'id': 'nn00905288', 'place': '20 km NW of Stagecoach, Nevada', 'mag': 1.8, 'time': '2025-10-01 23:46:41', 'url': 'https://earthquake.usgs.gov/earthquakes/eventpage/nn00905288', 'coordinates': [-119.5119, 39.5241, 0.3]}
2025-10-01 18:53:48 | INFO | {'id': 'ak025clj5569', 'place': '108 km S of McCarthy, Alaska', 'mag': 0.8, 'time': '2025-10-01 23:33:04', 'url': 'https://earthquake.usgs.gov/earthquakes/eventpage/ak025clj5569', 'coordinates': [-142.8987, 60.4578, 6.5]}
2025-10-01 18:53:48 | INFO | New quake: {'lon': -119.5119, 'lat': 39.5241, 'mag': 1.8, 'place': '20 km NW of Stagecoach, Nevada', 'timestamp': datetime.datetime(2025, 10, 1, 23, 53, 48, 881800)}
2025-10-01 18:53:48 | INFO | Sent message to Kafka topic 'project_json': {'id': 'ak025clj5569', 'place': '108 km S of McCarthy, Alaska', 'mag': 0.8, 'time': '2025-10-01 23:33:04', 'url': 'https://earthquake.usgs.gov/earthquakes/eventpage/ak025clj5569', 'coordinates': [-142.8987, 60.4578, 6.5]}
2025-10-01 18:53:48 | INFO | {'id': 'ak025clj0wjt', 'place': '44 km SSE of Cantwell, Alaska', 'mag': 2.4, 'time': '2025-10-01 23:13:26', 'url': 'https://earthquake.usgs.gov/earthquakes/eventpage/ak025clj0wjt', 'coordinates': [-148.7602, 63.0041, 57.3]}
2025-10-01 18:53:48 | INFO | Sent message to Kafka topic 'project_json': {'id': 'ak025clj0wjt', 'place': '44 km SSE of Cantwell, Alaska', 'mag': 2.4, 'time': '2025-10-01 23:13:26', 'url': 'https://earthquake.usgs.gov/earthquakes/eventpage/ak025clj0wjt', 'coordinates': [-148.7602, 63.0041, 57.3]}
2025-10-01 18:53:48 | INFO | {'id': 'ak025clizwfi', 'place': '32 km NW of Petersville, Alaska', 'mag': 1.2, 'time': '2025-10-01 23:08:58', 'url': 'https://earthquake.usgs.gov/earthquakes/eventpage/ak025clizwfi', 'coordinates': [-151.1303, 62.7336, 101.9]}
2025-10-01 18:53:48 | INFO | Sent message to Kafka topic 'project_json': {'id': 'ak025clizwfi', 'place': '32 km NW of Petersville, Alaska', 'mag': 1.2, 'time': '2025-10-01 23:08:58', 'url': 'https://earthquake.usgs.gov/earthquakes/eventpage/ak025clizwfi', 'coordinates': [-151.1303, 62.7336, 101.9]}
2025-10-01 18:53:48 | INFO | {'id': 'ci41101543', 'place': '5 km ENE of Banning, CA', 'mag': 1.24, 'time': '2025-10-01 23:08:01', 'url': 'https://earthquake.usgs.gov/earthquakes/eventpage/ci41101543', 'coordinates': [-116.8296667, 33.9491667, 18.14]}
2025-10-01 18:53:48 | INFO | Sent message to Kafka topic 'project_json': {'id': 'ci41101543', 'place': '5 km ENE of Banning, CA', 'mag': 1.24, 'time': '2025-10-01 23:08:01', 'url': 'https://earthquake.usgs.gov/earthquakes/eventpage/ci41101543', 'coordinates': [-116.8296667, 33.9491667, 18.14]}
2025-10-01 18:53:48 | INFO | {'id': 'us6000re43', 'place': 'Bonin Islands, Japan region', 'mag': 4.2, 'time': '2025-10-01 23:02:50', 'url': 'https://earthquake.usgs.gov/earthquakes/eventpage/us6000re43', 'coordinates': [139.5746, 28.4417, 421.007]}
2025-10-01 18:53:48 | INFO | Sent message to Kafka topic 'project_json': {'id': 'us6000re43', 'place': 'Bonin Islands, Japan region', 'mag': 4.2, 'time': '2025-10-01 23:02:50', 'url': 'https://earthquake.usgs.gov/earthquakes/eventpage/us6000re43', 'coordinates': [139.5746, 28.4417, 421.007]}
2025-10-01 18:53:58 | INFO | New quake: {'lon': -142.8987, 'lat': 60.4578, 'mag': 0.8, 'place': '108 km S of McCarthy, Alaska', 'timestamp': datetime.datetime(2025, 10, 1, 23, 53, 58, 283271)}
2025-10-01 18:53:58 | INFO | New quake: {'lon': -148.7602, 'lat': 63.0041, 'mag': 2.4, 'place': '44 km SSE of Cantwell, Alaska', 'timestamp': datetime.datetime(2025, 10, 1, 23, 53, 58, 657616)}
2025-10-01 18:53:58 | INFO | New quake: {'lon': -151.1303, 'lat': 62.7336, 'mag': 1.2, 'place': '32 km NW of Petersville, Alaska', 'timestamp': datetime.datetime(2025, 10, 1, 23, 53, 58, 888925)}
2025-10-01 18:53:59 | INFO | New quake: {'lon': -116.8296667, 'lat': 33.9491667, 'mag': 1.24, 'place': '5 km ENE of Banning, CA', 'timestamp': datetime.datetime(2025, 10, 1, 23, 53, 59, 100393)}
2025-10-01 18:53:59 | INFO | New quake: {'lon': 139.5746, 'lat': 28.4417, 'mag': 4.2, 'place': 'Bonin Islands, Japan region', 'timestamp': datetime.datetime(2025, 10, 1, 23, 53, 59, 351613)}
2025-10-01 18:57:10 | INFO | {'id': 'ci41101551', 'place': '4 km NW of Granada Hills, CA', 'mag': 1.44, 'time': '2025-10-01 23:54:34', 'url': 'https://earthquake.usgs.gov/earthquakes/eventpage/ci41101551', 'coordinates': [-118.5339966, 34.2905006, 7.49]}
2025-10-01 18:57:10 | INFO | Sent message to Kafka topic 'project_json': {'id': 'ci41101551', 'place': '4 km NW of Granada Hills, CA', 'mag': 1.44, 'time': '2025-10-01 23:54:34', 'url': 'https://earthquake.usgs.gov/earthquakes/eventpage/ci41101551', 'coordinates': [-118.5339966, 34.2905006, 7.49]}
2025-10-01 18:57:10 | INFO | New quake: {'lon': -118.5339966, 'lat': 34.2905006, 'mag': 1.44, 'place': '4 km NW of Granada Hills, CA', 'timestamp': datetime.datetime(2025, 10, 1, 23, 57, 10, 737958)}
2025-10-01 18:57:45 | WARNING | Consumer interrupted.
2025-10-01 18:57:45 | INFO | Consumer closed.
2025-10-01 18:57:57 | WARNING | Producer interrupted by user.
2025-10-01 18:57:57 | INFO | Kafka producer closed.
2025-10-01 18:57:57 | INFO | Producer shutting down.
2025-10-01 18:58:26 | INFO | Logging to file: logs/project_log.log
2025-10-01 18:58:26 | INFO | Log sanitization enabled, personal info removed
2025-10-01 18:58:28 | INFO | START earthquake consumer
2025-10-01 18:58:28 | INFO | Kafka broker address: localhost:9092
2025-10-01 18:58:28 | INFO | Creating Kafka consumer. Topic='project_json' and group ID='buzz_group'.
2025-10-01 18:58:29 | INFO | Kafka consumer created successfully.
2025-10-01 18:58:29 | INFO | Consuming from topic 'project_json' in group 'buzz_group'...
2025-10-01 18:58:39 | INFO | Logging to file: logs/project_log.log
2025-10-01 18:58:39 | INFO | Log sanitization enabled, personal info removed
2025-10-01 18:58:39 | INFO | START earthquake producer...
2025-10-01 18:58:39 | INFO | Kafka producer connected to localhost:9092
2025-10-01 18:58:39 | INFO | {'id': 'ci41101551', 'place': '4 km NW of Granada Hills, CA', 'mag': 1.44, 'time': '2025-10-01 23:54:34', 'url': 'https://earthquake.usgs.gov/earthquakes/eventpage/ci41101551', 'coordinates': [-118.5339966, 34.2905006, 7.49]}
2025-10-01 18:58:39 | INFO | Sent message to Kafka topic 'project_json': {'id': 'ci41101551', 'place': '4 km NW of Granada Hills, CA', 'mag': 1.44, 'time': '2025-10-01 23:54:34', 'url': 'https://earthquake.usgs.gov/earthquakes/eventpage/ci41101551', 'coordinates': [-118.5339966, 34.2905006, 7.49]}
2025-10-01 18:58:39 | INFO | {'id': 'nn00905288', 'place': '20 km NW of Stagecoach, Nevada', 'mag': 1.8, 'time': '2025-10-01 23:46:41', 'url': 'https://earthquake.usgs.gov/earthquakes/eventpage/nn00905288', 'coordinates': [-119.5119, 39.5241, 0.3]}
2025-10-01 18:58:39 | INFO | New quake: {'lon': -118.5339966, 'lat': 34.2905006, 'mag': 1.44, 'place': '4 km NW of Granada Hills, CA', 'timestamp': datetime.datetime(2025, 10, 1, 23, 58, 39, 984829)}
2025-10-01 18:58:39 | INFO | Sent message to Kafka topic 'project_json': {'id': 'nn00905288', 'place': '20 km NW of Stagecoach, Nevada', 'mag': 1.8, 'time': '2025-10-01 23:46:41', 'url': 'https://earthquake.usgs.gov/earthquakes/eventpage/nn00905288', 'coordinates': [-119.5119, 39.5241, 0.3]}
2025-10-01 18:58:39 | INFO | {'id': 'ak025clj5569', 'place': '108 km S of McCarthy, Alaska', 'mag': 0.8, 'time': '2025-10-01 23:33:04', 'url': 'https://earthquake.usgs.gov/earthquakes/eventpage/ak025clj5569', 'coordinates': [-142.8987, 60.4578, 6.5]}
2025-10-01 18:58:40 | INFO | Sent message to Kafka topic 'project_json': {'id': 'ak025clj5569', 'place': '108 km S of McCarthy, Alaska', 'mag': 0.8, 'time': '2025-10-01 23:33:04', 'url': 'https://earthquake.usgs.gov/earthquakes/eventpage/ak025clj5569', 'coordinates': [-142.8987, 60.4578, 6.5]}
2025-10-01 18:58:40 | INFO | {'id': 'ak025clj0wjt', 'place': '44 km SSE of Cantwell, Alaska', 'mag': 2.4, 'time': '2025-10-01 23:13:26', 'url': 'https://earthquake.usgs.gov/earthquakes/eventpage/ak025clj0wjt', 'coordinates': [-148.7602, 63.0041, 57.3]}
2025-10-01 18:58:40 | INFO | Sent message to Kafka topic 'project_json': {'id': 'ak025clj0wjt', 'place': '44 km SSE of Cantwell, Alaska', 'mag': 2.4, 'time': '2025-10-01 23:13:26', 'url': 'https://earthquake.usgs.gov/earthquakes/eventpage/ak025clj0wjt', 'coordinates': [-148.7602, 63.0041, 57.3]}
2025-10-01 18:58:40 | INFO | {'id': 'ak025clizwfi', 'place': '32 km NW of Petersville, Alaska', 'mag': 1.2, 'time': '2025-10-01 23:08:58', 'url': 'https://earthquake.usgs.gov/earthquakes/eventpage/ak025clizwfi', 'coordinates': [-151.1303, 62.7336, 101.9]}
2025-10-01 18:58:40 | INFO | Sent message to Kafka topic 'project_json': {'id': 'ak025clizwfi', 'place': '32 km NW of Petersville, Alaska', 'mag': 1.2, 'time': '2025-10-01 23:08:58', 'url': 'https://earthquake.usgs.gov/earthquakes/eventpage/ak025clizwfi', 'coordinates': [-151.1303, 62.7336, 101.9]}
2025-10-01 18:58:40 | INFO | {'id': 'ci41101543', 'place': '5 km ENE of Banning, CA', 'mag': 1.24, 'time': '2025-10-01 23:08:01', 'url': 'https://earthquake.usgs.gov/earthquakes/eventpage/ci41101543', 'coordinates': [-116.8296667, 33.9491667, 18.14]}
2025-10-01 18:58:40 | INFO | Sent message to Kafka topic 'project_json': {'id': 'ci41101543', 'place': '5 km ENE of Banning, CA', 'mag': 1.24, 'time': '2025-10-01 23:08:01', 'url': 'https://earthquake.usgs.gov/earthquakes/eventpage/ci41101543', 'coordinates': [-116.8296667, 33.9491667, 18.14]}
2025-10-01 18:58:40 | INFO | {'id': 'us6000re43', 'place': 'Bonin Islands, Japan region', 'mag': 4.2, 'time': '2025-10-01 23:02:50', 'url': 'https://earthquake.usgs.gov/earthquakes/eventpage/us6000re43', 'coordinates': [139.5746, 28.4417, 421.007]}
2025-10-01 18:58:40 | INFO | Sent message to Kafka topic 'project_json': {'id': 'us6000re43', 'place': 'Bonin Islands, Japan region', 'mag': 4.2, 'time': '2025-10-01 23:02:50', 'url': 'https://earthquake.usgs.gov/earthquakes/eventpage/us6000re43', 'coordinates': [139.5746, 28.4417, 421.007]}
2025-10-01 18:58:41 | INFO | New quake: {'lon': -119.5119, 'lat': 39.5241, 'mag': 1.8, 'place': '20 km NW of Stagecoach, Nevada', 'timestamp': datetime.datetime(2025, 10, 1, 23, 58, 41, 645534)}
2025-10-01 18:58:41 | INFO | New quake: {'lon': -142.8987, 'lat': 60.4578, 'mag': 0.8, 'place': '108 km S of McCarthy, Alaska', 'timestamp': datetime.datetime(2025, 10, 1, 23, 58, 41, 939664)}
2025-10-01 18:58:42 | INFO | New quake: {'lon': -148.7602, 'lat': 63.0041, 'mag': 2.4, 'place': '44 km SSE of Cantwell, Alaska', 'timestamp': datetime.datetime(2025, 10, 1, 23, 58, 42, 88286)}
2025-10-01 18:58:42 | INFO | New quake: {'lon': -151.1303, 'lat': 62.7336, 'mag': 1.2, 'place': '32 km NW of Petersville, Alaska', 'timestamp': datetime.datetime(2025, 10, 1, 23, 58, 42, 233015)}
2025-10-01 18:58:42 | INFO | New quake: {'lon': -116.8296667, 'lat': 33.9491667, 'mag': 1.24, 'place': '5 km ENE of Banning, CA', 'timestamp': datetime.datetime(2025, 10, 1, 23, 58, 42, 375851)}
2025-10-01 18:58:42 | INFO | New quake: {'lon': 139.5746, 'lat': 28.4417, 'mag': 4.2, 'place': 'Bonin Islands, Japan region', 'timestamp': datetime.datetime(2025, 10, 1, 23, 58, 42, 518395)}
2025-10-01 18:59:08 | WARNING | Consumer interrupted.
2025-10-01 18:59:08 | INFO | Consumer closed.
2025-10-01 19:01:25 | WARNING | Producer interrupted by user.
2025-10-01 19:01:25 | INFO | Kafka producer closed.
2025-10-01 19:01:25 | INFO | Producer shutting down.
2025-10-01 19:01:33 | INFO | Logging to file: logs/project_log.log
2025-10-01 19:01:33 | INFO | Log sanitization enabled, personal info removed
2025-10-01 19:01:36 | INFO | START earthquake consumer
2025-10-01 19:01:36 | INFO | Kafka broker address: localhost:9092
2025-10-01 19:01:36 | INFO | Creating Kafka consumer. Topic='project_json' and group ID='buzz_group'.
2025-10-01 19:01:36 | INFO | Kafka consumer created successfully.
2025-10-01 19:01:36 | INFO | Consuming from topic 'project_json' in group 'buzz_group'...
2025-10-01 19:01:44 | INFO | Logging to file: logs/project_log.log
2025-10-01 19:01:44 | INFO | Log sanitization enabled, personal info removed
2025-10-01 19:01:44 | INFO | START earthquake producer...
2025-10-01 19:01:44 | INFO | Kafka producer connected to localhost:9092
2025-10-01 19:01:44 | INFO | {'id': 'ci41101551', 'place': '3 km WNW of Granada Hills, CA', 'mag': 1.39, 'time': '2025-10-01 23:54:34', 'url': 'https://earthquake.usgs.gov/earthquakes/eventpage/ci41101551', 'coordinates': [-118.5288333, 34.2826667, 6.81]}
2025-10-01 19:01:44 | INFO | Sent message to Kafka topic 'project_json': {'id': 'ci41101551', 'place': '3 km WNW of Granada Hills, CA', 'mag': 1.39, 'time': '2025-10-01 23:54:34', 'url': 'https://earthquake.usgs.gov/earthquakes/eventpage/ci41101551', 'coordinates': [-118.5288333, 34.2826667, 6.81]}
2025-10-01 19:01:44 | INFO | {'id': 'nn00905288', 'place': '20 km NW of Stagecoach, Nevada', 'mag': 1.8, 'time': '2025-10-01 23:46:41', 'url': 'https://earthquake.usgs.gov/earthquakes/eventpage/nn00905288', 'coordinates': [-119.5119, 39.5241, 0.3]}
2025-10-01 19:01:44 | INFO | New quake: {'lon': -118.5288333, 'lat': 34.2826667, 'mag': 1.39, 'place': '3 km WNW of Granada Hills, CA', 'timestamp': datetime.datetime(2025, 10, 2, 0, 1, 44, 815348)}
2025-10-01 19:01:44 | INFO | Sent message to Kafka topic 'project_json': {'id': 'nn00905288', 'place': '20 km NW of Stagecoach, Nevada', 'mag': 1.8, 'time': '2025-10-01 23:46:41', 'url': 'https://earthquake.usgs.gov/earthquakes/eventpage/nn00905288', 'coordinates': [-119.5119, 39.5241, 0.3]}
2025-10-01 19:01:44 | INFO | {'id': 'ak025clj5569', 'place': '108 km S of McCarthy, Alaska', 'mag': 0.8, 'time': '2025-10-01 23:33:04', 'url': 'https://earthquake.usgs.gov/earthquakes/eventpage/ak025clj5569', 'coordinates': [-142.8987, 60.4578, 6.5]}
2025-10-01 19:01:44 | INFO | Sent message to Kafka topic 'project_json': {'id': 'ak025clj5569', 'place': '108 km S of McCarthy, Alaska', 'mag': 0.8, 'time': '2025-10-01 23:33:04', 'url': 'https://earthquake.usgs.gov/earthquakes/eventpage/ak025clj5569', 'coordinates': [-142.8987, 60.4578, 6.5]}
2025-10-01 19:01:44 | INFO | {'id': 'ak025clj0wjt', 'place': '44 km SSE of Cantwell, Alaska', 'mag': 2.4, 'time': '2025-10-01 23:13:26', 'url': 'https://earthquake.usgs.gov/earthquakes/eventpage/ak025clj0wjt', 'coordinates': [-148.7602, 63.0041, 57.3]}
2025-10-01 19:01:44 | INFO | Sent message to Kafka topic 'project_json': {'id': 'ak025clj0wjt', 'place': '44 km SSE of Cantwell, Alaska', 'mag': 2.4, 'time': '2025-10-01 23:13:26', 'url': 'https://earthquake.usgs.gov/earthquakes/eventpage/ak025clj0wjt', 'coordinates': [-148.7602, 63.0041, 57.3]}
2025-10-01 19:01:44 | INFO | {'id': 'ak025clizwfi', 'place': '32 km NW of Petersville, Alaska', 'mag': 1.2, 'time': '2025-10-01 23:08:58', 'url': 'https://earthquake.usgs.gov/earthquakes/eventpage/ak025clizwfi', 'coordinates': [-151.1303, 62.7336, 101.9]}
2025-10-01 19:01:44 | INFO | Sent message to Kafka topic 'project_json': {'id': 'ak025clizwfi', 'place': '32 km NW of Petersville, Alaska', 'mag': 1.2, 'time': '2025-10-01 23:08:58', 'url': 'https://earthquake.usgs.gov/earthquakes/eventpage/ak025clizwfi', 'coordinates': [-151.1303, 62.7336, 101.9]}
2025-10-01 19:01:44 | INFO | {'id': 'ci41101543', 'place': '5 km ENE of Banning, CA', 'mag': 1.24, 'time': '2025-10-01 23:08:01', 'url': 'https://earthquake.usgs.gov/earthquakes/eventpage/ci41101543', 'coordinates': [-116.8296667, 33.9491667, 18.14]}
2025-10-01 19:01:44 | INFO | Sent message to Kafka topic 'project_json': {'id': 'ci41101543', 'place': '5 km ENE of Banning, CA', 'mag': 1.24, 'time': '2025-10-01 23:08:01', 'url': 'https://earthquake.usgs.gov/earthquakes/eventpage/ci41101543', 'coordinates': [-116.8296667, 33.9491667, 18.14]}
2025-10-01 19:01:44 | INFO | {'id': 'us6000re43', 'place': 'Bonin Islands, Japan region', 'mag': 4.2, 'time': '2025-10-01 23:02:50', 'url': 'https://earthquake.usgs.gov/earthquakes/eventpage/us6000re43', 'coordinates': [139.5746, 28.4417, 421.007]}
2025-10-01 19:01:44 | INFO | Sent message to Kafka topic 'project_json': {'id': 'us6000re43', 'place': 'Bonin Islands, Japan region', 'mag': 4.2, 'time': '2025-10-01 23:02:50', 'url': 'https://earthquake.usgs.gov/earthquakes/eventpage/us6000re43', 'coordinates': [139.5746, 28.4417, 421.007]}
2025-10-01 19:01:46 | INFO | New quake: {'lon': -119.5119, 'lat': 39.5241, 'mag': 1.8, 'place': '20 km NW of Stagecoach, Nevada', 'timestamp': datetime.datetime(2025, 10, 2, 0, 1, 46, 298312)}
2025-10-01 19:01:46 | INFO | New quake: {'lon': -142.8987, 'lat': 60.4578, 'mag': 0.8, 'place': '108 km S of McCarthy, Alaska', 'timestamp': datetime.datetime(2025, 10, 2, 0, 1, 46, 559815)}
2025-10-01 19:01:46 | INFO | New quake: {'lon': -148.7602, 'lat': 63.0041, 'mag': 2.4, 'place': '44 km SSE of Cantwell, Alaska', 'timestamp': datetime.datetime(2025, 10, 2, 0, 1, 46, 718405)}
2025-10-01 19:01:46 | INFO | New quake: {'lon': -151.1303, 'lat': 62.7336, 'mag': 1.2, 'place': '32 km NW of Petersville, Alaska', 'timestamp': datetime.datetime(2025, 10, 2, 0, 1, 46, 886935)}
2025-10-01 19:01:47 | INFO | New quake: {'lon': -116.8296667, 'lat': 33.9491667, 'mag': 1.24, 'place': '5 km ENE of Banning, CA', 'timestamp': datetime.datetime(2025, 10, 2, 0, 1, 47, 34008)}
2025-10-01 19:01:47 | INFO | New quake: {'lon': 139.5746, 'lat': 28.4417, 'mag': 4.2, 'place': 'Bonin Islands, Japan region', 'timestamp': datetime.datetime(2025, 10, 2, 0, 1, 47, 174500)}
2025-10-01 19:02:05 | WARNING | Consumer interrupted.
2025-10-01 19:02:05 | INFO | Consumer closed.
2025-10-01 19:02:43 | INFO | Logging to file: logs/project_log.log
2025-10-01 19:02:43 | INFO | Log sanitization enabled, personal info removed
2025-10-01 19:02:46 | INFO | START earthquake consumer
2025-10-01 19:02:46 | INFO | Kafka broker address: localhost:9092
2025-10-01 19:02:46 | INFO | Creating Kafka consumer. Topic='project_json' and group ID='buzz_group'.
2025-10-01 19:02:46 | INFO | Kafka consumer created successfully.
2025-10-01 19:02:46 | INFO | Consuming from topic 'project_json' in group 'buzz_group'...
2025-10-01 19:02:49 | WARNING | Producer interrupted by user.
2025-10-01 19:02:49 | INFO | Kafka producer closed.
2025-10-01 19:02:49 | INFO | Producer shutting down.
2025-10-01 19:02:54 | INFO | Logging to file: logs/project_log.log
2025-10-01 19:02:54 | INFO | Log sanitization enabled, personal info removed
2025-10-01 19:02:54 | INFO | START earthquake producer...
2025-10-01 19:02:54 | INFO | Kafka producer connected to localhost:9092
2025-10-01 19:02:54 | INFO | {'id': 'ci41101551', 'place': '3 km WNW of Granada Hills, CA', 'mag': 1.39, 'time': '2025-10-01 23:54:34', 'url': 'https://earthquake.usgs.gov/earthquakes/eventpage/ci41101551', 'coordinates': [-118.5288333, 34.2826667, 6.81]}
2025-10-01 19:02:54 | INFO | Sent message to Kafka topic 'project_json': {'id': 'ci41101551', 'place': '3 km WNW of Granada Hills, CA', 'mag': 1.39, 'time': '2025-10-01 23:54:34', 'url': 'https://earthquake.usgs.gov/earthquakes/eventpage/ci41101551', 'coordinates': [-118.5288333, 34.2826667, 6.81]}
2025-10-01 19:02:54 | INFO | {'id': 'nn00905288', 'place': '20 km NW of Stagecoach, Nevada', 'mag': 1.8, 'time': '2025-10-01 23:46:41', 'url': 'https://earthquake.usgs.gov/earthquakes/eventpage/nn00905288', 'coordinates': [-119.5119, 39.5241, 0.3]}
2025-10-01 19:02:54 | INFO | New quake: {'lon': -118.5288333, 'lat': 34.2826667, 'mag': 1.39, 'place': '3 km WNW of Granada Hills, CA', 'timestamp': datetime.datetime(2025, 10, 2, 0, 2, 54, 958310)}
2025-10-01 19:02:54 | INFO | Sent message to Kafka topic 'project_json': {'id': 'nn00905288', 'place': '20 km NW of Stagecoach, Nevada', 'mag': 1.8, 'time': '2025-10-01 23:46:41', 'url': 'https://earthquake.usgs.gov/earthquakes/eventpage/nn00905288', 'coordinates': [-119.5119, 39.5241, 0.3]}
2025-10-01 19:02:54 | INFO | {'id': 'ak025clj5569', 'place': '108 km S of McCarthy, Alaska', 'mag': 0.8, 'time': '2025-10-01 23:33:04', 'url': 'https://earthquake.usgs.gov/earthquakes/eventpage/ak025clj5569', 'coordinates': [-142.8987, 60.4578, 6.5]}
2025-10-01 19:02:54 | INFO | Sent message to Kafka topic 'project_json': {'id': 'ak025clj5569', 'place': '108 km S of McCarthy, Alaska', 'mag': 0.8, 'time': '2025-10-01 23:33:04', 'url': 'https://earthquake.usgs.gov/earthquakes/eventpage/ak025clj5569', 'coordinates': [-142.8987, 60.4578, 6.5]}
2025-10-01 19:02:54 | INFO | {'id': 'ak025clj0wjt', 'place': '44 km SSE of Cantwell, Alaska', 'mag': 2.4, 'time': '2025-10-01 23:13:26', 'url': 'https://earthquake.usgs.gov/earthquakes/eventpage/ak025clj0wjt', 'coordinates': [-148.7602, 63.0041, 57.3]}
2025-10-01 19:02:54 | INFO | Sent message to Kafka topic 'project_json': {'id': 'ak025clj0wjt', 'place': '44 km SSE of Cantwell, Alaska', 'mag': 2.4, 'time': '2025-10-01 23:13:26', 'url': 'https://earthquake.usgs.gov/earthquakes/eventpage/ak025clj0wjt', 'coordinates': [-148.7602, 63.0041, 57.3]}
2025-10-01 19:02:54 | INFO | {'id': 'ak025clizwfi', 'place': '32 km NW of Petersville, Alaska', 'mag': 1.2, 'time': '2025-10-01 23:08:58', 'url': 'https://earthquake.usgs.gov/earthquakes/eventpage/ak025clizwfi', 'coordinates': [-151.1303, 62.7336, 101.9]}
2025-10-01 19:02:55 | INFO | Sent message to Kafka topic 'project_json': {'id': 'ak025clizwfi', 'place': '32 km NW of Petersville, Alaska', 'mag': 1.2, 'time': '2025-10-01 23:08:58', 'url': 'https://earthquake.usgs.gov/earthquakes/eventpage/ak025clizwfi', 'coordinates': [-151.1303, 62.7336, 101.9]}
2025-10-01 19:02:55 | INFO | {'id': 'ci41101543', 'place': '5 km ENE of Banning, CA', 'mag': 1.24, 'time': '2025-10-01 23:08:01', 'url': 'https://earthquake.usgs.gov/earthquakes/eventpage/ci41101543', 'coordinates': [-116.8296667, 33.9491667, 18.14]}
2025-10-01 19:02:55 | INFO | Sent message to Kafka topic 'project_json': {'id': 'ci41101543', 'place': '5 km ENE of Banning, CA', 'mag': 1.24, 'time': '2025-10-01 23:08:01', 'url': 'https://earthquake.usgs.gov/earthquakes/eventpage/ci41101543', 'coordinates': [-116.8296667, 33.9491667, 18.14]}
2025-10-01 19:02:55 | INFO | {'id': 'us6000re43', 'place': 'Bonin Islands, Japan region', 'mag': 4.2, 'time': '2025-10-01 23:02:50', 'url': 'https://earthquake.usgs.gov/earthquakes/eventpage/us6000re43', 'coordinates': [139.5746, 28.4417, 421.007]}
2025-10-01 19:02:55 | INFO | Sent message to Kafka topic 'project_json': {'id': 'us6000re43', 'place': 'Bonin Islands, Japan region', 'mag': 4.2, 'time': '2025-10-01 23:02:50', 'url': 'https://earthquake.usgs.gov/earthquakes/eventpage/us6000re43', 'coordinates': [139.5746, 28.4417, 421.007]}
2025-10-01 19:02:56 | INFO | New quake: {'lon': -119.5119, 'lat': 39.5241, 'mag': 1.8, 'place': '20 km NW of Stagecoach, Nevada', 'timestamp': datetime.datetime(2025, 10, 2, 0, 2, 56, 560784)}
2025-10-01 19:02:56 | INFO | New quake: {'lon': -142.8987, 'lat': 60.4578, 'mag': 0.8, 'place': '108 km S of McCarthy, Alaska', 'timestamp': datetime.datetime(2025, 10, 2, 0, 2, 56, 950657)}
2025-10-01 19:02:57 | INFO | New quake: {'lon': -148.7602, 'lat': 63.0041, 'mag': 2.4, 'place': '44 km SSE of Cantwell, Alaska', 'timestamp': datetime.datetime(2025, 10, 2, 0, 2, 57, 106018)}
2025-10-01 19:02:57 | INFO | New quake: {'lon': -151.1303, 'lat': 62.7336, 'mag': 1.2, 'place': '32 km NW of Petersville, Alaska', 'timestamp': datetime.datetime(2025, 10, 2, 0, 2, 57, 262024)}
2025-10-01 19:02:57 | INFO | New quake: {'lon': -116.8296667, 'lat': 33.9491667, 'mag': 1.24, 'place': '5 km ENE of Banning, CA', 'timestamp': datetime.datetime(2025, 10, 2, 0, 2, 57, 399363)}
2025-10-01 19:02:57 | INFO | New quake: {'lon': 139.5746, 'lat': 28.4417, 'mag': 4.2, 'place': 'Bonin Islands, Japan region', 'timestamp': datetime.datetime(2025, 10, 2, 0, 2, 57, 557589)}
2025-10-01 19:03:48 | WARNING | Consumer interrupted.
2025-10-01 19:03:48 | INFO | Consumer closed.
2025-10-01 19:04:12 | INFO | {'id': 'nc75243686', 'place': '3 km ENE of El Granada, CA', 'mag': 1.66, 'time': '2025-10-02 00:00:59', 'url': 'https://earthquake.usgs.gov/earthquakes/eventpage/nc75243686', 'coordinates': [-122.43399810791, 37.5125007629395, 2.77999997138977]}
2025-10-01 19:04:12 | INFO | Sent message to Kafka topic 'project_json': {'id': 'nc75243686', 'place': '3 km ENE of El Granada, CA', 'mag': 1.66, 'time': '2025-10-02 00:00:59', 'url': 'https://earthquake.usgs.gov/earthquakes/eventpage/nc75243686', 'coordinates': [-122.43399810791, 37.5125007629395, 2.77999997138977]}
2025-10-01 19:05:10 | INFO | {'id': 'ak025cmst4gf', 'place': '29 km NNE of Paxson, Alaska', 'mag': 2.3, 'time': '2025-10-02 00:03:19', 'url': 'https://earthquake.usgs.gov/earthquakes/eventpage/ak025cmst4gf', 'coordinates': [-145.4888, 63.3483, 0]}
2025-10-01 19:05:10 | INFO | Sent message to Kafka topic 'project_json': {'id': 'ak025cmst4gf', 'place': '29 km NNE of Paxson, Alaska', 'mag': 2.3, 'time': '2025-10-02 00:03:19', 'url': 'https://earthquake.usgs.gov/earthquakes/eventpage/ak025cmst4gf', 'coordinates': [-145.4888, 63.3483, 0]}
2025-10-01 19:05:37 | INFO | Logging to file: logs/project_log.log
2025-10-01 19:05:37 | INFO | Log sanitization enabled, personal info removed
2025-10-01 19:05:40 | INFO | START earthquake consumer
2025-10-01 19:05:40 | INFO | Kafka broker address: localhost:9092
2025-10-01 19:05:40 | INFO | Creating Kafka consumer. Topic='project_json' and group ID='buzz_group'.
2025-10-01 19:05:40 | INFO | Kafka consumer created successfully.
2025-10-01 19:05:40 | INFO | Consuming from topic 'project_json' in group 'buzz_group'...
2025-10-01 19:05:43 | INFO | New quake: {'lon': -122.43399810791, 'lat': 37.5125007629395, 'mag': 1.66, 'place': '3 km ENE of El Granada, CA', 'timestamp': datetime.datetime(2025, 10, 2, 0, 5, 43, 542326)}
2025-10-01 19:05:44 | INFO | New quake: {'lon': -145.4888, 'lat': 63.3483, 'mag': 2.3, 'place': '29 km NNE of Paxson, Alaska', 'timestamp': datetime.datetime(2025, 10, 2, 0, 5, 44, 868317)}
2025-10-01 19:06:12 | INFO | {'id': 'ci41101567', 'place': '2 km NNE of Calimesa, CA', 'mag': 1.32, 'time': '2025-10-02 00:02:59', 'url': 'https://earthquake.usgs.gov/earthquakes/eventpage/ci41101567', 'coordinates': [-117.0439987, 34.0073318, 12.74]}
2025-10-01 19:06:12 | INFO | Sent message to Kafka topic 'project_json': {'id': 'ci41101567', 'place': '2 km NNE of Calimesa, CA', 'mag': 1.32, 'time': '2025-10-02 00:02:59', 'url': 'https://earthquake.usgs.gov/earthquakes/eventpage/ci41101567', 'coordinates': [-117.0439987, 34.0073318, 12.74]}
2025-10-01 19:06:12 | INFO | New quake: {'lon': -117.0439987, 'lat': 34.0073318, 'mag': 1.32, 'place': '2 km NNE of Calimesa, CA', 'timestamp': datetime.datetime(2025, 10, 2, 0, 6, 12, 589332)}
2025-10-01 19:07:03 | WARNING | Consumer interrupted.
2025-10-01 19:07:03 | INFO | Consumer closed.
2025-10-01 19:07:14 | INFO | {'id': 'nc75243691', 'place': '9 km NW of The Geysers, CA', 'mag': 0.98, 'time': '2025-10-02 00:04:50', 'url': 'https://earthquake.usgs.gov/earthquakes/eventpage/nc75243691', 'coordinates': [-122.840667724609, 38.8240013122559, 1.04999995231628]}
2025-10-01 19:07:15 | INFO | Sent message to Kafka topic 'project_json': {'id': 'nc75243691', 'place': '9 km NW of The Geysers, CA', 'mag': 0.98, 'time': '2025-10-02 00:04:50', 'url': 'https://earthquake.usgs.gov/earthquakes/eventpage/nc75243691', 'coordinates': [-122.840667724609, 38.8240013122559, 1.04999995231628]}
2025-10-01 19:07:27 | INFO | Logging to file: logs/project_log.log
2025-10-01 19:07:27 | INFO | Log sanitization enabled, personal info removed
2025-10-01 19:07:30 | INFO | START earthquake consumer
2025-10-01 19:07:30 | INFO | Kafka broker address: localhost:9092
2025-10-01 19:07:30 | INFO | Creating Kafka consumer. Topic='project_json' and group ID='buzz_group'.
2025-10-01 19:07:30 | INFO | Kafka consumer created successfully.
2025-10-01 19:07:30 | INFO | Consuming from topic 'project_json' in group 'buzz_group'...
2025-10-01 19:07:34 | INFO | New quake: {'lon': -122.840667724609, 'lat': 38.8240013122559, 'mag': 0.98, 'place': '9 km NW of The Geysers, CA', 'timestamp': datetime.datetime(2025, 10, 2, 0, 7, 34, 170344)}
2025-10-01 19:09:50 | WARNING | Consumer interrupted.
2025-10-01 19:09:50 | INFO | Consumer closed.
2025-10-01 19:10:09 | INFO | Logging to file: logs/project_log.log
2025-10-01 19:10:09 | INFO | Log sanitization enabled, personal info removed
2025-10-01 19:10:11 | INFO | START earthquake consumer
2025-10-01 19:10:11 | INFO | Kafka broker address: localhost:9092
2025-10-01 19:10:11 | INFO | Creating Kafka consumer. Topic='project_json' and group ID='buzz_group'.
2025-10-01 19:10:11 | INFO | Kafka consumer created successfully.
2025-10-01 19:10:11 | INFO | Consuming from topic 'project_json' in group 'buzz_group'...
2025-10-01 19:10:43 | WARNING | Producer interrupted by user.
2025-10-01 19:10:43 | INFO | Kafka producer closed.
2025-10-01 19:10:43 | INFO | Producer shutting down.
2025-10-01 19:11:24 | INFO | Logging to file: logs/project_log.log
2025-10-01 19:11:24 | INFO | Log sanitization enabled, personal info removed
2025-10-01 19:11:24 | INFO | START earthquake producer...
2025-10-01 19:11:24 | INFO | Kafka producer connected to localhost:9092
2025-10-01 19:11:24 | INFO | {'id': 'nc75243691', 'place': '9 km NW of The Geysers, CA', 'mag': 0.98, 'time': '2025-10-02 00:04:50', 'url': 'https://earthquake.usgs.gov/earthquakes/eventpage/nc75243691', 'coordinates': [-122.840667724609, 38.8240013122559, 1.04999995231628]}
2025-10-01 19:11:24 | INFO | Sent message to Kafka topic 'project_json': {'id': 'nc75243691', 'place': '9 km NW of The Geysers, CA', 'mag': 0.98, 'time': '2025-10-02 00:04:50', 'url': 'https://earthquake.usgs.gov/earthquakes/eventpage/nc75243691', 'coordinates': [-122.840667724609, 38.8240013122559, 1.04999995231628]}
2025-10-01 19:11:24 | INFO | {'id': 'ak025cmst4gf', 'place': '29 km NNE of Paxson, Alaska', 'mag': 2.2, 'time': '2025-10-02 00:03:19', 'url': 'https://earthquake.usgs.gov/earthquakes/eventpage/ak025cmst4gf', 'coordinates': [-145.4901, 63.351, 0]}
2025-10-01 19:11:24 | INFO | Sent message to Kafka topic 'project_json': {'id': 'ak025cmst4gf', 'place': '29 km NNE of Paxson, Alaska', 'mag': 2.2, 'time': '2025-10-02 00:03:19', 'url': 'https://earthquake.usgs.gov/earthquakes/eventpage/ak025cmst4gf', 'coordinates': [-145.4901, 63.351, 0]}
2025-10-01 19:11:24 | INFO | New quake: {'lon': -122.840667724609, 'lat': 38.8240013122559, 'mag': 0.98, 'place': '9 km NW of The Geysers, CA', 'timestamp': datetime.datetime(2025, 10, 2, 0, 11, 24, 726008)}
2025-10-01 19:11:24 | INFO | {'id': 'ci41101567', 'place': '2 km NNE of Calimesa, CA', 'mag': 1.35, 'time': '2025-10-02 00:02:59', 'url': 'https://earthquake.usgs.gov/earthquakes/eventpage/ci41101567', 'coordinates': [-117.0405, 34.0041667, 12.52]}
2025-10-01 19:11:24 | INFO | Sent message to Kafka topic 'project_json': {'id': 'ci41101567', 'place': '2 km NNE of Calimesa, CA', 'mag': 1.35, 'time': '2025-10-02 00:02:59', 'url': 'https://earthquake.usgs.gov/earthquakes/eventpage/ci41101567', 'coordinates': [-117.0405, 34.0041667, 12.52]}
2025-10-01 19:11:24 | INFO | {'id': 'nc75243686', 'place': '3 km ENE of El Granada, CA', 'mag': 1.66, 'time': '2025-10-02 00:00:59', 'url': 'https://earthquake.usgs.gov/earthquakes/eventpage/nc75243686', 'coordinates': [-122.43399810791, 37.5125007629395, 2.77999997138977]}
2025-10-01 19:11:26 | INFO | New quake: {'lon': -145.4901, 'lat': 63.351, 'mag': 2.2, 'place': '29 km NNE of Paxson, Alaska', 'timestamp': datetime.datetime(2025, 10, 2, 0, 11, 26, 177362)}
