2025-10-01 19:11:26 | INFO | New quake: {'lon': -117.0405, 'lat': 34.0041667, 'mag': 1.35, 'place': '2 km NNE of Calimesa, CA', 'timestamp': datetime.datetime(2025, 10, 2, 0, 11, 26, 578136)}
2025-10-01 19:11:26 | INFO | New quake: {'lon': -122.43399810791, 'lat': 37.5125007629395, 'mag': 1.66, 'place': '3 km ENE of El Granada, CA', 'timestamp': datetime.datetime(2025, 10, 2, 0, 11, 26, 759760)}
2025-10-01 19:11:26 | INFO | New quake: {'lon': -118.5288333, 'lat': 34.2826667, 'mag': 1.39, 'place': '3 km WNW of Granada Hills, CA', 'timestamp': datetime.datetime(2025, 10, 2, 0, 11, 26, 926471)}
2025-10-01 19:11:27 | INFO | New quake: {'lon': -142.8987, 'lat': 60.4578, 'mag': 0.8, 'place': '108 km S of McCarthy, Alaska', 'timestamp': datetime.datetime(2025, 10, 2, 0, 11, 27, 65039)}
2025-10-01 19:11:27 | INFO | New quake: {'lon': -148.7602, 'lat': 63.0041, 'mag': 2.4, 'place': '44 km SSE of Cantwell, Alaska', 'timestamp': datetime.datetime(2025, 10, 2, 0, 11, 27, 225314)}
2025-10-01 19:15:56 | WARNING | Consumer interrupted.
2025-10-01 19:15:56 | INFO | Consumer closed.
2025-10-01 19:16:26 | INFO | Logging to file: logs/project_log.log
2025-10-01 19:16:26 | INFO | Log sanitization enabled, personal info removed
2025-10-01 19:16:28 | INFO | START earthquake consumer
2025-10-01 19:16:28 | INFO | Kafka broker address: localhost:9092
2025-10-01 19:16:28 | INFO | Creating Kafka consumer. Topic='project_json' and group ID='buzz_group'.
2025-10-01 19:16:28 | INFO | Kafka consumer created successfully.
2025-10-01 19:16:28 | INFO | Consuming from topic 'project_json' in group 'buzz_group'...
2025-10-01 19:16:49 | INFO | Logging to file: logs/project_log.log
2025-10-01 19:16:49 | INFO | Log sanitization enabled, personal info removed
2025-10-01 19:16:49 | INFO | START earthquake producer...
2025-10-01 19:16:49 | INFO | Kafka producer connected to localhost:9092
2025-10-01 19:16:49 | INFO | {'id': 'nc75243691', 'place': '9 km NW of The Geysers, CA', 'mag': 0.98, 'time': '2025-10-02 00:04:50', 'url': 'https://earthquake.usgs.gov/earthquakes/eventpage/nc75243691', 'coordinates': [-122.840667724609, 38.8240013122559, 1.04999995231628]}
2025-10-01 19:16:49 | INFO | Sent message to Kafka topic 'project_json': {'id': 'nc75243691', 'place': '9 km NW of The Geysers, CA', 'mag': 0.98, 'time': '2025-10-02 00:04:50', 'url': 'https://earthquake.usgs.gov/earthquakes/eventpage/nc75243691', 'coordinates': [-122.840667724609, 38.8240013122559, 1.04999995231628]}
2025-10-01 19:16:49 | INFO | {'id': 'ak025cmst4gf', 'place': '29 km NNE of Paxson, Alaska', 'mag': 2.2, 'time': '2025-10-02 00:03:19', 'url': 'https://earthquake.usgs.gov/earthquakes/eventpage/ak025cmst4gf', 'coordinates': [-145.4901, 63.351, 0]}
2025-10-01 19:16:49 | INFO | New quake: {'lon': -122.840667724609, 'lat': 38.8240013122559, 'mag': 0.98, 'place': '9 km NW of The Geysers, CA', 'timestamp': datetime.datetime(2025, 10, 2, 0, 16, 49, 737074)}
2025-10-01 19:16:49 | INFO | Sent message to Kafka topic 'project_json': {'id': 'ak025cmst4gf', 'place': '29 km NNE of Paxson, Alaska', 'mag': 2.2, 'time': '2025-10-02 00:03:19', 'url': 'https://earthquake.usgs.gov/earthquakes/eventpage/ak025cmst4gf', 'coordinates': [-145.4901, 63.351, 0]}
2025-10-01 19:16:49 | INFO | {'id': 'ci41101567', 'place': '2 km NNE of Calimesa, CA', 'mag': 1.35, 'time': '2025-10-02 00:02:59', 'url': 'https://earthquake.usgs.gov/earthquakes/eventpage/ci41101567', 'coordinates': [-117.0405, 34.0041667, 12.52]}
2025-10-01 19:16:49 | INFO | Sent message to Kafka topic 'project_json': {'id': 'ci41101567', 'place': '2 km NNE of Calimesa, CA', 'mag': 1.35, 'time': '2025-10-02 00:02:59', 'url': 'https://earthquake.usgs.gov/earthquakes/eventpage/ci41101567', 'coordinates': [-117.0405, 34.0041667, 12.52]}
2025-10-01 19:16:49 | INFO | {'id': 'nc75243686', 'place': '3 km ENE of El Granada, CA', 'mag': 1.66, 'time': '2025-10-02 00:00:59', 'url': 'https://earthquake.usgs.gov/earthquakes/eventpage/nc75243686', 'coordinates': [-122.43399810791, 37.5125007629395, 2.77999997138977]}
2025-10-01 19:16:49 | INFO | Sent message to Kafka topic 'project_json': {'id': 'nc75243686', 'place': '3 km ENE of El Granada, CA', 'mag': 1.66, 'time': '2025-10-02 00:00:59', 'url': 'https://earthquake.usgs.gov/earthquakes/eventpage/nc75243686', 'coordinates': [-122.43399810791, 37.5125007629395, 2.77999997138977]}
2025-10-01 19:16:49 | INFO | {'id': 'ci41101551', 'place': '3 km WNW of Granada Hills, CA', 'mag': 1.39, 'time': '2025-10-01 23:54:34', 'url': 'https://earthquake.usgs.gov/earthquakes/eventpage/ci41101551', 'coordinates': [-118.5288333, 34.2826667, 6.81]}
2025-10-01 19:16:49 | INFO | Sent message to Kafka topic 'project_json': {'id': 'ci41101551', 'place': '3 km WNW of Granada Hills, CA', 'mag': 1.39, 'time': '2025-10-01 23:54:34', 'url': 'https://earthquake.usgs.gov/earthquakes/eventpage/ci41101551', 'coordinates': [-118.5288333, 34.2826667, 6.81]}
2025-10-01 19:16:49 | INFO | {'id': 'ak025clj5569', 'place': '108 km S of McCarthy, Alaska', 'mag': 0.8, 'time': '2025-10-01 23:33:04', 'url': 'https://earthquake.usgs.gov/earthquakes/eventpage/ak025clj5569', 'coordinates': [-142.8987, 60.4578, 6.5]}
2025-10-01 19:16:49 | INFO | Sent message to Kafka topic 'project_json': {'id': 'ak025clj5569', 'place': '108 km S of McCarthy, Alaska', 'mag': 0.8, 'time': '2025-10-01 23:33:04', 'url': 'https://earthquake.usgs.gov/earthquakes/eventpage/ak025clj5569', 'coordinates': [-142.8987, 60.4578, 6.5]}
2025-10-01 19:16:51 | INFO | New quake: {'lon': -145.4901, 'lat': 63.351, 'mag': 2.2, 'place': '29 km NNE of Paxson, Alaska', 'timestamp': datetime.datetime(2025, 10, 2, 0, 16, 51, 169738)}
2025-10-01 19:16:51 | INFO | New quake: {'lon': -117.0405, 'lat': 34.0041667, 'mag': 1.35, 'place': '2 km NNE of Calimesa, CA', 'timestamp': datetime.datetime(2025, 10, 2, 0, 16, 51, 424459)}
2025-10-01 19:16:51 | INFO | New quake: {'lon': -122.43399810791, 'lat': 37.5125007629395, 'mag': 1.66, 'place': '3 km ENE of El Granada, CA', 'timestamp': datetime.datetime(2025, 10, 2, 0, 16, 51, 584105)}
2025-10-01 19:16:53 | INFO | New quake: {'lon': -118.5288333, 'lat': 34.2826667, 'mag': 1.39, 'place': '3 km WNW of Granada Hills, CA', 'timestamp': datetime.datetime(2025, 10, 2, 0, 16, 53, 656154)}
2025-10-01 19:16:55 | INFO | New quake: {'lon': -142.8987, 'lat': 60.4578, 'mag': 0.8, 'place': '108 km S of McCarthy, Alaska', 'timestamp': datetime.datetime(2025, 10, 2, 0, 16, 55, 446735)}
2025-10-01 19:25:17 | WARNING | Consumer interrupted.
2025-10-01 19:25:17 | INFO | Consumer closed.
2025-10-01 19:25:20 | WARNING | Producer interrupted by user.
2025-10-01 19:25:20 | INFO | Kafka producer closed.
2025-10-01 19:25:20 | INFO | Producer shutting down.
2025-10-01 19:35:18 | INFO | Logging to file: logs/project_log.log
2025-10-01 19:35:18 | INFO | Log sanitization enabled, personal info removed
2025-10-01 19:35:21 | INFO | START earthquake consumer
2025-10-01 19:35:21 | INFO | Kafka broker address: localhost:9092
2025-10-01 19:35:21 | INFO | Creating Kafka consumer. Topic='project_json' and group ID='buzz_group'.
2025-10-01 19:35:22 | INFO | Kafka consumer created successfully.
2025-10-01 19:35:22 | INFO | Consuming from topic 'project_json' in group 'buzz_group'...
2025-10-01 19:35:43 | INFO | Logging to file: logs/project_log.log
2025-10-01 19:35:43 | INFO | Log sanitization enabled, personal info removed
2025-10-01 19:35:43 | INFO | START earthquake producer...
2025-10-01 19:35:44 | INFO | Kafka producer connected to localhost:9092
2025-10-01 19:35:44 | INFO | {'id': 'nc75243691', 'place': '9 km NW of The Geysers, CA', 'mag': 0.98, 'time': '2025-10-02 00:04:50', 'url': 'https://earthquake.usgs.gov/earthquakes/eventpage/nc75243691', 'coordinates': [-122.840667724609, 38.8240013122559, 1.04999995231628]}
2025-10-01 19:35:44 | INFO | Sent message to Kafka topic 'project_json': {'id': 'nc75243691', 'place': '9 km NW of The Geysers, CA', 'mag': 0.98, 'time': '2025-10-02 00:04:50', 'url': 'https://earthquake.usgs.gov/earthquakes/eventpage/nc75243691', 'coordinates': [-122.840667724609, 38.8240013122559, 1.04999995231628]}
2025-10-01 19:35:44 | INFO | {'id': 'ak025cmst4gf', 'place': '29 km NNE of Paxson, Alaska', 'mag': 2.2, 'time': '2025-10-02 00:03:19', 'url': 'https://earthquake.usgs.gov/earthquakes/eventpage/ak025cmst4gf', 'coordinates': [-145.4901, 63.351, 0]}
2025-10-01 19:35:44 | INFO | Sent message to Kafka topic 'project_json': {'id': 'ak025cmst4gf', 'place': '29 km NNE of Paxson, Alaska', 'mag': 2.2, 'time': '2025-10-02 00:03:19', 'url': 'https://earthquake.usgs.gov/earthquakes/eventpage/ak025cmst4gf', 'coordinates': [-145.4901, 63.351, 0]}
2025-10-01 19:35:44 | INFO | {'id': 'ci41101567', 'place': '2 km NNE of Calimesa, CA', 'mag': 1.35, 'time': '2025-10-02 00:02:59', 'url': 'https://earthquake.usgs.gov/earthquakes/eventpage/ci41101567', 'coordinates': [-117.0405, 34.0041667, 12.52]}
2025-10-01 19:35:44 | INFO | Sent message to Kafka topic 'project_json': {'id': 'ci41101567', 'place': '2 km NNE of Calimesa, CA', 'mag': 1.35, 'time': '2025-10-02 00:02:59', 'url': 'https://earthquake.usgs.gov/earthquakes/eventpage/ci41101567', 'coordinates': [-117.0405, 34.0041667, 12.52]}
2025-10-01 19:35:44 | INFO | {'id': 'nc75243686', 'place': '3 km ENE of El Granada, CA', 'mag': 1.66, 'time': '2025-10-02 00:00:59', 'url': 'https://earthquake.usgs.gov/earthquakes/eventpage/nc75243686', 'coordinates': [-122.43399810791, 37.5125007629395, 2.77999997138977]}
2025-10-01 19:35:44 | INFO | New quake: {'lon': -122.840667724609, 'lat': 38.8240013122559, 'mag': 0.98, 'place': '9 km NW of The Geysers, CA', 'timestamp': datetime.datetime(2025, 10, 2, 0, 35, 44, 365503)}
2025-10-01 19:35:44 | INFO | Sent message to Kafka topic 'project_json': {'id': 'nc75243686', 'place': '3 km ENE of El Granada, CA', 'mag': 1.66, 'time': '2025-10-02 00:00:59', 'url': 'https://earthquake.usgs.gov/earthquakes/eventpage/nc75243686', 'coordinates': [-122.43399810791, 37.5125007629395, 2.77999997138977]}
2025-10-01 19:35:44 | INFO | {'id': 'ci41101551', 'place': '3 km WNW of Granada Hills, CA', 'mag': 1.39, 'time': '2025-10-01 23:54:34', 'url': 'https://earthquake.usgs.gov/earthquakes/eventpage/ci41101551', 'coordinates': [-118.5288333, 34.2826667, 6.81]}
2025-10-01 19:35:44 | INFO | Sent message to Kafka topic 'project_json': {'id': 'ci41101551', 'place': '3 km WNW of Granada Hills, CA', 'mag': 1.39, 'time': '2025-10-01 23:54:34', 'url': 'https://earthquake.usgs.gov/earthquakes/eventpage/ci41101551', 'coordinates': [-118.5288333, 34.2826667, 6.81]}
2025-10-01 19:35:45 | INFO | New quake: {'lon': -145.4901, 'lat': 63.351, 'mag': 2.2, 'place': '29 km NNE of Paxson, Alaska', 'timestamp': datetime.datetime(2025, 10, 2, 0, 35, 45, 986464)}
2025-10-01 19:35:46 | INFO | New quake: {'lon': -117.0405, 'lat': 34.0041667, 'mag': 1.35, 'place': '2 km NNE of Calimesa, CA', 'timestamp': datetime.datetime(2025, 10, 2, 0, 35, 46, 538162)}
2025-10-01 19:35:46 | INFO | New quake: {'lon': -122.43399810791, 'lat': 37.5125007629395, 'mag': 1.66, 'place': '3 km ENE of El Granada, CA', 'timestamp': datetime.datetime(2025, 10, 2, 0, 35, 46, 676392)}
2025-10-01 19:35:47 | INFO | New quake: {'lon': -118.5288333, 'lat': 34.2826667, 'mag': 1.39, 'place': '3 km WNW of Granada Hills, CA', 'timestamp': datetime.datetime(2025, 10, 2, 0, 35, 47, 713410)}
2025-10-01 19:36:10 | INFO | {'id': 'nc75243701', 'place': '13 km SSW of Lake Pillsbury, CA', 'mag': 1.58, 'time': '2025-10-02 00:34:24', 'url': 'https://earthquake.usgs.gov/earthquakes/eventpage/nc75243701', 'coordinates': [-123, 39.2978324890137, 5.76999998092651]}
2025-10-01 19:36:10 | INFO | Sent message to Kafka topic 'project_json': {'id': 'nc75243701', 'place': '13 km SSW of Lake Pillsbury, CA', 'mag': 1.58, 'time': '2025-10-02 00:34:24', 'url': 'https://earthquake.usgs.gov/earthquakes/eventpage/nc75243701', 'coordinates': [-123, 39.2978324890137, 5.76999998092651]}
2025-10-01 19:36:10 | INFO | New quake: {'lon': -123, 'lat': 39.2978324890137, 'mag': 1.58, 'place': '13 km SSW of Lake Pillsbury, CA', 'timestamp': datetime.datetime(2025, 10, 2, 0, 36, 10, 447460)}
2025-10-01 19:36:19 | WARNING | Consumer interrupted.
2025-10-01 19:36:19 | INFO | Consumer closed.
2025-10-01 19:39:48 | INFO | Logging to file: logs/project_log.log
2025-10-01 19:39:48 | INFO | Log sanitization enabled, personal info removed
2025-10-01 19:39:50 | INFO | START earthquake consumer
2025-10-01 19:39:50 | INFO | Kafka broker address: localhost:9092
2025-10-01 19:39:50 | INFO | Creating Kafka consumer. Topic='project_json' and group ID='buzz_group'.
2025-10-01 19:39:51 | INFO | Kafka consumer created successfully.
2025-10-01 19:39:51 | INFO | Consuming from topic 'project_json' in group 'buzz_group'...
2025-10-01 19:39:57 | WARNING | Producer interrupted by user.
2025-10-01 19:39:57 | INFO | Kafka producer closed.
2025-10-01 19:39:57 | INFO | Producer shutting down.
2025-10-01 19:40:02 | INFO | Logging to file: logs/project_log.log
2025-10-01 19:40:02 | INFO | Log sanitization enabled, personal info removed
2025-10-01 19:40:02 | INFO | START earthquake producer...
2025-10-01 19:40:03 | INFO | Kafka producer connected to localhost:9092
2025-10-01 19:40:03 | INFO | {'id': 'nc75243701', 'place': '13 km SSW of Lake Pillsbury, CA', 'mag': 1.58, 'time': '2025-10-02 00:34:24', 'url': 'https://earthquake.usgs.gov/earthquakes/eventpage/nc75243701', 'coordinates': [-123, 39.2978324890137, 5.76999998092651]}
2025-10-01 19:40:03 | INFO | Sent message to Kafka topic 'project_json': {'id': 'nc75243701', 'place': '13 km SSW of Lake Pillsbury, CA', 'mag': 1.58, 'time': '2025-10-02 00:34:24', 'url': 'https://earthquake.usgs.gov/earthquakes/eventpage/nc75243701', 'coordinates': [-123, 39.2978324890137, 5.76999998092651]}
2025-10-01 19:40:03 | INFO | {'id': 'nc75243691', 'place': '9 km NW of The Geysers, CA', 'mag': 0.98, 'time': '2025-10-02 00:04:50', 'url': 'https://earthquake.usgs.gov/earthquakes/eventpage/nc75243691', 'coordinates': [-122.840667724609, 38.8240013122559, 1.04999995231628]}
2025-10-01 19:40:03 | INFO | Sent message to Kafka topic 'project_json': {'id': 'nc75243691', 'place': '9 km NW of The Geysers, CA', 'mag': 0.98, 'time': '2025-10-02 00:04:50', 'url': 'https://earthquake.usgs.gov/earthquakes/eventpage/nc75243691', 'coordinates': [-122.840667724609, 38.8240013122559, 1.04999995231628]}
2025-10-01 19:40:03 | INFO | New quake: {'lon': -123, 'lat': 39.2978324890137, 'mag': 1.58, 'place': '13 km SSW of Lake Pillsbury, CA', 'timestamp': datetime.datetime(2025, 10, 2, 0, 40, 3, 271955)}
2025-10-01 19:40:03 | INFO | {'id': 'ak025cmst4gf', 'place': '29 km NNE of Paxson, Alaska', 'mag': 2.2, 'time': '2025-10-02 00:03:19', 'url': 'https://earthquake.usgs.gov/earthquakes/eventpage/ak025cmst4gf', 'coordinates': [-145.4901, 63.351, 0]}
2025-10-01 19:40:03 | INFO | Sent message to Kafka topic 'project_json': {'id': 'ak025cmst4gf', 'place': '29 km NNE of Paxson, Alaska', 'mag': 2.2, 'time': '2025-10-02 00:03:19', 'url': 'https://earthquake.usgs.gov/earthquakes/eventpage/ak025cmst4gf', 'coordinates': [-145.4901, 63.351, 0]}
2025-10-01 19:40:03 | INFO | {'id': 'ci41101567', 'place': '2 km NNE of Calimesa, CA', 'mag': 1.35, 'time': '2025-10-02 00:02:59', 'url': 'https://earthquake.usgs.gov/earthquakes/eventpage/ci41101567', 'coordinates': [-117.0405, 34.0041667, 12.52]}
2025-10-01 19:40:03 | INFO | Sent message to Kafka topic 'project_json': {'id': 'ci41101567', 'place': '2 km NNE of Calimesa, CA', 'mag': 1.35, 'time': '2025-10-02 00:02:59', 'url': 'https://earthquake.usgs.gov/earthquakes/eventpage/ci41101567', 'coordinates': [-117.0405, 34.0041667, 12.52]}
2025-10-01 19:40:03 | INFO | {'id': 'nc75243686', 'place': '3 km ENE of El Granada, CA', 'mag': 1.66, 'time': '2025-10-02 00:00:59', 'url': 'https://earthquake.usgs.gov/earthquakes/eventpage/nc75243686', 'coordinates': [-122.43399810791, 37.5125007629395, 2.77999997138977]}
2025-10-01 19:40:03 | INFO | Sent message to Kafka topic 'project_json': {'id': 'nc75243686', 'place': '3 km ENE of El Granada, CA', 'mag': 1.66, 'time': '2025-10-02 00:00:59', 'url': 'https://earthquake.usgs.gov/earthquakes/eventpage/nc75243686', 'coordinates': [-122.43399810791, 37.5125007629395, 2.77999997138977]}
2025-10-01 19:40:03 | INFO | {'id': 'ci41101551', 'place': '3 km WNW of Granada Hills, CA', 'mag': 1.39, 'time': '2025-10-01 23:54:34', 'url': 'https://earthquake.usgs.gov/earthquakes/eventpage/ci41101551', 'coordinates': [-118.5288333, 34.2826667, 6.81]}
2025-10-01 19:40:03 | INFO | Sent message to Kafka topic 'project_json': {'id': 'ci41101551', 'place': '3 km WNW of Granada Hills, CA', 'mag': 1.39, 'time': '2025-10-01 23:54:34', 'url': 'https://earthquake.usgs.gov/earthquakes/eventpage/ci41101551', 'coordinates': [-118.5288333, 34.2826667, 6.81]}
2025-10-01 19:40:04 | INFO | New quake: {'lon': -122.840667724609, 'lat': 38.8240013122559, 'mag': 0.98, 'place': '9 km NW of The Geysers, CA', 'timestamp': datetime.datetime(2025, 10, 2, 0, 40, 4, 897512)}
2025-10-01 19:40:05 | INFO | New quake: {'lon': -145.4901, 'lat': 63.351, 'mag': 2.2, 'place': '29 km NNE of Paxson, Alaska', 'timestamp': datetime.datetime(2025, 10, 2, 0, 40, 5, 184758)}
2025-10-01 19:40:05 | INFO | New quake: {'lon': -117.0405, 'lat': 34.0041667, 'mag': 1.35, 'place': '2 km NNE of Calimesa, CA', 'timestamp': datetime.datetime(2025, 10, 2, 0, 40, 5, 332808)}
2025-10-01 19:40:05 | INFO | New quake: {'lon': -122.43399810791, 'lat': 37.5125007629395, 'mag': 1.66, 'place': '3 km ENE of El Granada, CA', 'timestamp': datetime.datetime(2025, 10, 2, 0, 40, 5, 520382)}
2025-10-01 19:40:05 | INFO | New quake: {'lon': -118.5288333, 'lat': 34.2826667, 'mag': 1.39, 'place': '3 km WNW of Granada Hills, CA', 'timestamp': datetime.datetime(2025, 10, 2, 0, 40, 5, 701179)}
2025-10-01 19:40:13 | INFO | {'id': 'ci41101575', 'place': '11 km NNW of Ocotillo, CA', 'mag': 0.69, 'time': '2025-10-02 00:36:45', 'url': 'https://earthquake.usgs.gov/earthquakes/eventpage/ci41101575', 'coordinates': [-116.0338333, 32.8298333, 7.86]}
2025-10-01 19:40:13 | INFO | Sent message to Kafka topic 'project_json': {'id': 'ci41101575', 'place': '11 km NNW of Ocotillo, CA', 'mag': 0.69, 'time': '2025-10-02 00:36:45', 'url': 'https://earthquake.usgs.gov/earthquakes/eventpage/ci41101575', 'coordinates': [-116.0338333, 32.8298333, 7.86]}
2025-10-01 19:40:13 | INFO | New quake: {'lon': -116.0338333, 'lat': 32.8298333, 'mag': 0.69, 'place': '11 km NNW of Ocotillo, CA', 'timestamp': datetime.datetime(2025, 10, 2, 0, 40, 13, 673422)}
2025-10-01 19:41:09 | WARNING | Consumer interrupted.
2025-10-01 19:41:09 | INFO | Consumer closed.
2025-10-01 19:41:29 | INFO | Logging to file: logs/project_log.log
2025-10-01 19:41:29 | INFO | Log sanitization enabled, personal info removed
2025-10-01 19:41:31 | INFO | START earthquake consumer
2025-10-01 19:41:31 | INFO | Kafka broker address: localhost:9092
2025-10-01 19:41:31 | INFO | Creating Kafka consumer. Topic='project_json' and group ID='buzz_group'.
2025-10-01 19:41:31 | INFO | Kafka consumer created successfully.
2025-10-01 19:41:31 | INFO | Consuming from topic 'project_json' in group 'buzz_group'...
2025-10-01 19:41:34 | WARNING | Producer interrupted by user.
2025-10-01 19:41:34 | INFO | Kafka producer closed.
2025-10-01 19:41:34 | INFO | Producer shutting down.
2025-10-01 19:41:39 | INFO | Logging to file: logs/project_log.log
2025-10-01 19:41:39 | INFO | Log sanitization enabled, personal info removed
2025-10-01 19:41:39 | INFO | START earthquake producer...
2025-10-01 19:41:40 | INFO | Kafka producer connected to localhost:9092
2025-10-01 19:41:40 | INFO | {'id': 'ci41101575', 'place': '11 km NNW of Ocotillo, CA', 'mag': 0.69, 'time': '2025-10-02 00:36:45', 'url': 'https://earthquake.usgs.gov/earthquakes/eventpage/ci41101575', 'coordinates': [-116.0338333, 32.8298333, 7.86]}
2025-10-01 19:41:40 | INFO | Sent message to Kafka topic 'project_json': {'id': 'ci41101575', 'place': '11 km NNW of Ocotillo, CA', 'mag': 0.69, 'time': '2025-10-02 00:36:45', 'url': 'https://earthquake.usgs.gov/earthquakes/eventpage/ci41101575', 'coordinates': [-116.0338333, 32.8298333, 7.86]}
2025-10-01 19:41:40 | INFO | {'id': 'nc75243701', 'place': '13 km SSW of Lake Pillsbury, CA', 'mag': 1.58, 'time': '2025-10-02 00:34:24', 'url': 'https://earthquake.usgs.gov/earthquakes/eventpage/nc75243701', 'coordinates': [-123, 39.2978324890137, 5.76999998092651]}
2025-10-01 19:41:40 | INFO | New quake: {'lon': -116.0338333, 'lat': 32.8298333, 'mag': 0.69, 'place': '11 km NNW of Ocotillo, CA', 'timestamp': datetime.datetime(2025, 10, 2, 0, 41, 40, 299802)}
2025-10-01 19:41:40 | INFO | Sent message to Kafka topic 'project_json': {'id': 'nc75243701', 'place': '13 km SSW of Lake Pillsbury, CA', 'mag': 1.58, 'time': '2025-10-02 00:34:24', 'url': 'https://earthquake.usgs.gov/earthquakes/eventpage/nc75243701', 'coordinates': [-123, 39.2978324890137, 5.76999998092651]}
2025-10-01 19:41:40 | INFO | {'id': 'nc75243691', 'place': '9 km NW of The Geysers, CA', 'mag': 0.98, 'time': '2025-10-02 00:04:50', 'url': 'https://earthquake.usgs.gov/earthquakes/eventpage/nc75243691', 'coordinates': [-122.840667724609, 38.8240013122559, 1.04999995231628]}
2025-10-01 19:41:40 | INFO | Sent message to Kafka topic 'project_json': {'id': 'nc75243691', 'place': '9 km NW of The Geysers, CA', 'mag': 0.98, 'time': '2025-10-02 00:04:50', 'url': 'https://earthquake.usgs.gov/earthquakes/eventpage/nc75243691', 'coordinates': [-122.840667724609, 38.8240013122559, 1.04999995231628]}
2025-10-01 19:41:40 | INFO | {'id': 'ak025cmst4gf', 'place': '29 km NNE of Paxson, Alaska', 'mag': 2.2, 'time': '2025-10-02 00:03:19', 'url': 'https://earthquake.usgs.gov/earthquakes/eventpage/ak025cmst4gf', 'coordinates': [-145.4901, 63.351, 0]}
2025-10-01 19:41:40 | INFO | Sent message to Kafka topic 'project_json': {'id': 'ak025cmst4gf', 'place': '29 km NNE of Paxson, Alaska', 'mag': 2.2, 'time': '2025-10-02 00:03:19', 'url': 'https://earthquake.usgs.gov/earthquakes/eventpage/ak025cmst4gf', 'coordinates': [-145.4901, 63.351, 0]}
2025-10-01 19:41:40 | INFO | {'id': 'ci41101567', 'place': '2 km NNE of Calimesa, CA', 'mag': 1.35, 'time': '2025-10-02 00:02:59', 'url': 'https://earthquake.usgs.gov/earthquakes/eventpage/ci41101567', 'coordinates': [-117.0405, 34.0041667, 12.52]}
2025-10-01 19:41:40 | INFO | Sent message to Kafka topic 'project_json': {'id': 'ci41101567', 'place': '2 km NNE of Calimesa, CA', 'mag': 1.35, 'time': '2025-10-02 00:02:59', 'url': 'https://earthquake.usgs.gov/earthquakes/eventpage/ci41101567', 'coordinates': [-117.0405, 34.0041667, 12.52]}
2025-10-01 19:41:40 | INFO | {'id': 'nc75243686', 'place': '3 km ENE of El Granada, CA', 'mag': 1.66, 'time': '2025-10-02 00:00:59', 'url': 'https://earthquake.usgs.gov/earthquakes/eventpage/nc75243686', 'coordinates': [-122.43399810791, 37.5125007629395, 2.77999997138977]}
2025-10-01 19:41:40 | INFO | Sent message to Kafka topic 'project_json': {'id': 'nc75243686', 'place': '3 km ENE of El Granada, CA', 'mag': 1.66, 'time': '2025-10-02 00:00:59', 'url': 'https://earthquake.usgs.gov/earthquakes/eventpage/nc75243686', 'coordinates': [-122.43399810791, 37.5125007629395, 2.77999997138977]}
2025-10-01 19:41:40 | INFO | {'id': 'ci41101551', 'place': '3 km WNW of Granada Hills, CA', 'mag': 1.39, 'time': '2025-10-01 23:54:34', 'url': 'https://earthquake.usgs.gov/earthquakes/eventpage/ci41101551', 'coordinates': [-118.5288333, 34.2826667, 6.81]}
2025-10-01 19:41:40 | INFO | Sent message to Kafka topic 'project_json': {'id': 'ci41101551', 'place': '3 km WNW of Granada Hills, CA', 'mag': 1.39, 'time': '2025-10-01 23:54:34', 'url': 'https://earthquake.usgs.gov/earthquakes/eventpage/ci41101551', 'coordinates': [-118.5288333, 34.2826667, 6.81]}
2025-10-01 19:41:41 | INFO | New quake: {'lon': -123, 'lat': 39.2978324890137, 'mag': 1.58, 'place': '13 km SSW of Lake Pillsbury, CA', 'timestamp': datetime.datetime(2025, 10, 2, 0, 41, 41, 953936)}
2025-10-01 19:41:42 | INFO | New quake: {'lon': -122.840667724609, 'lat': 38.8240013122559, 'mag': 0.98, 'place': '9 km NW of The Geysers, CA', 'timestamp': datetime.datetime(2025, 10, 2, 0, 41, 42, 280788)}
2025-10-01 19:41:42 | INFO | New quake: {'lon': -145.4901, 'lat': 63.351, 'mag': 2.2, 'place': '29 km NNE of Paxson, Alaska', 'timestamp': datetime.datetime(2025, 10, 2, 0, 41, 42, 435328)}
2025-10-01 19:41:42 | INFO | New quake: {'lon': -117.0405, 'lat': 34.0041667, 'mag': 1.35, 'place': '2 km NNE of Calimesa, CA', 'timestamp': datetime.datetime(2025, 10, 2, 0, 41, 42, 582897)}
2025-10-01 19:41:42 | INFO | New quake: {'lon': -122.43399810791, 'lat': 37.5125007629395, 'mag': 1.66, 'place': '3 km ENE of El Granada, CA', 'timestamp': datetime.datetime(2025, 10, 2, 0, 41, 42, 720083)}
2025-10-01 19:41:42 | INFO | New quake: {'lon': -118.5288333, 'lat': 34.2826667, 'mag': 1.39, 'place': '3 km WNW of Granada Hills, CA', 'timestamp': datetime.datetime(2025, 10, 2, 0, 41, 42, 901400)}
2025-10-01 19:42:02 | WARNING | Consumer interrupted.
2025-10-01 19:42:02 | INFO | Consumer closed.
2025-10-01 19:45:14 | INFO | Logging to file: logs/project_log.log
2025-10-01 19:45:14 | INFO | Log sanitization enabled, personal info removed
2025-10-01 19:48:03 | INFO | Logging to file: logs/project_log.log
2025-10-01 19:48:03 | INFO | Log sanitization enabled, personal info removed
2025-10-01 19:48:05 | INFO | START earthquake consumer
2025-10-01 19:48:05 | INFO | Kafka broker address: localhost:9092
2025-10-01 19:48:05 | INFO | Creating Kafka consumer. Topic='project_json' and group ID='buzz_group'.
2025-10-01 19:48:05 | INFO | Kafka consumer created successfully.
2025-10-01 19:48:05 | INFO | Consuming from topic 'project_json' in group 'buzz_group'...
2025-10-01 19:48:10 | WARNING | Producer interrupted by user.
2025-10-01 19:48:10 | INFO | Kafka producer closed.
2025-10-01 19:48:10 | INFO | Producer shutting down.
2025-10-01 19:48:15 | INFO | Logging to file: logs/project_log.log
2025-10-01 19:48:15 | INFO | Log sanitization enabled, personal info removed
2025-10-01 19:48:16 | INFO | START earthquake producer...
2025-10-01 19:48:16 | INFO | Kafka producer connected to localhost:9092
2025-10-01 19:48:16 | INFO | {'id': 'ci41101575', 'place': '11 km NNW of Ocotillo, CA', 'mag': 0.69, 'time': '2025-10-02 00:36:45', 'url': 'https://earthquake.usgs.gov/earthquakes/eventpage/ci41101575', 'coordinates': [-116.0338333, 32.8298333, 7.86]}
2025-10-01 19:48:16 | INFO | Sent message to Kafka topic 'project_json': {'id': 'ci41101575', 'place': '11 km NNW of Ocotillo, CA', 'mag': 0.69, 'time': '2025-10-02 00:36:45', 'url': 'https://earthquake.usgs.gov/earthquakes/eventpage/ci41101575', 'coordinates': [-116.0338333, 32.8298333, 7.86]}
2025-10-01 19:48:16 | INFO | {'id': 'nc75243701', 'place': '13 km SSW of Lake Pillsbury, CA', 'mag': 1.58, 'time': '2025-10-02 00:34:24', 'url': 'https://earthquake.usgs.gov/earthquakes/eventpage/nc75243701', 'coordinates': [-123, 39.2978324890137, 5.76999998092651]}
2025-10-01 19:48:16 | INFO | New quake: {'lon': -116.0338333, 'lat': 32.8298333, 'mag': 0.69, 'place': '11 km NNW of Ocotillo, CA', 'timestamp': datetime.datetime(2025, 10, 2, 0, 48, 16, 346723)}
2025-10-01 19:48:16 | INFO | Sent message to Kafka topic 'project_json': {'id': 'nc75243701', 'place': '13 km SSW of Lake Pillsbury, CA', 'mag': 1.58, 'time': '2025-10-02 00:34:24', 'url': 'https://earthquake.usgs.gov/earthquakes/eventpage/nc75243701', 'coordinates': [-123, 39.2978324890137, 5.76999998092651]}
2025-10-01 19:48:16 | INFO | {'id': 'nc75243691', 'place': '9 km NW of The Geysers, CA', 'mag': 0.98, 'time': '2025-10-02 00:04:50', 'url': 'https://earthquake.usgs.gov/earthquakes/eventpage/nc75243691', 'coordinates': [-122.840667724609, 38.8240013122559, 1.04999995231628]}
2025-10-01 19:48:16 | INFO | Sent message to Kafka topic 'project_json': {'id': 'nc75243691', 'place': '9 km NW of The Geysers, CA', 'mag': 0.98, 'time': '2025-10-02 00:04:50', 'url': 'https://earthquake.usgs.gov/earthquakes/eventpage/nc75243691', 'coordinates': [-122.840667724609, 38.8240013122559, 1.04999995231628]}
2025-10-01 19:48:16 | INFO | {'id': 'ak025cmst4gf', 'place': '29 km NNE of Paxson, Alaska', 'mag': 2.2, 'time': '2025-10-02 00:03:19', 'url': 'https://earthquake.usgs.gov/earthquakes/eventpage/ak025cmst4gf', 'coordinates': [-145.4901, 63.351, 0]}
2025-10-01 19:48:16 | INFO | Sent message to Kafka topic 'project_json': {'id': 'ak025cmst4gf', 'place': '29 km NNE of Paxson, Alaska', 'mag': 2.2, 'time': '2025-10-02 00:03:19', 'url': 'https://earthquake.usgs.gov/earthquakes/eventpage/ak025cmst4gf', 'coordinates': [-145.4901, 63.351, 0]}
2025-10-01 19:48:16 | INFO | {'id': 'ci41101567', 'place': '2 km NNE of Calimesa, CA', 'mag': 1.35, 'time': '2025-10-02 00:02:59', 'url': 'https://earthquake.usgs.gov/earthquakes/eventpage/ci41101567', 'coordinates': [-117.0405, 34.0041667, 12.52]}
2025-10-01 19:48:16 | INFO | Sent message to Kafka topic 'project_json': {'id': 'ci41101567', 'place': '2 km NNE of Calimesa, CA', 'mag': 1.35, 'time': '2025-10-02 00:02:59', 'url': 'https://earthquake.usgs.gov/earthquakes/eventpage/ci41101567', 'coordinates': [-117.0405, 34.0041667, 12.52]}
2025-10-01 19:48:16 | INFO | {'id': 'nc75243686', 'place': '3 km ENE of El Granada, CA', 'mag': 1.66, 'time': '2025-10-02 00:00:59', 'url': 'https://earthquake.usgs.gov/earthquakes/eventpage/nc75243686', 'coordinates': [-122.43399810791, 37.5125007629395, 2.77999997138977]}
2025-10-01 19:48:16 | INFO | Sent message to Kafka topic 'project_json': {'id': 'nc75243686', 'place': '3 km ENE of El Granada, CA', 'mag': 1.66, 'time': '2025-10-02 00:00:59', 'url': 'https://earthquake.usgs.gov/earthquakes/eventpage/nc75243686', 'coordinates': [-122.43399810791, 37.5125007629395, 2.77999997138977]}
2025-10-01 19:48:16 | INFO | {'id': 'ci41101551', 'place': '3 km WNW of Granada Hills, CA', 'mag': 1.39, 'time': '2025-10-01 23:54:34', 'url': 'https://earthquake.usgs.gov/earthquakes/eventpage/ci41101551', 'coordinates': [-118.5288333, 34.2826667, 6.81]}
2025-10-01 19:48:16 | INFO | Sent message to Kafka topic 'project_json': {'id': 'ci41101551', 'place': '3 km WNW of Granada Hills, CA', 'mag': 1.39, 'time': '2025-10-01 23:54:34', 'url': 'https://earthquake.usgs.gov/earthquakes/eventpage/ci41101551', 'coordinates': [-118.5288333, 34.2826667, 6.81]}
2025-10-01 19:48:17 | INFO | New quake: {'lon': -123, 'lat': 39.2978324890137, 'mag': 1.58, 'place': '13 km SSW of Lake Pillsbury, CA', 'timestamp': datetime.datetime(2025, 10, 2, 0, 48, 17, 887358)}
2025-10-01 19:48:18 | INFO | New quake: {'lon': -122.840667724609, 'lat': 38.8240013122559, 'mag': 0.98, 'place': '9 km NW of The Geysers, CA', 'timestamp': datetime.datetime(2025, 10, 2, 0, 48, 18, 259692)}
2025-10-01 19:48:18 | INFO | New quake: {'lon': -145.4901, 'lat': 63.351, 'mag': 2.2, 'place': '29 km NNE of Paxson, Alaska', 'timestamp': datetime.datetime(2025, 10, 2, 0, 48, 18, 403970)}
2025-10-01 19:48:18 | INFO | New quake: {'lon': -117.0405, 'lat': 34.0041667, 'mag': 1.35, 'place': '2 km NNE of Calimesa, CA', 'timestamp': datetime.datetime(2025, 10, 2, 0, 48, 18, 550183)}
2025-10-01 19:48:18 | INFO | New quake: {'lon': -122.43399810791, 'lat': 37.5125007629395, 'mag': 1.66, 'place': '3 km ENE of El Granada, CA', 'timestamp': datetime.datetime(2025, 10, 2, 0, 48, 18, 702966)}
2025-10-01 19:48:19 | INFO | New quake: {'lon': -118.5288333, 'lat': 34.2826667, 'mag': 1.39, 'place': '3 km WNW of Granada Hills, CA', 'timestamp': datetime.datetime(2025, 10, 2, 0, 48, 19, 144106)}
2025-10-01 19:48:30 | WARNING | Consumer interrupted.
2025-10-01 19:48:30 | INFO | Consumer closed.
2025-10-01 19:49:20 | INFO | Logging to file: logs/project_log.log
2025-10-01 19:49:20 | INFO | Log sanitization enabled, personal info removed
2025-10-01 19:49:22 | INFO | START earthquake consumer
2025-10-01 19:49:22 | INFO | Kafka broker address: localhost:9092
2025-10-01 19:49:22 | INFO | Creating Kafka consumer. Topic='project_json' and group ID='buzz_group'.
2025-10-01 19:49:22 | INFO | Kafka consumer created successfully.
2025-10-01 19:49:22 | INFO | Consuming from topic 'project_json' in group 'buzz_group'...
2025-10-01 19:49:26 | WARNING | Producer interrupted by user.
2025-10-01 19:49:26 | INFO | Kafka producer closed.
2025-10-01 19:49:26 | INFO | Producer shutting down.
2025-10-01 19:49:31 | INFO | Logging to file: logs/project_log.log
2025-10-01 19:49:31 | INFO | Log sanitization enabled, personal info removed
2025-10-01 19:49:31 | INFO | START earthquake producer...
2025-10-01 19:49:31 | INFO | Kafka producer connected to localhost:9092
2025-10-01 19:49:31 | INFO | {'id': 'ci41101575', 'place': '11 km NNW of Ocotillo, CA', 'mag': 0.69, 'time': '2025-10-02 00:36:45', 'url': 'https://earthquake.usgs.gov/earthquakes/eventpage/ci41101575', 'coordinates': [-116.0338333, 32.8298333, 7.86]}
2025-10-01 19:49:31 | INFO | Sent message to Kafka topic 'project_json': {'id': 'ci41101575', 'place': '11 km NNW of Ocotillo, CA', 'mag': 0.69, 'time': '2025-10-02 00:36:45', 'url': 'https://earthquake.usgs.gov/earthquakes/eventpage/ci41101575', 'coordinates': [-116.0338333, 32.8298333, 7.86]}
2025-10-01 19:49:31 | INFO | {'id': 'nc75243701', 'place': '13 km SSW of Lake Pillsbury, CA', 'mag': 1.58, 'time': '2025-10-02 00:34:24', 'url': 'https://earthquake.usgs.gov/earthquakes/eventpage/nc75243701', 'coordinates': [-123, 39.2978324890137, 5.76999998092651]}
2025-10-01 19:49:31 | INFO | Sent message to Kafka topic 'project_json': {'id': 'nc75243701', 'place': '13 km SSW of Lake Pillsbury, CA', 'mag': 1.58, 'time': '2025-10-02 00:34:24', 'url': 'https://earthquake.usgs.gov/earthquakes/eventpage/nc75243701', 'coordinates': [-123, 39.2978324890137, 5.76999998092651]}
2025-10-01 19:49:31 | INFO | {'id': 'nc75243691', 'place': '9 km NW of The Geysers, CA', 'mag': 0.98, 'time': '2025-10-02 00:04:50', 'url': 'https://earthquake.usgs.gov/earthquakes/eventpage/nc75243691', 'coordinates': [-122.840667724609, 38.8240013122559, 1.04999995231628]}
2025-10-01 19:49:31 | INFO | New quake: {'lon': -116.0338333, 'lat': 32.8298333, 'mag': 0.69, 'place': '11 km NNW of Ocotillo, CA', 'timestamp': datetime.datetime(2025, 10, 2, 0, 49, 31, 666266)}
2025-10-01 19:49:31 | INFO | Sent message to Kafka topic 'project_json': {'id': 'nc75243691', 'place': '9 km NW of The Geysers, CA', 'mag': 0.98, 'time': '2025-10-02 00:04:50', 'url': 'https://earthquake.usgs.gov/earthquakes/eventpage/nc75243691', 'coordinates': [-122.840667724609, 38.8240013122559, 1.04999995231628]}
2025-10-01 19:49:31 | INFO | {'id': 'ak025cmst4gf', 'place': '29 km NNE of Paxson, Alaska', 'mag': 2.2, 'time': '2025-10-02 00:03:19', 'url': 'https://earthquake.usgs.gov/earthquakes/eventpage/ak025cmst4gf', 'coordinates': [-145.4901, 63.351, 0]}
2025-10-01 19:49:31 | INFO | Sent message to Kafka topic 'project_json': {'id': 'ak025cmst4gf', 'place': '29 km NNE of Paxson, Alaska', 'mag': 2.2, 'time': '2025-10-02 00:03:19', 'url': 'https://earthquake.usgs.gov/earthquakes/eventpage/ak025cmst4gf', 'coordinates': [-145.4901, 63.351, 0]}
2025-10-01 19:49:31 | INFO | {'id': 'ci41101567', 'place': '2 km NNE of Calimesa, CA', 'mag': 1.35, 'time': '2025-10-02 00:02:59', 'url': 'https://earthquake.usgs.gov/earthquakes/eventpage/ci41101567', 'coordinates': [-117.0405, 34.0041667, 12.52]}
2025-10-01 19:49:31 | INFO | Sent message to Kafka topic 'project_json': {'id': 'ci41101567', 'place': '2 km NNE of Calimesa, CA', 'mag': 1.35, 'time': '2025-10-02 00:02:59', 'url': 'https://earthquake.usgs.gov/earthquakes/eventpage/ci41101567', 'coordinates': [-117.0405, 34.0041667, 12.52]}
2025-10-01 19:49:31 | INFO | {'id': 'nc75243686', 'place': '3 km ENE of El Granada, CA', 'mag': 1.66, 'time': '2025-10-02 00:00:59', 'url': 'https://earthquake.usgs.gov/earthquakes/eventpage/nc75243686', 'coordinates': [-122.43399810791, 37.5125007629395, 2.77999997138977]}
2025-10-01 19:49:31 | INFO | Sent message to Kafka topic 'project_json': {'id': 'nc75243686', 'place': '3 km ENE of El Granada, CA', 'mag': 1.66, 'time': '2025-10-02 00:00:59', 'url': 'https://earthquake.usgs.gov/earthquakes/eventpage/nc75243686', 'coordinates': [-122.43399810791, 37.5125007629395, 2.77999997138977]}
2025-10-01 19:49:31 | INFO | {'id': 'ci41101551', 'place': '3 km WNW of Granada Hills, CA', 'mag': 1.39, 'time': '2025-10-01 23:54:34', 'url': 'https://earthquake.usgs.gov/earthquakes/eventpage/ci41101551', 'coordinates': [-118.5288333, 34.2826667, 6.81]}
2025-10-01 19:49:31 | INFO | Sent message to Kafka topic 'project_json': {'id': 'ci41101551', 'place': '3 km WNW of Granada Hills, CA', 'mag': 1.39, 'time': '2025-10-01 23:54:34', 'url': 'https://earthquake.usgs.gov/earthquakes/eventpage/ci41101551', 'coordinates': [-118.5288333, 34.2826667, 6.81]}
2025-10-01 19:49:33 | INFO | New quake: {'lon': -123, 'lat': 39.2978324890137, 'mag': 1.58, 'place': '13 km SSW of Lake Pillsbury, CA', 'timestamp': datetime.datetime(2025, 10, 2, 0, 49, 33, 88480)}
2025-10-01 19:49:33 | INFO | New quake: {'lon': -122.840667724609, 'lat': 38.8240013122559, 'mag': 0.98, 'place': '9 km NW of The Geysers, CA', 'timestamp': datetime.datetime(2025, 10, 2, 0, 49, 33, 720437)}
2025-10-01 19:49:33 | INFO | New quake: {'lon': -145.4901, 'lat': 63.351, 'mag': 2.2, 'place': '29 km NNE of Paxson, Alaska', 'timestamp': datetime.datetime(2025, 10, 2, 0, 49, 33, 923082)}
2025-10-01 19:49:34 | INFO | New quake: {'lon': -117.0405, 'lat': 34.0041667, 'mag': 1.35, 'place': '2 km NNE of Calimesa, CA', 'timestamp': datetime.datetime(2025, 10, 2, 0, 49, 34, 98579)}
2025-10-01 19:49:34 | INFO | New quake: {'lon': -122.43399810791, 'lat': 37.5125007629395, 'mag': 1.66, 'place': '3 km ENE of El Granada, CA', 'timestamp': datetime.datetime(2025, 10, 2, 0, 49, 34, 235167)}
2025-10-01 19:49:34 | INFO | New quake: {'lon': -118.5288333, 'lat': 34.2826667, 'mag': 1.39, 'place': '3 km WNW of Granada Hills, CA', 'timestamp': datetime.datetime(2025, 10, 2, 0, 49, 34, 337422)}
2025-10-01 19:50:33 | WARNING | Consumer interrupted.
2025-10-01 19:50:33 | INFO | Consumer closed.
2025-10-01 19:50:55 | INFO | Logging to file: logs/project_log.log
2025-10-01 19:50:55 | INFO | Log sanitization enabled, personal info removed
2025-10-01 19:50:57 | INFO | START earthquake consumer
2025-10-01 19:50:57 | INFO | Kafka broker address: localhost:9092
2025-10-01 19:50:57 | INFO | Creating Kafka consumer. Topic='project_json' and group ID='buzz_group'.
2025-10-01 19:50:57 | INFO | Kafka consumer created successfully.
2025-10-01 19:50:57 | INFO | Consuming from topic 'project_json' in group 'buzz_group'...
2025-10-01 19:51:01 | WARNING | Producer interrupted by user.
2025-10-01 19:51:01 | INFO | Kafka producer closed.
2025-10-01 19:51:01 | INFO | Producer shutting down.
2025-10-01 19:51:09 | INFO | Logging to file: logs/project_log.log
2025-10-01 19:51:09 | INFO | Log sanitization enabled, personal info removed
2025-10-01 19:51:09 | INFO | START earthquake producer...
2025-10-01 19:51:09 | INFO | Kafka producer connected to localhost:9092
2025-10-01 19:51:09 | INFO | {'id': 'ci41101575', 'place': '11 km NNW of Ocotillo, CA', 'mag': 0.69, 'time': '2025-10-02 00:36:45', 'url': 'https://earthquake.usgs.gov/earthquakes/eventpage/ci41101575', 'coordinates': [-116.0338333, 32.8298333, 7.86]}
2025-10-01 19:51:09 | INFO | Sent message to Kafka topic 'project_json': {'id': 'ci41101575', 'place': '11 km NNW of Ocotillo, CA', 'mag': 0.69, 'time': '2025-10-02 00:36:45', 'url': 'https://earthquake.usgs.gov/earthquakes/eventpage/ci41101575', 'coordinates': [-116.0338333, 32.8298333, 7.86]}
2025-10-01 19:51:09 | INFO | {'id': 'nc75243701', 'place': '13 km SSW of Lake Pillsbury, CA', 'mag': 1.58, 'time': '2025-10-02 00:34:24', 'url': 'https://earthquake.usgs.gov/earthquakes/eventpage/nc75243701', 'coordinates': [-123, 39.2978324890137, 5.76999998092651]}
2025-10-01 19:51:09 | INFO | Sent message to Kafka topic 'project_json': {'id': 'nc75243701', 'place': '13 km SSW of Lake Pillsbury, CA', 'mag': 1.58, 'time': '2025-10-02 00:34:24', 'url': 'https://earthquake.usgs.gov/earthquakes/eventpage/nc75243701', 'coordinates': [-123, 39.2978324890137, 5.76999998092651]}
2025-10-01 19:51:09 | INFO | {'id': 'nc75243691', 'place': '9 km NW of The Geysers, CA', 'mag': 0.98, 'time': '2025-10-02 00:04:50', 'url': 'https://earthquake.usgs.gov/earthquakes/eventpage/nc75243691', 'coordinates': [-122.840667724609, 38.8240013122559, 1.04999995231628]}
2025-10-01 19:51:09 | INFO | New quake: {'lon': -116.0338333, 'lat': 32.8298333, 'mag': 0.69, 'place': '11 km NNW of Ocotillo, CA', 'timestamp': datetime.datetime(2025, 10, 2, 0, 51, 9, 360664)}
2025-10-01 19:51:09 | INFO | Sent message to Kafka topic 'project_json': {'id': 'nc75243691', 'place': '9 km NW of The Geysers, CA', 'mag': 0.98, 'time': '2025-10-02 00:04:50', 'url': 'https://earthquake.usgs.gov/earthquakes/eventpage/nc75243691', 'coordinates': [-122.840667724609, 38.8240013122559, 1.04999995231628]}
2025-10-01 19:51:09 | INFO | {'id': 'ak025cmst4gf', 'place': '29 km NNE of Paxson, Alaska', 'mag': 2.2, 'time': '2025-10-02 00:03:19', 'url': 'https://earthquake.usgs.gov/earthquakes/eventpage/ak025cmst4gf', 'coordinates': [-145.4901, 63.351, 0]}
2025-10-01 19:51:09 | INFO | Sent message to Kafka topic 'project_json': {'id': 'ak025cmst4gf', 'place': '29 km NNE of Paxson, Alaska', 'mag': 2.2, 'time': '2025-10-02 00:03:19', 'url': 'https://earthquake.usgs.gov/earthquakes/eventpage/ak025cmst4gf', 'coordinates': [-145.4901, 63.351, 0]}
2025-10-01 19:51:09 | INFO | {'id': 'ci41101567', 'place': '2 km NNE of Calimesa, CA', 'mag': 1.35, 'time': '2025-10-02 00:02:59', 'url': 'https://earthquake.usgs.gov/earthquakes/eventpage/ci41101567', 'coordinates': [-117.0405, 34.0041667, 12.52]}
2025-10-01 19:51:09 | INFO | Sent message to Kafka topic 'project_json': {'id': 'ci41101567', 'place': '2 km NNE of Calimesa, CA', 'mag': 1.35, 'time': '2025-10-02 00:02:59', 'url': 'https://earthquake.usgs.gov/earthquakes/eventpage/ci41101567', 'coordinates': [-117.0405, 34.0041667, 12.52]}
2025-10-01 19:51:09 | INFO | {'id': 'nc75243686', 'place': '3 km ENE of El Granada, CA', 'mag': 1.66, 'time': '2025-10-02 00:00:59', 'url': 'https://earthquake.usgs.gov/earthquakes/eventpage/nc75243686', 'coordinates': [-122.43399810791, 37.5125007629395, 2.77999997138977]}
2025-10-01 19:51:09 | INFO | Sent message to Kafka topic 'project_json': {'id': 'nc75243686', 'place': '3 km ENE of El Granada, CA', 'mag': 1.66, 'time': '2025-10-02 00:00:59', 'url': 'https://earthquake.usgs.gov/earthquakes/eventpage/nc75243686', 'coordinates': [-122.43399810791, 37.5125007629395, 2.77999997138977]}
2025-10-01 19:51:09 | INFO | {'id': 'ci41101551', 'place': '3 km WNW of Granada Hills, CA', 'mag': 1.39, 'time': '2025-10-01 23:54:34', 'url': 'https://earthquake.usgs.gov/earthquakes/eventpage/ci41101551', 'coordinates': [-118.5288333, 34.2826667, 6.81]}
2025-10-01 19:51:09 | INFO | Sent message to Kafka topic 'project_json': {'id': 'ci41101551', 'place': '3 km WNW of Granada Hills, CA', 'mag': 1.39, 'time': '2025-10-01 23:54:34', 'url': 'https://earthquake.usgs.gov/earthquakes/eventpage/ci41101551', 'coordinates': [-118.5288333, 34.2826667, 6.81]}
2025-10-01 19:51:10 | INFO | New quake: {'lon': -123, 'lat': 39.2978324890137, 'mag': 1.58, 'place': '13 km SSW of Lake Pillsbury, CA', 'timestamp': datetime.datetime(2025, 10, 2, 0, 51, 10, 923028)}
2025-10-01 19:51:11 | INFO | New quake: {'lon': -122.840667724609, 'lat': 38.8240013122559, 'mag': 0.98, 'place': '9 km NW of The Geysers, CA', 'timestamp': datetime.datetime(2025, 10, 2, 0, 51, 11, 268636)}
2025-10-01 19:51:11 | INFO | New quake: {'lon': -145.4901, 'lat': 63.351, 'mag': 2.2, 'place': '29 km NNE of Paxson, Alaska', 'timestamp': datetime.datetime(2025, 10, 2, 0, 51, 11, 435909)}
2025-10-01 19:51:11 | INFO | New quake: {'lon': -117.0405, 'lat': 34.0041667, 'mag': 1.35, 'place': '2 km NNE of Calimesa, CA', 'timestamp': datetime.datetime(2025, 10, 2, 0, 51, 11, 586127)}
2025-10-01 19:51:11 | INFO | New quake: {'lon': -122.43399810791, 'lat': 37.5125007629395, 'mag': 1.66, 'place': '3 km ENE of El Granada, CA', 'timestamp': datetime.datetime(2025, 10, 2, 0, 51, 11, 717063)}
2025-10-01 19:51:11 | INFO | New quake: {'lon': -118.5288333, 'lat': 34.2826667, 'mag': 1.39, 'place': '3 km WNW of Granada Hills, CA', 'timestamp': datetime.datetime(2025, 10, 2, 0, 51, 11, 809724)}
2025-10-01 19:51:40 | WARNING | Consumer interrupted.
2025-10-01 19:51:40 | INFO | Consumer closed.
2025-10-01 19:52:31 | INFO | Logging to file: logs/project_log.log
2025-10-01 19:52:31 | INFO | Log sanitization enabled, personal info removed
2025-10-01 19:52:33 | INFO | START earthquake consumer
2025-10-01 19:52:33 | INFO | Kafka broker address: localhost:9092
2025-10-01 19:52:33 | INFO | Creating Kafka consumer. Topic='project_json' and group ID='buzz_group'.
2025-10-01 19:52:33 | INFO | Kafka consumer created successfully.
2025-10-01 19:52:33 | INFO | Consuming from topic 'project_json' in group 'buzz_group'...
2025-10-01 19:52:39 | WARNING | Producer interrupted by user.
2025-10-01 19:52:39 | INFO | Kafka producer closed.
2025-10-01 19:52:39 | INFO | Producer shutting down.
2025-10-01 19:52:44 | INFO | Logging to file: logs/project_log.log
2025-10-01 19:52:44 | INFO | Log sanitization enabled, personal info removed
2025-10-01 19:52:44 | INFO | START earthquake producer...
2025-10-01 19:52:44 | INFO | Kafka producer connected to localhost:9092
2025-10-01 19:52:44 | INFO | {'id': 'ci41101575', 'place': '11 km NNW of Ocotillo, CA', 'mag': 0.69, 'time': '2025-10-02 00:36:45', 'url': 'https://earthquake.usgs.gov/earthquakes/eventpage/ci41101575', 'coordinates': [-116.0338333, 32.8298333, 7.86]}
2025-10-01 19:52:44 | INFO | Sent message to Kafka topic 'project_json': {'id': 'ci41101575', 'place': '11 km NNW of Ocotillo, CA', 'mag': 0.69, 'time': '2025-10-02 00:36:45', 'url': 'https://earthquake.usgs.gov/earthquakes/eventpage/ci41101575', 'coordinates': [-116.0338333, 32.8298333, 7.86]}
2025-10-01 19:52:44 | INFO | {'id': 'nc75243701', 'place': '13 km SSW of Lake Pillsbury, CA', 'mag': 1.58, 'time': '2025-10-02 00:34:24', 'url': 'https://earthquake.usgs.gov/earthquakes/eventpage/nc75243701', 'coordinates': [-123, 39.2978324890137, 5.76999998092651]}
2025-10-01 19:52:44 | INFO | New quake: {'lon': -116.0338333, 'lat': 32.8298333, 'mag': 0.69, 'place': '11 km NNW of Ocotillo, CA', 'timestamp': datetime.datetime(2025, 10, 2, 0, 52, 44, 926835)}
2025-10-01 19:52:44 | INFO | Sent message to Kafka topic 'project_json': {'id': 'nc75243701', 'place': '13 km SSW of Lake Pillsbury, CA', 'mag': 1.58, 'time': '2025-10-02 00:34:24', 'url': 'https://earthquake.usgs.gov/earthquakes/eventpage/nc75243701', 'coordinates': [-123, 39.2978324890137, 5.76999998092651]}
2025-10-01 19:52:44 | INFO | {'id': 'nc75243691', 'place': '9 km NW of The Geysers, CA', 'mag': 0.98, 'time': '2025-10-02 00:04:50', 'url': 'https://earthquake.usgs.gov/earthquakes/eventpage/nc75243691', 'coordinates': [-122.840667724609, 38.8240013122559, 1.04999995231628]}
2025-10-01 19:52:44 | INFO | Sent message to Kafka topic 'project_json': {'id': 'nc75243691', 'place': '9 km NW of The Geysers, CA', 'mag': 0.98, 'time': '2025-10-02 00:04:50', 'url': 'https://earthquake.usgs.gov/earthquakes/eventpage/nc75243691', 'coordinates': [-122.840667724609, 38.8240013122559, 1.04999995231628]}
2025-10-01 19:52:44 | INFO | {'id': 'ak025cmst4gf', 'place': '29 km NNE of Paxson, Alaska', 'mag': 2.2, 'time': '2025-10-02 00:03:19', 'url': 'https://earthquake.usgs.gov/earthquakes/eventpage/ak025cmst4gf', 'coordinates': [-145.4901, 63.351, 0]}
2025-10-01 19:52:44 | INFO | Sent message to Kafka topic 'project_json': {'id': 'ak025cmst4gf', 'place': '29 km NNE of Paxson, Alaska', 'mag': 2.2, 'time': '2025-10-02 00:03:19', 'url': 'https://earthquake.usgs.gov/earthquakes/eventpage/ak025cmst4gf', 'coordinates': [-145.4901, 63.351, 0]}
2025-10-01 19:52:44 | INFO | {'id': 'ci41101567', 'place': '2 km NNE of Calimesa, CA', 'mag': 1.35, 'time': '2025-10-02 00:02:59', 'url': 'https://earthquake.usgs.gov/earthquakes/eventpage/ci41101567', 'coordinates': [-117.0405, 34.0041667, 12.52]}
2025-10-01 19:52:44 | INFO | Sent message to Kafka topic 'project_json': {'id': 'ci41101567', 'place': '2 km NNE of Calimesa, CA', 'mag': 1.35, 'time': '2025-10-02 00:02:59', 'url': 'https://earthquake.usgs.gov/earthquakes/eventpage/ci41101567', 'coordinates': [-117.0405, 34.0041667, 12.52]}
2025-10-01 19:52:44 | INFO | {'id': 'nc75243686', 'place': '3 km ENE of El Granada, CA', 'mag': 1.66, 'time': '2025-10-02 00:00:59', 'url': 'https://earthquake.usgs.gov/earthquakes/eventpage/nc75243686', 'coordinates': [-122.43399810791, 37.5125007629395, 2.77999997138977]}
2025-10-01 19:52:45 | INFO | Sent message to Kafka topic 'project_json': {'id': 'nc75243686', 'place': '3 km ENE of El Granada, CA', 'mag': 1.66, 'time': '2025-10-02 00:00:59', 'url': 'https://earthquake.usgs.gov/earthquakes/eventpage/nc75243686', 'coordinates': [-122.43399810791, 37.5125007629395, 2.77999997138977]}
2025-10-01 19:52:45 | INFO | {'id': 'ci41101551', 'place': '3 km WNW of Granada Hills, CA', 'mag': 1.39, 'time': '2025-10-01 23:54:34', 'url': 'https://earthquake.usgs.gov/earthquakes/eventpage/ci41101551', 'coordinates': [-118.5288333, 34.2826667, 6.81]}
2025-10-01 19:52:45 | INFO | Sent message to Kafka topic 'project_json': {'id': 'ci41101551', 'place': '3 km WNW of Granada Hills, CA', 'mag': 1.39, 'time': '2025-10-01 23:54:34', 'url': 'https://earthquake.usgs.gov/earthquakes/eventpage/ci41101551', 'coordinates': [-118.5288333, 34.2826667, 6.81]}
2025-10-01 19:52:46 | INFO | New quake: {'lon': -123, 'lat': 39.2978324890137, 'mag': 1.58, 'place': '13 km SSW of Lake Pillsbury, CA', 'timestamp': datetime.datetime(2025, 10, 2, 0, 52, 46, 470258)}
2025-10-01 19:52:46 | INFO | New quake: {'lon': -122.840667724609, 'lat': 38.8240013122559, 'mag': 0.98, 'place': '9 km NW of The Geysers, CA', 'timestamp': datetime.datetime(2025, 10, 2, 0, 52, 46, 874861)}
2025-10-01 19:53:39 | WARNING | Producer interrupted by user.
